200000,21024906,24417,0,2,0,0,0,0.0462,0.0618,0.0637,0.0568,0.0550,0.0693,0.0648,0.0649,0.0694,0.2493,0.2483,0.0651,0.0682,0.0635,0.0683,0.0335,1.3478
400000,39907720,49872,1,4,2,0,11,0.0868,0.1060,0.1086,0.0922,0.0933,0.1087,0.1588,0.1701,0.0993,0.5578,0.5562,0.1616,0.1051,0.1580,0.1126,0.1151,2.7901
[EVENT] Viable replicators have appeared!
600000,57089399,72863,1,3,0,0,0,0.1037,0.2225,0.1220,0.2007,0.2014,0.2289,0.1176,0.2909,0.2195,0.9011,0.9006,0.1198,0.1174,0.2737,0.1184,0.1292,4.2671
800000,73551459,94319,2,4,1,1,5,0.1201,0.1279,0.1327,0.1243,0.3169,0.1372,0.2360,0.1366,0.1322,1.2222,1.2224,0.2480,0.1325,0.1328,0.2436,0.2859,4.9514
1000000,89705785,114972,2,5,1,0,3,0.1257,0.1347,0.1428,0.1302,0.2226,0.1423,0.1866,0.0750,0.0726,0.7841,0.7856,0.1956,0.0714,0.1359,0.0721,0.2366,3.5138
1200000,105207811,133938,2,3,0,0,1,0.1402,0.1530,0.1563,0.3851,0.5574,0.4187,0.1455,0.1572,0.1514,1.8478,1.8550,0.5185,0.2887,0.4038,0.1533,0.2137,7.5454
1400000,119831698,151240,0,2,0,0,0,0.1532,0.1638,0.3200,0.1533,0.1539,0.1650,0.1565,0.3211,0.1608,2.2265,2.2377,0.1591,0.1616,0.5657,0.1608,0.4476,7.7067
[EVENT] Viable replicators have gone extinct. Please reserve a moment of silence.
1600000,134211827,167624,0,2,0,0,0,0.1567,0.3252,0.1696,0.1609,0.1589,0.1686,0.3127,0.1738,0.1643,2.5502,2.5653,0.1709,0.3240,0.7121,0.1663,0.2516,8.5310
1800000,147687196,182648,2,3,2,2,13,0.3234,0.4985,0.3488,0.3289,0.3269,0.3474,0.4819,0.3559,0.1786,2.9310,2.9493,0.3473,0.4984,0.1728,0.1708,0.5174,10.7772
[EVENT] Viable replicators have appeared!
2000000,160537832,195994,6,6,3,3,6,0.5048,0.1797,0.5435,0.5098,0.5075,0.5295,0.1711,0.5480,0.3627,3.4230,3.4471,0.5311,0.6934,0.3491,0.1737,0.8125,13.2864
2200000,172787950,208157,9,6,2,1,10,0.6759,0.1843,0.7283,0.6793,0.1787,0.1881,0.1767,0.7300,0.5434,3.7968,3.8255,0.1839,0.1818,0.1856,0.3527,0.2929,12.9039
2400000,184670219,219777,10,7,2,1,22,0.1852,0.1883,0.1973,0.1812,0.1825,0.3763,0.1834,0.1890,0.1925,4.1200,4.1521,0.3701,0.1864,0.1864,0.1906,0.3049,11.3859
2600000,196745869,230829,14,11,2,2,41,0.1867,0.0968,0.1011,0.1853,0.1835,0.2860,0.1826,0.1930,0.1939,2.2443,2.2629,0.2804,0.0955,0.1885,0.0934,0.1593,6.9333
2800000,207893118,240458,12,11,2,4,119,0.1910,0.1936,0.2083,0.5668,0.5617,0.1992,0.1877,0.5954,0.1925,5.0036,5.0470,0.7682,0.1963,0.5736,0.1877,0.6493,15.3219
3000000,219192358,250034,11,11,7,0,43,0.1925,0.1015,0.2074,0.0972,0.3723,0.2004,0.1896,0.3962,0.1950,2.6731,2.6985,0.4781,0.1964,0.3813,0.1900,0.1704,8.7399
3200000,229846180,258788,8,11,2,4,20,0.5741,0.2005,0.6136,0.3871,0.9271,0.2098,0.5670,0.9842,0.5859,5.6822,5.7395,0.2052,0.5877,0.2027,0.5662,0.3415,18.3745
3400000,240048930,266734,7,11,0,1,7,0.2011,0.2054,0.2118,0.1979,0.2001,0.2119,0.7660,0.2111,0.2092,6.1439,6.2081,0.2044,0.2036,0.2024,0.2009,0.3510,15.9286
3600000,250463691,274192,6,11,0,0,2,0.1042,0.1047,0.2134,0.2007,0.1028,0.2120,0.1011,0.1078,0.2101,3.2570,3.2921,0.2070,0.2053,0.2043,0.2017,0.3540,9.0780
3800000,260569617,281229,9,11,2,3,23,0.0702,0.0709,0.2148,0.0716,0.0698,0.2135,0.0705,0.0742,0.0738,0.1585,0.1608,0.0743,0.0721,0.0722,0.2035,0.1256,1.7963
4000000,270687496,287949,14,11,6,2,137,0.4154,0.2100,0.8513,0.2074,0.2095,0.8448,0.4106,0.2218,0.4313,0.4621,0.4692,0.4293,0.4237,0.4238,0.8079,0.7392,7.5573
4200000,279955565,293776,16,11,2,1,405,0.2088,0.2201,1.1079,0.2069,0.4250,1.0953,0.2111,0.4485,0.6649,0.9533,0.9683,0.6634,0.6534,0.6536,0.2131,1.1433,9.8369
4400000,289700258,299478,18,11,6,2,50,0.4132,0.4293,1.2850,0.2117,0.2073,1.2726,0.4130,0.6519,0.8564,1.3749,1.3980,0.2203,0.8442,0.2150,0.4118,1.4800,11.6845
4600000,298914255,304672,19,11,1,0,129,0.1062,0.1062,0.7639,0.1045,0.2097,0.1096,0.1042,0.1104,0.1089,0.9223,0.2306,0.2216,0.1116,0.1064,0.3138,0.9402,4.5701
4800000,308040592,309529,18,11,4,1,123,0.4315,0.2181,0.2288,0.2090,0.6336,0.2210,0.2103,0.4458,0.4352,2.3112,0.9342,0.2222,0.4417,0.2174,0.8359,2.2716,10.2674
5000000,316840379,314192,16,12,5,11,56,0.2196,0.2216,0.4598,0.4219,0.2150,0.2257,0.4172,0.6657,0.2217,2.7500,1.4064,0.2224,0.2250,0.4327,1.0362,0.3983,9.5391
5200000,325609867,318640,17,12,2,3,44,0.4390,0.2191,0.2339,0.2133,0.2191,0.4536,0.6314,0.8900,0.4484,3.2092,1.8807,0.4465,0.2186,0.6539,1.2508,0.7995,12.2069
5400000,333860324,322562,15,12,3,1,51,0.2234,0.4508,0.4765,0.4396,0.2188,0.6978,0.8685,0.2285,0.6928,3.7814,2.4235,0.6864,0.4530,0.2268,1.5081,0.4060,13.7818
5600000,342094377,326265,14,12,4,4,58,0.1142,0.1194,0.3534,0.1151,0.1135,0.1234,0.1127,0.1201,0.1185,2.0981,1.4403,0.4539,0.1144,0.1160,0.8496,0.4090,6.7716
5800000,349987237,329583,9,12,0,0,14,0.1519,0.1559,0.3138,0.0745,0.0731,0.1599,0.1484,0.1576,0.0776,1.5688,1.1302,0.0774,0.0765,0.1543,0.6426,0.1365,5.0990
6000000,358143455,332810,9,12,4,0,156,0.2300,0.2330,0.2347,0.2201,0.2206,0.2363,0.2287,0.2390,0.2332,0.4801,0.4888,0.2302,0.2270,0.2285,0.2220,0.4191,4.3714
6200000,366142756,335947,9,12,0,3,98,0.2268,0.2268,0.4790,0.2253,0.4474,0.2315,0.2215,0.2365,0.2273,0.9741,0.9888,0.4675,0.2275,0.2365,0.2208,0.8458,6.4830
6400000,374064389,339236,14,12,0,0,23,0.4475,0.4498,0.7052,0.4435,0.6564,0.4597,0.4353,0.4639,0.2311,1.4324,1.4565,0.6861,0.4519,0.2311,0.4416,1.2431,10.2351
6600000,381598630,341704,23,12,6,4,24,0.2299,0.6889,0.2404,0.2291,0.2277,0.2381,0.2256,0.2401,0.4721,1.9693,2.0003,0.9371,0.6930,0.4727,0.2256,0.4276,9.5177
6800000,388833429,344124,22,14,4,7,41,0.4662,0.9373,0.2436,0.4601,0.2272,0.4839,0.2281,0.4839,0.7159,2.5206,2.5590,0.2373,0.9420,0.7219,0.4633,0.8680,12.5581
7000000,396197703,346643,20,17,11,13,55,0.3475,0.5808,0.2449,0.3419,0.2276,0.1219,0.2257,0.3602,0.4736,1.4983,1.5219,0.2365,0.1179,0.4769,0.3458,0.6473,7.7687
7200000,403433258,348912,21,18,3,10,47,0.2307,0.2354,0.7346,0.2294,0.6774,0.2461,0.6724,0.9498,1.1704,3.4718,3.5269,0.7066,0.4684,1.1824,0.9161,0.4355,15.8538
7400000,410384515,351064,22,18,2,6,61,0.2335,0.2381,0.2467,0.2330,0.9228,0.4914,0.2335,1.2065,0.2355,4.0376,4.1009,0.9551,0.2350,0.2424,0.2376,0.4381,14.2877
7600000,417539235,353224,26,21,5,4,254,0.2318,0.2365,0.2486,0.4556,0.2258,0.2434,0.2274,1.4299,0.2410,4.4678,4.5389,1.1736,0.2359,0.4752,0.4616,0.4384,15.3313
7800000,424283864,355109,32,22,8,14,403,0.2341,0.2385,0.1248,0.3443,0.2279,0.2423,0.2308,0.8369,0.2407,2.4968,2.5362,0.1221,0.2379,0.3555,0.3529,0.4412,9.2628
8000000,430968579,357132,37,26,8,15,774,0.0794,0.2391,0.0818,0.0781,0.0774,0.2454,0.0774,0.0829,0.0808,1.8425,1.8716,0.0813,0.0790,0.0803,0.0792,0.4423,5.5186
8200000,437834783,358909,43,27,5,15,555,0.1211,0.0624,0.1266,0.1202,0.1186,0.0650,0.1189,0.0645,0.0640,0.1348,1.5206,0.1249,0.1209,0.0623,0.0628,0.1163,3.0039
8400000,444041086,360469,47,31,12,13,369,0.2382,0.4983,0.2516,0.2375,0.7350,0.5247,0.2364,0.2534,0.5125,0.5311,6.8531,0.7640,0.2479,0.2492,0.5042,0.4503,13.0874
8600000,450093574,361930,43,31,10,15,586,0.4749,0.2461,0.2536,0.4705,0.2418,0.2539,0.2446,0.2521,0.2559,1.0445,0.5391,0.9947,0.2472,0.2479,0.7346,0.8882,7.3895
8800000,456113800,363255,53,31,12,15,718,0.7183,0.4965,0.5172,0.2381,0.4839,0.2526,0.4847,0.2566,0.5061,1.5849,1.0839,1.2590,0.5007,0.4975,0.2446,1.3498,10.4743
9000000,462235865,364664,69,31,24,10,1009,0.2450,0.2481,0.7670,0.2423,0.2372,0.4992,0.2409,0.5047,0.2499,2.0915,1.6072,1.4873,0.2465,0.2453,0.2411,1.7824,10.9357
9200000,468323668,366098,80,31,17,17,1145,0.2437,0.2433,1.0443,0.4867,0.4792,0.2507,0.4811,0.7672,0.5098,2.6762,2.1861,1.7746,0.5000,0.4944,0.2429,2.2833,14.6634
9400000,474255351,367533,83,31,27,38,1953,0.4887,0.4917,1.2993,0.7293,0.2441,0.4978,0.2385,1.0207,0.2515,0.5427,2.7351,2.0275,0.2458,0.7384,0.4896,0.4571,12.4978
9600000,480109975,368748,84,33,31,21,1841,0.2417,0.2467,0.2561,0.9353,0.4749,0.2562,0.2373,0.2595,0.4909,1.0675,3.1582,0.2459,0.2466,0.2477,0.2409,0.8964,9.5019
9800000,485661296,369844,93,34,32,14,1410,0.2448,0.2483,0.2551,0.1184,0.3615,0.1274,0.1168,0.2562,0.3748,0.8092,1.8813,0.2508,0.2483,0.2476,0.2440,0.2256,6.0101
10000000,491192117,370823,104,36,43,24,2489,0.2493,0.2522,0.2563,0.2494,0.2503,0.2600,0.2435,0.2574,0.2574,2.1274,4.2177,0.7415,0.2561,0.7360,0.7253,0.9047,11.9847
10200000,496390266,371531,118,41,36,34,2738,0.5079,0.5139,0.5270,0.5022,0.5021,0.5259,0.2459,0.5259,0.5254,2.7645,4.9448,1.0268,0.5187,0.2543,1.0051,0.4670,15.3572
10400000,501953500,372750,102,44,20,25,1644,0.7410,0.7414,0.7743,0.7355,0.7297,0.2581,0.4759,0.2635,0.2559,3.2168,5.3177,1.2461,0.2547,0.4932,1.2093,0.9149,17.6281
10600000,507038107,373488,127,49,26,41,2538,0.2502,0.2588,0.2712,0.2463,0.9902,0.5217,0.2408,0.2634,0.5206,3.8573,6.0191,1.5431,0.5129,0.7596,0.2536,0.4681,16.9768
10800000,512165074,374112,129,54,20,40,2192,0.1268,0.1282,0.1318,0.1258,0.1244,0.1327,0.1273,0.1349,0.3904,2.1865,3.2562,0.1327,0.1319,0.5070,0.1292,0.2385,8.0044
11000000,517481533,374918,155,55,37,48,2580,0.0819,0.1716,0.1759,0.1651,0.1649,0.1754,0.1658,0.1771,0.3452,1.6396,2.3549,0.0875,0.0848,0.0838,0.1681,0.1567,6.1984
11200000,522509969,375821,167,60,37,52,2890,0.5064,0.2562,0.8087,0.7521,0.2465,0.7983,0.2466,0.7964,1.3224,5.5833,7.7866,0.2626,0.5196,0.2563,0.7689,0.9511,21.8620
11400000,527642248,376430,182,63,37,63,3104,0.1264,0.1290,0.1317,0.1229,0.1241,0.1330,0.2450,0.1312,0.1316,0.2893,0.2936,0.1320,0.1276,0.1281,0.1297,0.2374,2.6127
11600000,532213006,377132,190,63,36,68,3315,0.0826,0.0842,0.1772,0.1637,0.1641,0.1751,0.2485,0.1741,0.0833,0.1845,0.1868,0.0847,0.0823,0.1694,0.0823,0.1529,2.2960
11800000,537011950,377692,201,69,48,84,2877,0.2562,0.5155,0.8075,0.7477,0.2469,0.8022,0.2468,0.2653,0.2576,1.1116,1.1249,0.2579,0.5093,0.2624,0.2476,0.9380,8.5973
12000000,541854782,378276,200,74,49,85,3116,0.1302,0.3848,0.1358,0.1266,0.1272,0.1349,0.1281,0.1349,0.1302,0.8302,0.8403,0.1344,0.1340,0.1331,0.1298,0.2426,3.8771
12200000,546743899,379211,201,75,57,93,2590,0.2530,1.0224,0.2678,0.2472,0.2494,0.2670,0.4993,0.5223,0.2570,2.2051,2.2335,0.5225,0.2579,0.5175,0.5061,0.9547,10.7827
12400000,551371005,379570,219,80,51,72,2878,0.5035,0.2536,0.5343,0.4921,0.2478,0.5250,0.7356,0.2654,0.5136,2.7324,2.7667,0.7744,0.5116,0.2566,0.7486,1.4097,13.2709
12600000,555889077,380096,215,82,53,60,2579,0.2585,0.5241,0.2655,0.2506,0.5072,0.8130,0.2420,0.5374,0.2586,3.4174,3.4604,1.0661,0.8000,0.5222,0.2521,1.9437,15.1186
12800000,560096401,380777,199,83,37,69,2046,0.1270,0.3913,0.2684,0.1225,0.1276,0.1352,0.2467,0.4036,0.1307,1.9995,2.0248,0.1325,0.5344,0.3943,0.2561,1.2155,8.5101
13000000,564579882,381182,213,85,38,62,2302,0.0894,0.3473,0.2705,0.1671,0.0871,0.0918,0.0864,0.3568,0.1757,1.5014,1.5198,0.1775,0.4414,0.3491,0.2581,0.9595,6.8789
13200000,568585662,381603,232,91,27,69,2900,0.5292,1.3107,1.0820,0.7547,0.2467,0.5448,0.5168,1.3410,0.7943,5.1166,5.1797,0.8045,0.2643,1.3133,0.2655,0.4800,20.5441
13400000,572777261,381961,249,98,61,75,4302,0.2585,0.2656,0.2696,0.9685,0.2516,0.2688,0.7452,1.5444,1.0218,0.5814,0.5898,1.0278,0.2675,1.5087,0.5142,0.4802,10.5637
13600000,577440960,382431,256,104,32,62,3973,0.2550,0.2624,0.1323,0.1217,0.2524,0.2687,0.5035,0.9164,0.6481,0.5728,0.5822,0.1292,0.2646,0.8969,0.1265,0.4795,6.4123
13800000,581705500,382955,260,108,55,85,3625,0.2531,0.2595,0.2714,0.2566,0.2530,0.8139,0.2529,0.2677,0.2614,1.7461,1.7706,0.2677,0.2651,0.2585,0.2587,1.4584,8.9143
14000000,585796537,383414,292,111,79,105,5254,0.2596,0.2638,0.5326,0.5043,0.5022,1.0631,0.5022,0.2772,0.5117,2.2739,2.3050,0.5296,0.5189,0.5123,0.5094,1.8928,12.9586
14200000,590108256,383780,286,113,74,103,3798,0.5134,0.2593,0.2705,0.2520,0.7453,1.3199,0.2536,0.5478,0.7702,2.8374,2.8730,0.2652,0.7757,0.7672,0.2568,0.4818,13.1889
14400000,593746089,384078,306,115,84,93,4175,0.7811,0.2675,0.2744,0.5083,1.0141,0.2707,0.5156,0.8367,0.2733,3.4850,3.5294,0.5411,1.0532,0.2659,0.5273,0.9759,15.1195
14600000,597610771,384423,303,116,76,96,3906,0.2592,0.2640,0.2757,0.2557,0.2567,0.2735,0.2579,0.2707,0.5495,4.0511,4.1016,0.2737,1.3050,0.2607,0.2641,0.4848,13.4040
14800000,601553299,384630,300,120,70,93,4109,0.2586,0.2638,0.2744,0.2505,0.2524,0.5425,0.5100,0.2796,0.8202,4.6275,4.6862,0.2715,1.5609,0.5180,0.5255,0.9676,16.6093
15000000,605231079,384903,300,122,61,75,4818,0.5283,0.2674,0.5574,0.2547,0.2555,0.2774,0.7766,0.2680,1.1187,5.3547,5.4247,0.5523,0.2671,0.2722,0.2604,0.4842,16.9192
15200000,609060520,385283,293,124,80,84,3715,0.7909,0.2635,0.2739,0.2547,0.5125,0.2716,1.0446,0.5448,1.3944,5.9746,6.0536,0.2701,0.5318,0.5356,0.5243,0.4825,19.7233
15400000,612877567,385699,304,126,53,58,4236,0.2609,0.2703,0.2773,0.2538,0.2583,0.2674,0.2544,0.2735,0.2638,6.4458,6.5326,0.2704,0.7907,0.2688,0.7757,0.4839,17.9476
15600000,616595556,386088,307,129,82,81,4531,0.2583,0.2663,0.2704,0.2575,0.5242,0.5507,0.5181,0.5518,0.2726,7.2482,7.3470,0.2694,0.2645,0.2627,0.2689,0.4866,19.6173
15800000,620142386,386498,307,130,90,97,4941,0.2593,0.1403,0.1431,0.2560,0.3914,0.4091,0.3840,0.4119,0.1411,3.8402,3.8924,0.1400,0.2718,0.2672,0.2671,0.2503,11.4652
16000000,623948897,386865,316,133,87,82,4942,0.2588,0.2686,0.5652,0.7730,1.0531,1.0976,1.0322,1.1083,0.5509,8.3427,0.5693,0.5516,0.2704,0.8020,0.2571,0.4839,17.9844
16200000,627524607,387222,359,137,82,87,4701,0.5158,0.2668,0.2774,1.0214,0.2548,1.3656,1.2753,1.3753,0.8127,8.8964,1.1600,0.8194,0.2701,1.0588,0.5164,0.4842,20.3703
16400000,630670597,387517,373,137,102,92,4794,0.2618,0.5361,0.5556,0.2616,0.5154,0.2793,1.5312,1.6515,1.0832,9.5235,1.7855,1.0954,0.5416,1.3253,0.7837,0.9736,22.7042
16600000,634194543,387684,372,138,91,113,5622,0.5221,0.2667,0.8233,0.5182,0.7685,0.5512,0.2506,1.9105,1.3375,10.0309,2.3676,1.3589,0.2618,0.2679,1.0393,1.4516,23.7267
16800000,637671950,387950,389,140,98,103,4995,0.7854,0.5340,1.0976,0.7749,1.0297,0.8236,0.5083,0.2743,1.6134,10.6499,2.9685,1.6334,0.5269,0.5374,1.3060,1.9433,27.0065
17000000,640885913,388066,392,145,110,110,4965,1.0664,0.2696,0.2773,1.0522,1.3097,0.2694,0.7804,0.5512,0.2583,0.6131,3.6641,0.2777,0.2726,0.2624,1.5991,0.4873,13.0109
17200000,644139556,388387,397,146,107,94,4338,0.6566,0.1378,0.2780,0.6497,0.7739,0.1399,0.5164,0.4103,0.2619,0.3039,2.1100,0.2751,0.2710,0.2650,0.1307,0.2469,7.4273
17400000,647144168,388506,393,148,103,71,3409,1.5739,0.2710,0.2762,1.5589,0.2561,0.2725,0.2534,0.2764,0.7939,0.6051,4.8203,0.2727,0.8037,0.7927,0.5299,0.9816,14.3383
17600000,650174849,388632,396,150,115,86,4473,1.7779,0.2731,0.2799,1.7613,0.2615,0.5356,0.2539,0.2767,1.0430,1.1899,5.2544,0.2672,0.2683,0.2692,0.7729,1.4360,15.9208
17800000,653361512,388824,393,154,85,80,4741,1.0261,0.1335,0.1357,1.0168,0.2601,0.1389,0.1296,0.2743,0.6599,0.9008,2.9540,0.1328,0.2690,0.1348,0.5197,0.2426,8.9287
18000000,656439482,389023,390,157,118,95,5881,2.3928,0.5498,0.2782,2.3730,0.2596,0.5662,0.5326,0.2868,1.6485,2.4888,6.7650,0.5443,0.8305,0.5527,1.3465,0.9928,22.4081
18200000,659302229,389196,386,163,111,91,4319,2.6803,0.2677,0.5588,2.6562,0.2571,0.8517,0.7980,0.5667,1.9516,3.1334,7.4697,0.8277,1.1099,0.8333,1.6304,0.4921,26.0845
18400000,662079575,389383,387,167,131,96,4987,2.8771,0.5370,0.8229,2.8560,0.2567,1.1069,1.0405,0.8373,2.1801,3.6602,7.8901,1.0836,1.3526,1.0864,1.8490,0.4924,29.9289
18600000,664925531,389614,390,169,93,76,5222,1.5572,0.1412,0.1409,0.1346,0.2571,0.6879,0.1310,0.1409,0.1398,2.1206,0.3146,0.1405,0.1412,0.1387,1.0487,0.2480,7.4830
18800000,667590219,389669,412,172,116,90,5972,3.2830,0.2760,0.2772,0.5256,0.7615,0.2829,0.2611,0.5595,0.5484,4.7253,1.2272,0.5463,0.2673,0.5410,0.2784,0.4934,14.8542
19000000,670611631,389745,420,173,111,112,6859,3.5554,0.5547,0.5537,0.7880,1.0327,0.2840,0.5168,0.2869,0.2742,5.3450,1.8449,0.2804,0.5444,0.8147,0.5509,0.9860,18.2126
19200000,673412105,390048,432,176,94,104,6589,0.2604,0.8485,0.2784,0.2550,1.3179,0.5749,0.2614,0.5741,0.2765,6.0886,2.5019,0.2757,0.2606,1.1054,0.2666,0.4895,15.6353
19400000,676071812,390240,477,179,108,129,7503,0.1354,0.5547,0.1436,0.1331,0.1350,0.4299,0.2621,0.1410,0.1432,3.3022,1.5398,0.1436,0.2693,0.1371,0.2703,0.4902,8.2305
19600000,678547949,390320,501,181,121,143,6825,0.1767,0.4625,0.1905,0.1748,0.0860,0.3844,0.2649,0.1897,0.0923,2.4176,1.2385,0.0934,0.0912,0.1834,0.2728,0.4915,6.8100
19800000,681020897,390410,507,183,128,135,5408,0.1988,0.0695,0.2140,0.1969,0.0677,0.3574,0.2647,0.0736,0.1380,1.9626,1.0820,0.1421,0.0687,0.2060,0.2728,0.4919,5.8067
20000000,683783307,390658,524,187,142,127,7143,1.0357,0.2683,0.2747,0.2670,0.5274,0.2867,0.2606,0.5647,0.2785,8.2352,4.8167,0.2832,0.2767,1.0678,1.3335,2.4065,22.1833
20200000,686181232,390688,513,192,113,154,7060,1.3315,0.2794,0.2798,0.2659,0.2657,0.2821,0.2584,0.2822,0.2776,9.0730,5.5620,0.5714,0.5641,0.2725,0.2734,0.4934,20.3324
20400000,688352239,390713,552,193,115,117,7161,1.6494,0.5717,0.2841,0.2615,0.2636,0.2853,0.2659,0.2787,0.5710,10.0150,0.6032,0.2915,0.8624,0.5638,0.5527,0.4921,17.8117
20600000,690823805,390676,573,197,130,145,7475,0.2622,0.8233,0.2860,0.5141,0.5216,0.5618,0.5180,0.5530,0.2702,10.2230,1.2015,0.5667,0.2812,0.8122,0.8014,0.9666,19.1624
20800000,693174538,390598,597,199,151,147,8698,0.5363,0.2732,0.5851,0.8000,0.8039,0.2849,0.8095,0.8557,0.5648,11.2353,1.8669,0.8675,0.5670,1.1144,1.1028,1.4965,23.7640
21000000,695797507,390822,603,201,149,196,9338,0.3969,0.2770,0.4369,0.1353,0.5247,0.2821,0.5355,0.1426,0.4151,5.8104,1.2264,0.1413,0.1410,0.6826,0.1367,0.9846,12.2691
21200000,698190016,391052,653,204,165,193,8580,0.3535,0.2757,0.3865,0.1763,0.0880,0.0967,0.0908,0.0960,0.3702,4.0777,1.0262,0.1886,0.1880,0.5455,0.1835,0.1645,8.3077
21400000,700339540,391325,673,204,171,180,11374,1.2974,1.0856,0.2887,0.7745,0.5216,0.2892,0.5241,0.5623,1.3559,12.4865,3.6193,0.8336,0.8361,0.2818,0.8086,0.4954,26.0606
21600000,703001702,391480,663,209,185,188,10779,0.2664,1.3692,0.5742,0.2607,0.7893,0.2867,0.7888,0.8534,0.2762,0.6095,0.6193,0.2823,1.1208,0.5525,0.2729,0.9934,9.9157
21800000,705338651,391455,690,216,181,190,10026,0.1331,0.1404,0.1420,0.2623,0.1326,0.1406,0.5245,0.1408,0.2804,0.6190,0.6274,0.1467,0.1401,0.4106,0.1351,0.2488,4.2243
22000000,707860091,391671,687,218,180,218,10854,0.2656,0.2753,0.2911,0.2560,0.5332,0.5787,0.2594,0.5718,0.2801,1.8480,1.8749,0.2791,0.2818,0.2705,0.2811,0.9942,9.1408
22200000,710222528,391803,717,218,200,234,11022,0.5331,0.2772,0.5723,0.5141,0.8001,0.2827,0.2625,0.2862,0.5621,2.4692,2.5052,0.2854,0.2729,0.5400,0.5491,1.4910,12.2032
22400000,712795625,391860,716,221,197,212,9306,0.2637,0.2748,0.2856,0.2611,0.2591,0.5718,0.2692,0.2775,0.2841,3.0945,3.1376,0.5738,0.5451,0.8110,0.8269,0.4927,12.2283
22600000,714867733,392079,762,222,182,205,9793,0.5315,0.5569,0.2851,0.5274,0.5349,0.8701,0.2693,0.2822,0.5652,3.7632,3.8137,0.8749,0.8322,1.0997,1.1139,0.4963,16.4163
22800000,716590289,392196,771,224,155,224,9999,0.2756,0.8604,0.2970,0.2702,0.8110,0.2972,0.2822,0.2899,0.2833,4.4842,4.5427,0.2964,1.1335,0.2726,1.4178,0.4972,16.3112
23000000,718691639,392286,767,229,174,238,11356,0.5349,0.2814,0.5655,0.2709,1.0546,0.5810,0.5373,0.5584,0.5582,4.9664,5.0316,0.2775,1.3912,0.5394,0.2707,0.9785,18.3975
23200000,720759586,392437,833,235,198,245,12013,0.4008,0.1436,0.4274,0.1316,0.6579,0.4367,0.1321,0.1425,0.4164,2.7796,2.8152,0.2848,0.8332,0.4084,0.1329,0.7357,10.8788
23400000,722799268,392573,828,238,194,232,13404,0.2682,0.2924,1.1286,0.5250,1.5686,1.1528,0.2643,0.2870,0.2865,6.1025,6.1812,0.8569,0.2808,1.0854,0.2816,1.9505,22.5122
23600000,724662018,392572,806,240,173,226,10985,0.5474,0.5852,1.4524,0.8068,1.8855,1.4842,0.5348,0.5855,0.5768,6.9099,6.9987,1.1698,0.2911,1.3971,0.2824,2.5063,28.0136
23800000,726443182,392495,821,242,184,205,9915,0.2729,0.2822,1.6974,0.2753,0.2682,0.2954,0.2708,0.2804,0.2870,7.3246,7.4179,1.4267,0.2794,1.6341,0.2779,0.4965,22.7866
24000000,728058756,392468,872,249,188,454,12239,0.5459,0.5747,2.0182,0.2688,0.5383,0.5947,0.5482,0.5716,0.5734,8.0644,8.1692,1.7470,0.5708,1.9419,0.2774,0.4981,27.5026
24200000,729725850,392434,937,253,254,251,13638,0.8051,0.8407,2.2451,0.5377,0.7915,0.8731,0.8050,0.8435,0.8499,8.4360,8.5443,1.9856,0.8426,2.1629,0.5413,0.4985,31.6032
24400000,731505355,392523,915,253,264,268,13349,1.0876,0.2858,0.2878,0.8157,0.2720,0.2924,1.0868,0.2861,1.1495,9.1882,9.3055,2.2985,1.1357,2.4760,0.8247,1.0018,31.7939
24600000,733265126,392710,960,256,231,269,13085,0.2703,0.5667,0.5733,1.0774,0.5402,0.2896,1.3464,0.5679,0.2802,9.7408,9.8659,2.5668,0.2887,2.7371,1.0959,0.4967,32.3037
24800000,734921242,392742,1021,258,240,244,12645,0.2697,0.2775,0.2848,0.2598,0.2631,0.2921,0.2686,0.2834,0.5751,0.6337,0.6429,2.9654,0.2815,0.2709,1.4177,0.4970,9.4831
25000000,736293434,392557,1029,260,251,261,12864,0.2703,0.5625,0.5780,0.2639,0.5346,0.2916,0.2723,0.2869,0.2802,1.2688,1.2836,0.2925,0.5671,0.5538,1.6964,0.4990,9.5015
25200000,737918430,392664,997,262,267,293,13093,0.2716,0.2754,0.2840,0.2671,0.7939,0.5880,0.2709,0.2807,0.5648,1.8841,1.9028,0.2902,0.8420,0.8293,0.2696,0.9923,10.6066
25400000,739643506,392938,1014,268,261,233,11969,0.2737,0.2901,0.5666,0.5321,1.0647,0.2962,0.2659,0.5656,0.8537,2.5087,2.5348,0.5845,1.1341,1.1077,0.5491,0.4985,13.6256
25600000,741203615,393122,1023,272,241,254,12178,0.5448,0.5771,0.8601,0.2674,1.3379,0.2958,0.2694,0.8649,0.2908,3.1634,3.1953,0.8812,1.4321,1.3971,0.2776,1.0009,16.6557
25800000,742782906,393131,1004,274,261,273,13495,0.2704,0.8519,1.1336,0.2719,0.2639,0.5850,0.2641,1.1301,0.5646,3.7572,3.7971,1.1573,1.6930,0.2837,0.5466,0.4988,17.0691
26000000,744433467,393161,991,278,248,352,15686,0.5244,1.0969,0.2899,0.2657,0.5208,0.8506,0.5230,1.3578,0.8249,0.6086,4.2291,0.2844,0.2853,0.5471,0.7991,0.9753,13.9827
26200000,746039139,393099,1010,281,257,259,13443,0.8217,0.2832,0.5960,0.5481,0.8125,0.3041,0.2699,0.2875,0.2864,1.2562,5.0287,0.5852,0.2820,0.8567,0.2844,0.5012,13.0037
26400000,747573329,393135,1047,283,237,260,13333,1.0957,0.5660,0.8922,0.2634,1.0792,0.2916,0.2671,0.5714,0.5790,1.9036,5.6962,0.8831,0.5695,1.1399,0.2793,0.4997,16.5769
26600000,748990639,392970,1020,283,250,286,12717,0.2757,0.2838,1.1608,0.5261,1.3317,0.5788,0.2686,0.8413,0.8499,2.5069,6.2180,1.1605,0.8402,1.3985,0.5483,0.9898,19.7789
26800000,750730953,393061,1057,285,256,306,15074,0.2739,0.1424,0.7216,0.3989,0.1333,0.1480,0.2666,0.1402,0.5639,1.5642,3.4076,0.1494,0.1467,0.1399,0.1416,0.2512,8.5895
27000000,752130118,393048,1048,287,275,279,13092,0.8464,0.5947,0.2886,1.1077,0.2753,0.2956,0.8241,0.2890,1.4690,3.9270,7.7993,0.6100,0.2920,0.5741,0.5857,1.0290,20.8073
27200000,753593993,393137,1073,292,244,272,14660,0.5595,0.1446,0.2921,0.6904,0.1346,0.3002,0.5492,0.2899,0.8810,2.2933,4.2442,0.4621,0.2923,0.1409,0.1374,0.7670,12.1786
27400000,755056774,392999,1062,294,268,293,14110,1.3817,0.2870,0.2875,1.6303,0.2663,0.8931,0.2639,0.8679,2.0393,5.1930,9.0746,0.2985,0.8693,0.5591,0.2682,2.0225,26.2022
27600000,756447376,392923,1012,299,260,277,11531,0.8226,0.1433,0.1486,0.1360,0.2689,0.5919,0.2635,0.5786,1.1565,2.9066,4.8360,0.1479,0.1460,0.1427,0.2741,1.2564,13.8197
27800000,758183679,393092,1055,300,233,252,11832,0.6373,0.1857,0.0964,0.1798,0.0897,0.4906,0.2683,0.0997,0.0942,2.1434,3.4285,0.1965,0.1918,0.1886,0.0933,1.0032,9.3869
28000000,759632045,393101,1050,303,292,258,11449,0.2685,0.2855,0.2912,0.2716,0.2727,0.3033,0.2641,0.2947,0.5687,0.6388,10.7232,0.2921,0.2948,0.2856,0.2781,3.4510,18.7840
28200000,761045258,393261,1092,305,240,241,13447,0.2708,0.2815,0.2936,0.2679,0.2711,0.2991,0.2667,0.2924,0.4280,0.6428,0.3221,0.2929,0.2904,0.2855,0.2818,0.2480,5.0345
28400000,762281636,393265,1066,305,256,274,14279,0.2761,0.2801,0.2926,0.8011,0.8112,0.8900,0.2713,0.8688,1.1337,1.9156,1.2826,0.2927,0.8684,0.2825,0.8356,0.9954,12.0975
28600000,763500873,393282,1052,310,251,281,14866,0.5475,0.2849,0.5867,1.0639,0.2751,1.1766,0.5452,0.2903,0.2860,2.5347,1.9177,0.5868,0.2873,0.2831,0.2857,0.5013,11.4530
28800000,764374755,393269,1106,314,277,294,13495,0.4097,0.1422,0.4405,0.1379,0.2719,0.1508,0.4083,0.1460,0.1509,1.5947,1.2897,0.4437,0.1474,0.1391,0.2860,0.2518,6.4107
29000000,765693380,393389,1104,318,292,288,13296,0.2743,0.5618,1.1606,0.5487,0.2687,0.2999,0.2733,0.5772,0.5834,3.7790,3.1860,1.1696,0.5826,0.5580,0.8368,0.9965,15.6564
29200000,767060180,393327,1068,319,258,282,12201,0.2754,0.4262,0.1458,0.1364,0.1300,0.2985,0.1319,0.1435,0.1448,2.2193,1.9240,0.7319,0.1431,0.1411,0.5617,0.7513,8.3048
29400000,768913967,393513,1091,320,260,247,11513,0.8089,1.1148,0.2846,0.5321,0.5169,0.2922,0.2724,0.5645,0.5657,4.9542,4.3849,0.2904,0.5581,0.5577,0.2787,1.9652,17.9413
29600000,770051745,393450,1120,322,284,284,12941,1.1453,0.2873,0.5980,0.8374,0.8256,0.6078,0.5661,0.9074,0.2905,5.9489,5.3448,0.6087,0.8920,0.8806,0.5818,0.5007,20.8226
29800000,771519755,393722,1199,325,283,318,16718,0.7003,0.1497,0.1460,0.1360,0.5398,0.4512,0.1360,0.5922,0.2877,3.2416,2.9477,0.4512,0.1508,0.1421,0.1409,0.2541,10.4673
30000000,772545492,393814,1228,328,285,346,17693,0.0908,0.1966,0.1955,0.0895,0.4504,0.4013,0.1819,0.4938,0.2878,2.3785,2.1856,0.4009,0.1983,0.0961,0.1891,0.1674,8.0032
30200000,773531984,393771,1325,334,368,340,16912,0.5499,0.8658,0.2919,0.2687,1.6097,1.4860,0.8101,0.2910,1.1446,7.6670,7.1032,1.4876,0.8782,0.5752,0.2773,0.5020,25.8082
30400000,774765985,393848,1351,336,340,365,17546,0.2688,1.1778,0.5960,0.2683,0.2730,1.8322,1.1076,0.5844,1.4641,8.5317,7.9583,1.8267,0.2874,0.8727,0.2830,0.5021,27.8340
30600000,775882745,393821,1347,340,356,402,18387,0.2728,0.7311,0.1483,0.1342,0.2734,1.0704,0.1354,0.1465,0.8751,4.5920,4.3079,1.0642,0.1437,0.1419,0.2860,0.5024,14.8253
30800000,777085649,393904,1306,345,328,332,17479,0.0956,0.0990,0.1028,0.0950,0.0928,0.1066,0.0952,0.1010,0.1006,0.2231,0.2258,0.1041,0.0993,0.0976,0.2832,0.1745,2.0962
31000000,778244252,393926,1343,346,316,359,17992,0.2752,0.2897,0.2918,0.5501,0.5385,0.6193,0.5475,0.2954,0.2903,0.6300,0.6357,0.3016,0.5820,0.5658,0.2772,0.5004,7.1907
31200000,779472910,394006,1457,350,368,396,18403,0.2707,0.5825,0.3033,0.8177,0.8057,0.3000,0.2694,0.5862,0.5778,1.2611,1.2743,0.5989,0.2933,0.8503,0.5568,1.0007,10.3486
31400000,780494151,394023,1394,354,302,366,16041,0.5752,0.9220,0.6256,0.2751,1.1578,0.6360,0.5684,0.2899,0.9270,2.0232,2.0442,0.9596,0.6132,1.2249,0.8942,1.5973,15.3336
31600000,781607570,393989,1402,355,368,323,16013,0.8078,0.2911,0.2918,0.2715,1.3435,0.8822,0.2735,0.2988,1.1492,2.5106,2.5357,0.3055,0.2906,1.4144,0.2858,0.5042,13.4561
31800000,782620134,394033,1376,360,334,342,14967,0.2762,0.2794,0.5922,0.5549,1.6571,1.2105,0.5525,0.6008,0.2937,0.6467,3.2624,0.2990,0.5964,1.7389,0.2784,0.5020,13.3411
32000000,783827160,393918,1389,361,363,352,17364,0.2715,0.2851,0.8659,0.2709,1.8698,1.4589,0.2783,0.2870,0.5730,1.2620,3.7923,0.3023,0.8696,1.9580,0.2853,0.9864,15.6163
32200000,785117892,394018,1416,364,350,320,19990,0.5448,0.5739,1.1734,0.2689,0.2676,0.3003,0.2701,0.2924,0.2846,1.9305,4.5082,0.3026,0.2850,0.2802,0.5641,1.5031,13.3497
32400000,785914521,394054,1481,367,369,374,19909,0.8236,0.8600,1.4787,0.5377,0.5445,0.5999,0.5484,0.3007,0.5804,2.5970,5.1964,0.6077,0.5832,0.5704,0.8527,0.5050,17.1862
32600000,786735644,394169,1451,367,379,391,20252,0.2765,0.2911,1.7364,0.8016,0.8057,0.8934,0.2770,0.5795,0.2944,3.1926,0.6656,0.8952,0.8633,0.8374,0.2870,0.5043,13.2011
32800000,787575839,394152,1521,368,349,369,19851,0.2740,0.5830,2.0573,1.0885,0.2705,1.2112,0.5595,0.2963,0.5946,3.8932,1.3333,1.2112,0.2934,1.1276,0.5802,0.5062,15.8799
33000000,788537033,394175,1562,369,346,427,19889,0.1381,0.4320,0.1484,0.1345,0.1366,0.7546,0.1364,0.1483,0.1501,2.2531,0.3263,0.7553,0.2933,0.1404,0.4277,0.2544,6.6295
33200000,789843538,394412,1653,371,413,413,21474,0.5511,1.1640,0.2939,0.2729,0.5473,1.8241,0.5433,0.2876,0.2948,5.1697,1.2943,0.3017,0.8835,0.5653,1.1468,1.0154,16.1555
33400000,790979953,394494,1706,376,427,444,23870,0.8457,0.2877,0.5958,0.2785,0.2715,0.3037,0.2723,0.2889,0.5952,5.9832,1.9916,0.2984,0.2864,0.2793,0.2926,1.5495,14.4203
33600000,791311146,394500,1810,378,466,527,25644,1.1039,0.5712,0.8814,0.5525,0.5450,0.3104,0.2787,0.5758,0.8744,6.5061,2.6154,0.3048,0.5740,0.2870,0.5723,2.0206,18.5734
33800000,791700488,394300,1828,381,463,486,25326,1.4105,0.8841,1.2034,0.8462,0.2863,0.6330,0.5583,0.3038,1.1925,7.2801,3.3264,0.6267,0.8894,0.5852,0.8813,2.5677,23.4749
34000000,792473149,394145,1851,382,443,514,24236,0.2716,0.2878,1.4850,0.2751,0.2696,0.3014,0.2787,0.2812,0.2863,7.8176,3.9213,0.3067,1.1712,0.2866,1.1523,0.5031,18.8953
34200000,793194425,393936,1754,386,453,496,23405,0.2725,0.2885,0.3020,0.5426,0.5439,0.3060,0.2828,0.5738,0.5729,8.3908,4.5375,0.3082,0.2911,0.2862,0.2990,0.5053,18.3031
34400000,794505775,393979,1811,388,418,447,21492,0.5467,0.5844,0.5930,0.8206,0.2753,0.6104,0.5558,0.8697,0.2863,9.1261,5.2307,0.6119,0.5846,0.5782,0.5907,0.5014,22.3658
34600000,795139415,394055,1857,389,425,502,25249,0.1378,0.1459,0.4434,0.1367,0.1389,0.1549,0.1402,0.1493,0.1476,4.8851,2.9414,0.1543,0.1497,0.1413,0.1424,0.5031,10.5121
34800000,795907534,394123,1927,392,478,531,27074,0.2765,0.3012,1.1891,0.2710,0.2705,0.6207,0.2828,0.5857,0.5857,10.3689,6.5007,0.6132,0.5972,0.5664,0.5679,1.5062,25.1035
35000000,796718491,394029,1948,396,470,531,23277,0.2756,0.2882,1.5491,0.2768,0.2749,0.9701,0.2809,0.9118,0.2953,0.6532,0.6584,0.9656,0.9276,0.8854,0.9000,2.1011,12.2139
35200000,797512423,393892,1929,401,456,498,23295,0.5368,0.2832,0.2917,0.2706,0.2661,1.2338,0.2778,0.2867,0.5626,1.2843,1.2945,1.2223,1.1913,1.1279,0.2783,2.5210,12.9289
35400000,797718796,393758,1918,403,461,471,21001,0.8250,0.5803,0.6085,0.2748,0.2802,0.3138,0.2819,0.5953,0.2893,1.9930,0.6866,1.5501,0.2978,1.4399,0.2898,3.0798,13.3860
35600000,798390926,393732,1879,406,482,509,22357,1.0442,0.8327,0.3029,0.5319,0.5330,0.3034,0.5447,0.8529,0.5612,2.5258,1.3138,1.7468,0.2948,1.6271,0.2876,3.3786,16.6816
35800000,799171542,393678,1939,409,422,447,22079,1.3740,1.1589,0.6155,0.8270,0.8365,0.6220,0.8447,1.1987,0.8883,3.3100,2.0400,0.3059,0.6102,2.0053,0.2846,4.0598,20.9814
36000000,799757968,393627,1978,414,441,529,23692,0.2756,1.4732,0.2939,0.2767,1.1304,0.3042,1.1463,1.5223,0.2806,4.0397,2.7476,0.3036,0.2938,2.3334,0.5767,0.5061,17.5039
36200000,800496637,393787,2010,418,439,532,26346,0.5413,1.7133,0.5780,0.5359,1.3693,0.3117,0.2706,1.7669,0.5574,4.5469,3.3058,0.5991,0.5805,2.5376,0.8438,0.9929,21.0507
36400000,801399167,393872,2081,420,464,483,24308,0.2724,0.2871,0.2854,0.8202,1.6816,0.6251,0.5469,2.1017,0.8653,5.2976,4.0317,0.3040,0.2911,2.8912,0.2815,0.5016,21.0844
36600000,801811682,393990,2089,427,474,535,27168,0.2747,0.5716,0.3052,0.2795,1.9169,0.9198,0.2798,0.3019,1.1360,5.8098,4.5798,0.3124,0.5935,3.1105,0.2835,0.9940,21.6687
36800000,802795469,393981,2095,427,491,530,25585,0.5530,0.8829,0.2915,0.5603,0.2681,1.2680,0.5635,0.6056,1.4745,6.6941,5.4152,0.6295,0.9124,3.5334,0.5743,1.5388,25.7650
37000000,803560356,394133,2031,429,514,541,27938,0.2740,0.2858,0.5579,0.2761,0.5283,1.4812,0.2678,0.8574,0.2877,6.8790,5.6942,0.3101,1.1455,3.5728,0.8127,0.5041,23.7346
37200000,804023949,394112,2083,434,496,514,26164,0.2742,0.1464,0.4245,0.1378,0.1401,0.9001,0.2692,0.5828,0.2973,3.7753,3.1841,0.3142,0.7208,1.9368,0.5493,0.2526,13.9055
37400000,804538734,394041,2058,436,471,541,23288,0.8436,0.5953,0.2957,0.5589,0.2699,2.1775,0.2732,1.5178,0.9079,8.4886,7.2706,0.9618,1.7924,0.2871,1.4358,0.5062,28.1825
37600000,804498010,394025,2096,437,484,559,26533,0.2801,0.8833,0.5911,0.2796,0.2869,0.3129,0.2795,0.2999,1.1812,8.9459,7.7644,1.2540,2.0477,0.2880,0.2936,0.5094,25.4972
37800000,804866631,393894,2123,441,504,508,22905,0.1378,0.5946,0.1458,0.1372,0.1375,0.1540,0.2767,0.2997,0.7408,0.3218,4.2584,0.7856,0.1455,0.2899,0.2908,0.5086,9.2248
38000000,805292825,393939,2228,441,541,588,27988,0.1858,0.4912,0.1986,0.1816,0.1855,0.2077,0.2779,0.1018,0.0987,0.4311,3.0454,0.1069,0.1959,0.0970,0.0969,0.5081,6.4102
38200000,805684672,393798,2230,441,495,563,26811,0.0676,0.0729,0.0726,0.0649,0.0648,0.0768,0.0673,0.1500,0.1463,0.1604,2.4686,0.0738,0.0712,0.1446,0.0700,0.1229,3.8945
38400000,806159752,393808,2162,443,539,586,25731,0.5502,0.5787,0.5846,0.2735,0.5348,0.6215,0.2763,0.8881,0.8720,1.2784,10.4913,0.6124,0.5783,0.8640,0.2849,0.9948,20.2835
38600000,807042515,393727,2155,443,527,551,24938,0.1366,0.1455,0.4350,0.2724,0.1387,0.1551,0.2745,0.5874,0.5761,0.9595,5.5279,0.4603,0.1482,0.5719,0.2826,0.2543,10.9262
38800000,807686187,393777,2100,443,499,490,24450,0.5527,0.5825,0.2949,0.2735,0.2777,0.3077,0.2736,1.4821,1.4504,2.5850,11.7980,0.3041,0.2892,1.4366,0.2908,1.0164,23.2150
39000000,808296497,393773,2074,443,461,502,22238,0.8240,0.8729,0.5837,0.5459,0.5536,0.6100,0.5470,0.3022,1.7319,3.2139,12.3428,0.6135,0.5774,1.7087,0.5696,0.5054,26.1024
39200000,808759532,393744,2088,443,508,498,24958,1.0792,1.1459,0.8723,0.8052,0.2728,0.8980,0.8034,0.5857,1.9972,3.8095,12.7568,0.3081,0.3044,1.9620,0.8376,0.5053,28.9434
39400000,809396645,393688,2107,445,474,539,25091,1.3683,0.2941,1.1739,1.0859,0.5525,1.2137,1.0876,0.8937,2.3195,4.5113,13.5987,0.3063,0.6036,2.2787,1.1300,1.0180,33.4355
39600000,810276136,393777,2092,447,547,478,25649,1.6509,0.2935,0.2963,0.2746,0.2676,0.3018,0.2782,1.1886,0.2964,5.1859,14.3404,0.6156,0.9010,2.5732,1.4155,0.5033,30.3828
39800000,810972662,393962,2172,449,520,537,27550,0.2759,0.5845,0.3024,0.5471,0.5454,0.3064,0.2783,1.4853,0.5872,5.8406,15.0262,0.3066,0.2881,0.2921,1.7043,1.0095,29.3799
40000000,811204216,393880,2211,452,498,472,27660,0.5667,0.9062,0.6138,0.8419,0.8468,0.6280,0.5656,0.2996,0.9075,6.7336,16.2879,0.3173,0.2974,0.5895,0.2923,1.5543,32.2484
40200000,811852920,393859,2222,452,546,534,27384,0.2766,0.2907,0.2948,0.2722,0.2775,0.9271,0.2791,0.3012,1.1811,7.2865,16.7108,0.6289,0.2994,0.2856,0.5786,0.5067,30.3968
40400000,812303074,393877,2196,453,536,566,26539,0.1371,0.2914,0.2945,0.1398,0.1373,0.1547,0.1333,0.1459,0.1458,3.9681,8.6789,0.1547,0.1475,0.2891,0.1435,0.2528,15.2144
40600000,813036504,394063,2235,455,584,589,27868,0.5378,0.8561,0.8623,0.5402,0.2756,0.3137,0.2833,0.5753,0.5664,8.3284,17.4418,0.6084,0.5793,0.2856,0.2877,0.9936,33.3357
40800000,813854489,394026,2260,460,556,562,29072,0.7981,0.2923,0.2945,0.7970,0.2747,0.6129,0.5569,0.2858,0.2974,8.7262,17.5721,0.9034,0.2993,0.2827,0.5704,1.4689,34.0323
41000000,814175538,393868,2302,462,590,577,29751,1.1104,0.5933,0.6065,1.0977,0.5618,0.9483,0.2876,0.2956,0.6086,9.6866,18.8432,1.2561,0.6094,0.2809,0.2876,0.5066,37.5802
41200000,814478637,393799,2398,464,593,667,32763,0.2737,0.2971,0.3028,0.2768,0.2798,0.3195,0.5668,0.5866,0.2958,0.6645,19.2781,0.3263,0.2918,0.2849,0.5756,1.0097,25.6298
41400000,814936171,393721,2516,467,613,702,35599,0.2721,0.2943,0.2917,0.5509,0.2758,0.6401,0.2729,0.8810,0.2947,1.3268,20.0972,0.3144,0.3014,0.2890,0.2874,1.5226,27.9122
41600000,815186921,393749,2567,469,622,712,37046,0.2720,0.2913,0.2942,0.2687,0.2714,0.3159,0.2723,0.2955,0.2931,2.0033,21.0434,0.3208,0.2999,0.5771,0.2931,2.0496,29.1614
41800000,815491954,393919,2724,474,674,744,40864,0.1367,0.1443,0.2931,0.2690,0.1388,0.3155,0.1392,0.2938,0.1485,0.3373,0.3408,0.1644,0.2989,0.4333,0.2908,1.2725,5.0169
42000000,815411124,394071,2790,477,697,781,39416,0.5597,0.3000,0.2953,0.2712,0.2784,0.3244,0.5678,0.2934,0.6101,1.3475,1.3608,0.6673,0.9257,0.2794,0.8967,3.1475,12.1251
42200000,815488461,394004,2829,479,660,803,40836,0.2796,0.2947,0.2956,0.5447,0.2837,0.3245,0.2826,0.2880,0.9052,2.0080,2.0278,0.9794,0.3014,0.2908,0.3010,0.5100,9.9170
42400000,815589741,394017,2933,481,793,839,42762,0.5389,0.3053,0.5813,0.2720,0.2743,0.3244,0.5478,0.2960,1.1497,2.5660,2.5922,0.3275,0.3049,0.5635,0.5784,0.5091,11.7312
42600000,815898492,393788,2931,482,669,743,36209,0.8575,0.6225,0.9183,0.5728,0.2725,0.3144,0.2811,0.6146,1.5372,3.4315,0.6776,0.3196,0.6289,0.8932,0.9175,1.0544,13.9136
42800000,816055408,393669,3005,486,767,761,36764,0.2786,0.2977,1.1783,0.8186,0.5356,0.6073,0.5390,0.8800,1.7602,3.9017,0.6521,0.6242,0.9007,1.1352,1.1697,0.5068,15.7857
43000000,816602177,393491,2914,487,677,739,33811,0.5668,0.2883,0.2944,1.1328,0.2683,0.3049,0.8463,1.2247,0.2895,4.7784,1.3470,0.9772,0.2957,0.2814,0.2877,1.0407,14.2241
43200000,816676839,393406,2885,490,652,708,32048,0.4214,0.2960,0.1510,0.7004,0.1363,0.3142,0.1391,0.1488,0.1482,2.7227,1.0082,0.1593,0.1509,0.2848,0.1481,0.7744,7.7037
43400000,816730279,393434,2896,492,668,747,36580,1.0948,0.8695,0.5958,1.6316,0.5441,0.3140,0.2827,0.5776,0.5860,5.9382,0.6813,0.3210,0.5948,0.8346,0.5867,2.0080,17.4608
43600000,816866342,393332,2863,494,663,767,35127,0.2827,1.1447,0.8813,1.8697,0.2743,0.6358,0.5522,0.8631,0.2921,6.4723,1.3318,0.3153,0.8775,1.1116,0.8616,2.4732,20.2392
43800000,817311549,393324,2832,496,676,752,35459,0.5642,0.2931,1.1910,0.2771,0.5560,0.9709,0.8375,0.2909,0.5883,0.6540,0.6622,0.3132,0.2861,0.2856,0.2844,3.0548,11.1092
44000000,817169643,393312,2912,500,703,722,37183,0.2717,0.2936,1.4059,0.5279,0.8043,0.3166,0.2832,0.2967,0.2999,1.2673,1.2830,0.6166,0.3036,0.2871,0.2877,3.3701,11.9149
44200000,817398229,393483,2990,501,641,756,38086,0.5683,0.2962,1.8201,0.8528,1.1440,0.3078,0.5789,0.6185,0.6211,2.0347,2.0582,0.9851,0.2934,0.5937,0.6077,4.1620,17.5426
44400000,817391690,393321,2948,503,753,736,37542,0.4188,0.2992,0.1535,0.1409,0.6982,0.3106,0.1448,0.1470,0.1527,0.3368,0.3408,0.6409,0.2973,0.1458,0.1534,2.2785,6.6589
44600000,817267732,393368,3020,508,706,753,35412,1.1248,0.9013,0.6097,0.5655,1.6980,0.9446,0.5779,0.5909,0.6030,1.3405,1.3569,1.6237,0.9052,0.5875,0.6068,5.1283,19.1643
44800000,817403454,393280,2993,509,699,754,36236,1.3972,1.1927,0.8987,0.2768,1.9609,1.2533,0.8506,0.8829,0.9012,1.9924,2.0182,1.9324,1.1985,0.8711,0.8934,5.6082,24.1284
45000000,817343500,393111,3018,513,679,798,39825,0.2759,0.2890,0.2875,0.5472,0.2706,1.5483,0.2777,0.2998,0.2998,0.6525,0.6569,0.3249,1.4726,0.2888,1.1649,5.9995,14.6558
45200000,817394209,393027,3045,519,801,820,42205,0.2843,0.3001,0.5806,0.2757,0.5429,0.3249,0.5490,0.5890,0.3046,1.3053,1.3149,0.6384,0.3006,0.2759,1.4234,6.3439,15.3534
45400000,817624498,393102,3151,520,731,795,40641,0.2773,0.6065,0.9102,0.2714,0.8522,0.6599,0.2698,0.9130,0.2965,2.0306,0.6597,0.3203,0.6192,0.5731,0.2901,0.5080,10.0577
45600000,817481180,393047,3172,522,771,883,42133,0.2779,0.8839,0.3021,0.2784,0.2780,0.9610,0.2780,0.2905,0.5892,2.6403,1.3124,0.6373,0.3155,0.2897,0.3066,0.5098,10.1507
45800000,817633318,393096,3288,523,763,890,43433,0.5456,1.1668,0.5933,0.5457,0.5466,1.2569,0.5475,0.5764,0.8757,3.2428,1.9506,0.9525,0.2990,0.5650,0.2942,1.0069,14.9655
46000000,817516011,392978,3306,526,842,792,38723,0.8379,0.2956,0.8997,0.8384,0.8406,0.3232,0.8385,0.8851,1.2024,3.9939,2.6723,1.3006,0.6111,0.2965,0.2886,0.5080,16.6324
46200000,817815078,392914,3240,529,824,809,39804,0.1381,0.2974,0.5949,0.5562,0.5599,0.3226,0.1352,0.5881,0.1499,2.3087,1.6560,0.8078,0.4604,0.2925,0.2886,0.5076,9.6641
46400000,817671803,392942,3302,533,790,846,42017,0.5585,0.8996,1.5056,1.4076,1.4130,0.9804,0.5439,1.4891,0.6025,0.6550,0.6626,1.9721,0.3056,0.8841,0.2864,0.5084,14.6747
46600000,817826473,392945,3307,534,776,830,42539,0.1372,0.1504,0.1497,0.8459,0.1364,0.6509,0.1371,0.8946,0.1467,0.6659,0.6745,1.1489,0.1547,0.5866,0.2885,0.2533,7.0212
46800000,818025574,392875,3248,539,808,884,41230,0.5566,0.2965,0.2970,0.2779,0.5472,1.6384,0.5521,2.1046,0.5906,1.9965,2.0227,2.6473,0.6125,1.4624,0.8762,1.0177,17.4962
47000000,817937568,392852,3300,545,802,781,40111,0.1383,0.1514,0.1467,0.1367,0.1431,0.1616,0.1397,0.1482,0.4443,1.3282,1.3449,0.1628,0.1546,0.1415,0.1452,0.7623,5.6493
47200000,818142038,392778,3376,547,839,816,41023,0.2753,0.2957,0.2955,0.5426,0.5559,0.6509,0.2748,0.5927,1.1730,0.6608,0.6696,0.6410,0.6067,0.5647,0.2895,2.0165,10.1053
47400000,818382906,392677,3438,548,860,870,43579,0.2755,0.5913,0.5867,0.2801,0.2758,0.9566,0.5469,0.2986,1.4456,1.2997,1.3148,0.9463,0.2944,0.2869,0.5754,0.5064,10.4808
47600000,818473208,392387,3408,555,901,856,44019,0.1354,0.1460,0.1463,0.1343,0.1393,0.1608,0.1368,0.1508,0.1467,0.9789,0.9893,0.1599,0.1482,0.1403,0.4334,0.5072,4.6537
47800000,818395559,392111,3367,556,917,860,43744,0.2774,0.3009,0.5849,0.2845,0.2723,0.6341,0.5448,0.5945,0.5854,2.5655,2.5957,0.3219,0.6058,0.5671,1.1312,1.4962,13.3622
48000000,819118966,392233,3403,559,904,793,43611,0.5461,0.3014,0.8838,0.5649,0.5485,0.9544,0.8134,0.2955,0.2973,3.2335,3.2712,0.6474,0.9108,0.8496,1.4297,0.5056,16.0529
48200000,819101869,392203,3404,560,879,783,39856,0.8396,0.6175,1.2160,0.8651,0.8415,1.3059,0.2800,0.6038,0.6031,4.0225,4.0696,1.0016,1.2484,1.1723,1.7758,0.5082,20.9710
48400000,819041884,392332,3420,562,848,819,43335,1.0876,0.8951,0.2931,1.1090,1.0883,1.5805,0.2787,0.8825,0.8814,4.5503,4.6018,1.2978,1.5039,0.2940,2.0116,0.5083,22.8640
48600000,819304490,392544,3577,565,848,804,43698,0.2723,0.2983,0.2998,0.2755,0.2697,0.3285,0.2802,1.2181,0.3018,0.6529,5.4745,0.3236,0.3060,0.2858,2.4039,0.5091,13.5000
48800000,818789651,392602,3805,570,955,1059,57048,0.1416,0.3000,0.2973,0.2759,0.2773,0.3266,0.1475,0.7423,0.1563,0.6583,2.9822,0.3284,0.3026,0.2892,0.1515,0.2657,7.6427
49000000,818537136,392549,3899,574,975,1106,54264,0.1878,0.3017,0.0990,0.2764,0.2774,0.3258,0.1907,0.0974,0.2061,0.6634,2.2116,0.3308,0.3046,0.1010,0.2003,0.1713,5.9453
49200000,818537390,392472,3999,578,907,962,53369,0.2094,0.0739,0.0731,0.0666,0.2758,0.3267,0.2112,0.0714,0.0726,0.6629,1.8374,0.3302,0.0743,0.0709,0.0720,0.2532,4.6818
49400000,818023770,392568,4088,583,1002,1120,59766,1.0695,0.5832,0.5850,0.2741,1.3230,1.5557,0.2806,0.2938,0.5830,3.1561,7.5744,1.5778,0.5864,0.5545,0.2991,0.5106,20.8067
49600000,818058525,392390,4038,586,1055,1083,54448,0.6831,0.4416,0.1429,0.1332,0.8138,0.9547,0.1397,0.1424,0.4431,1.9360,4.2032,0.9691,0.1538,0.4232,0.2982,0.5095,12.3873
49800000,818138272,392140,4005,587,1059,979,52172,0.5489,0.0980,0.1954,0.0894,0.0921,0.1073,0.0917,0.0982,0.0996,0.2192,0.2213,0.7572,0.1002,0.0966,0.2941,0.1680,3.2774
50000000,818537495,392049,3954,588,974,952,49853,0.0652,0.1461,0.2193,0.0667,0.0665,0.0788,0.1366,0.0697,0.0712,0.3236,0.3263,0.0790,0.0736,0.0681,0.2935,0.1224,2.2067
50200000,818329890,392041,4087,587,981,959,50643,0.5430,0.9094,1.1971,0.5510,0.2797,0.6520,0.8382,0.5818,0.3017,1.9870,2.0044,0.6563,0.6102,0.2878,0.2919,1.0117,12.7033
50400000,818077651,392041,4116,590,956,958,52107,0.4119,0.6075,0.1489,0.1368,0.2737,0.4930,0.1377,0.4410,0.3030,1.3307,1.3429,0.4984,0.4555,0.1411,0.1492,0.7627,7.6338
50600000,817546252,391954,4244,590,1117,1135,56905,0.0953,0.1032,0.2027,0.0943,0.0957,0.1146,0.0974,0.1078,0.3054,1.0975,1.1072,0.1168,0.4024,0.1919,0.1018,0.1771,4.4110
50800000,817504545,391846,4251,591,1000,1046,51489,0.2817,0.6158,0.9128,0.2721,0.2721,0.6823,0.2843,0.6279,1.2340,4.0265,4.0631,0.6843,0.3042,0.8800,0.2907,1.0508,16.4825
51000000,817660518,391735,4263,594,989,1054,53389,0.5607,0.9098,1.2003,0.5392,0.5403,0.3259,0.5549,0.9144,1.5242,4.6406,4.6845,1.0132,0.6001,0.2923,0.5840,1.5468,20.4310
51200000,817360586,391843,4345,597,998,1124,58424,0.4159,0.5996,0.7507,0.1422,0.4080,0.1708,0.4185,0.6011,0.1485,2.6425,2.6691,0.1672,0.4489,0.1450,0.1478,0.2572,10.1330
51400000,816814107,391849,4432,600,1114,1105,59435,0.2771,0.3050,0.3101,0.5627,1.0832,0.3289,0.2835,0.3021,0.3035,5.8810,5.9375,0.3292,0.3102,0.5842,0.5842,0.5106,17.8930
51600000,816648278,391658,4449,602,1099,1083,56524,0.2725,0.3059,0.3025,0.4189,0.6786,0.1603,0.1411,0.1508,0.1548,3.2805,3.3111,0.3286,0.1524,0.1444,0.1475,0.5095,10.4595
51800000,816616292,391642,4483,606,1045,1086,52317,0.2706,0.9288,0.9224,0.2697,0.2683,0.3214,0.5672,0.6028,0.6180,7.4856,7.5548,0.3250,0.3042,0.2899,0.5860,1.5627,22.8773
52000000,816580321,391551,4437,611,1010,1084,51903,0.5507,0.2997,1.2432,0.5529,0.2819,0.3225,0.2788,0.9165,0.9413,8.3362,0.6585,0.3306,0.3051,0.2886,0.8963,0.5074,16.7101
52200000,816516033,391525,4622,615,1071,1136,61198,0.7871,0.5714,1.4591,0.7911,0.2735,0.6367,0.5400,0.2987,1.1784,8.4464,1.2716,0.6452,0.6035,0.2921,1.1376,0.5083,19.4407
52400000,816304456,391370,4650,620,1081,1197,59191,1.0870,0.8879,1.7757,1.0749,0.2782,0.9810,0.8347,0.5970,1.5037,9.2685,1.9628,0.9964,0.9283,0.5837,1.4502,0.5093,24.7191
52600000,816196197,391456,4795,621,1087,1128,58492,0.2734,0.2940,2.1567,0.2733,0.2750,0.3375,0.2843,0.9183,1.8802,10.4123,2.7325,0.3321,1.2931,0.8952,1.8274,1.0442,25.2294
52800000,815863000,391274,4833,625,1206,1325,64618,0.5323,0.5770,2.3302,0.5320,0.2748,0.6484,0.5439,1.1629,2.0766,10.5050,3.2604,0.6508,1.5284,0.2906,2.0121,0.5072,27.4325
53000000,815208482,390957,4723,628,1128,1263,62897,0.2849,0.3053,0.2955,0.2839,0.5525,0.3314,0.8301,1.4627,0.2999,11.2201,3.9552,0.9937,1.8424,0.5816,0.2952,1.0197,24.5542
53200000,814876419,390810,4717,629,1089,1170,58163,0.1401,0.1472,0.1457,0.2778,0.1396,0.1632,0.1383,0.8844,0.1500,5.9676,2.3184,0.1673,1.0800,0.1421,0.2906,0.7649,12.9173
53400000,814777281,390848,4784,631,1178,1253,64501,0.2775,0.5774,0.5714,0.8052,0.5385,0.6393,0.5373,0.2920,0.5847,12.0193,5.0767,0.6562,2.3572,0.5550,0.8374,1.9638,28.2889
53600000,814340688,390708,4911,634,1099,1214,61077,0.2799,0.4494,0.4419,0.5495,0.4096,0.1602,0.1309,0.2913,0.1488,6.5563,2.9595,0.5039,1.3736,0.4269,0.5770,1.2634,16.5223
53800000,814008286,390803,5065,638,1302,1366,68866,0.0935,0.3994,0.1015,0.4565,0.3644,0.2201,0.1791,0.1027,0.2010,4.5682,2.1855,0.4462,1.0159,0.3803,0.4810,1.0090,12.2042
54000000,813341830,390565,5156,641,1286,1327,67139,0.2790,1.5181,0.6067,1.6492,0.2755,0.9968,0.8185,0.2961,0.9089,14.4591,7.2763,0.3475,0.3132,1.4373,1.7406,3.5537,36.4768
Report usecs used: 4829251
That is 4 seconds
Setup usecs used: 0
That is 0 seconds
Report usecs used: 4819265
That is 4 seconds
Setup usecs used: 0
That is 0 seconds
Seeding usecs used: 11040017
That is 11 seconds
Report usecs used: 5458453
That is 5 seconds
Setup usecs used: 0
That is 0 seconds
Seeding usecs used: 12331154
That is 12 seconds
Random usecs used: 49682581
That is 49 seconds
Execute usecs used: 351408205
That is 351 seconds
Cell Splitting usecs used: 30089741
Seeding usecs used: 11092397
Report usecs used: 5580747
That is 5 seconds
That is 11 seconds
Report usecs used: 4844972
Setup usecs used: 0
Random usecs used: 47925682
Report usecs used: 4856996
Report usecs used: 5554463
That is 30 seconds
Random usecs used: 47878732
That is 47 seconds
That is 4 seconds
Setup usecs used: 0
That is 0 seconds
Seeding usecs used: 11138950
That is 11 seconds
Random usecs used: 48113847
That is 48 seconds
That is 4 seconds
That is 0 seconds
Report usecs used: 6520558
That is 47 seconds
That is 5 seconds
Seeding usecs used: 12708364
That is 12 seconds
Random usecs used: 49188125
That is 49 seconds
That is 6 seconds
Setup usecs used: 1
Execute usecs used: 363604945
Execute usecs used: 363017911
Setup usecs used: 0
That is 0 seconds
Execute usecs used: 363373801
That is 363 seconds
Seeding usecs used: 12656790
That is 0 seconds
Cell Splitting usecs used: 27694752
That is 363 seconds
Execute usecs used: 349350045
That is 349 seconds
Cell Splitting usecs used: 30783952
That is 30 seconds
That is 27 seconds
That is 12 seconds
Random usecs used: 49058853
That is 49 seconds
Execute usecs used: 350038384
That is 350 seconds
Cell Splitting usecs used: 30612024
That is 30 seconds
Setup usecs used: 0
That is 0 seconds
Seeding usecs used: 11122129
That is 11 seconds
Random usecs used: 47777023
That is 47 seconds
Execute usecs used: 363432290
That is 363 seconds
Cell Splitting usecs used: 27666509
That is 27 seconds
Seeding usecs used: 11096015
That is 11 seconds
Random usecs used: 47902680
That is 47 seconds
Execute usecs used: 361860654
That is 361 seconds
Cell Splitting usecs used: 27605435
That is 27 seconds
Cell Splitting usecs used: 27609876
That is 27 seconds
That is 363 seconds
Cell Splitting usecs used: 27633974
That is 27 seconds

real	8m17.229s
user	65m56.825s
sys	0m8.374s
