200000,8548117,9485,0,1,0,0,0,0.0223,0.0270,0.0335,0.0221,0.0235,0.0326,0.0291,0.0322,0.0347,0.1615,0.1612,0.0267,0.0275,0.0310,0.0331,0.0104,0.7085
400000,16350447,19919,0,2,0,0,0,0.0456,0.0581,0.0724,0.0536,0.0558,0.0634,0.0659,0.0738,0.0649,0.3021,0.3021,0.0610,0.0688,0.0696,0.0748,0.0338,1.4656
600000,23884766,30525,0,2,0,0,0,0.0629,0.0801,0.0859,0.1167,0.0682,0.0843,0.0736,0.0887,0.0869,0.3574,0.3594,0.0755,0.0814,0.0786,0.0825,0.0905,1.8727
800000,31119870,40769,1,3,0,0,0,0.0769,0.0862,0.0936,0.0833,0.0839,0.0928,0.0898,0.0998,0.0849,0.3568,0.3568,0.0919,0.0948,0.0846,0.1785,0.0798,2.0346
[EVENT] Viable replicators have appeared!
1000000,38252776,50993,1,3,0,0,0,0.0439,0.0480,0.0528,0.0485,0.0486,0.0534,0.0455,0.0546,0.0883,0.3551,0.1782,0.0497,0.0456,0.0506,0.0512,0.0511,1.2651
1200000,45018232,60491,1,3,0,0,0,0.0890,0.1051,0.1097,0.0974,0.0986,0.1021,0.1030,0.1170,0.1074,0.3758,0.3783,0.1084,0.1072,0.1092,0.1121,0.1201,2.2406
1400000,51714962,69704,1,3,0,0,0,0.1005,0.1152,0.1219,0.1075,0.1048,0.1196,0.1039,0.1231,0.1154,0.3767,0.3797,0.1222,0.1083,0.1219,0.1235,0.1383,2.3825
1600000,58158825,78552,2,4,0,1,0,0.2141,0.1192,0.1358,0.2198,0.1160,0.2506,0.1159,0.1278,0.1198,0.4131,0.4180,0.1302,0.1180,0.2456,0.1310,0.1557,3.0304
1800000,64469859,87154,2,4,0,0,0,0.1185,0.1267,0.1365,0.1265,0.1277,0.1340,0.1223,0.1436,0.1430,0.4146,0.4188,0.1358,0.1384,0.1314,0.1410,0.1712,2.7301
2000000,70668295,95578,2,4,0,0,0,0.1255,0.1313,0.1402,0.1281,0.1304,0.1428,0.1379,0.1399,0.1383,0.8209,0.8296,0.2678,0.1289,0.2727,0.1378,0.1867,3.8587
2200000,76869506,103835,2,4,1,2,13,0.0673,0.0675,0.0762,0.0696,0.0667,0.0785,0.0713,0.0728,0.0717,0.2170,0.2200,0.0754,0.0712,0.0744,0.0757,0.1937,1.5689
2400000,82814692,111645,2,4,0,0,0,0.1374,0.1398,0.1585,0.1395,0.1464,0.1575,0.1429,0.1448,0.1555,0.4056,0.4130,0.1502,0.1430,0.1498,0.1527,0.2143,2.9508
2600000,88774847,119332,2,4,0,0,0,0.0687,0.0737,0.0804,0.0711,0.0728,0.0765,0.0746,0.0803,0.0765,0.2188,0.2221,0.0791,0.0712,0.0804,0.0814,0.1143,1.5419
2800000,94568113,126745,2,4,0,0,0,0.2841,0.3056,0.1638,0.2925,0.1522,0.1591,0.1558,0.1727,0.3134,0.8948,0.9103,0.1609,0.3026,0.1612,0.1656,0.2390,4.8337
3000000,100318577,134126,2,4,0,0,0,0.1565,0.1621,0.1704,0.1481,0.1634,0.1727,0.1591,0.1665,0.1631,0.4404,0.4496,0.1590,0.1601,0.1705,0.1723,0.2518,3.2657
3200000,105860626,141149,2,4,0,0,0,0.1583,0.1658,0.1699,0.1524,0.1686,0.1649,0.1573,0.1744,0.1704,0.4602,0.4689,0.1618,0.1585,0.1673,0.1794,0.2621,3.3401
3400000,111390688,147877,2,3,0,1,4,0.1600,0.1686,0.0898,0.1566,0.0857,0.1718,0.0850,0.0903,0.1690,0.4473,0.2247,0.0884,0.0853,0.0893,0.0882,0.1378,2.3379
3600000,116909603,154401,1,3,0,0,0,0.4830,0.1661,0.1803,0.1632,0.1722,0.5177,0.1672,0.1862,0.1724,0.4473,0.4585,0.1718,0.1722,0.1695,0.3609,0.5583,4.5468
3800000,122321338,160818,1,3,0,0,0,0.1695,0.1740,0.1837,0.1654,0.1729,0.1849,0.1715,0.1852,0.1783,0.4624,0.4734,0.1688,0.1859,0.1771,0.1835,0.2930,3.5294
4000000,127485890,166964,1,3,0,0,0,0.1812,0.1836,0.2000,0.3471,0.1838,0.1909,0.1820,0.1960,0.1876,0.4817,0.4928,0.1828,0.1783,0.3727,0.1855,0.3031,4.0492
4200000,132834937,172983,1,3,0,0,0,0.0862,0.0874,0.0934,0.0874,0.0889,0.0928,0.0828,0.1943,0.0886,0.2165,0.2238,0.0920,0.0916,0.0903,0.1869,0.3077,2.1107
4400000,138059414,178757,1,3,0,0,0,0.1832,0.1836,0.1957,0.1799,0.1827,0.1975,0.1842,0.1866,0.1889,0.4579,0.4713,0.1859,0.1839,0.1938,0.1913,0.3209,3.6873
4600000,143230902,184359,1,3,0,0,0,0.1832,0.1900,0.1962,0.1764,0.3643,0.1847,0.1782,0.1917,0.1879,0.9388,0.9636,0.1908,0.1914,0.3834,0.1970,0.3293,5.0470
4800000,148118177,189628,1,3,0,0,0,0.3713,0.1915,0.1998,0.3635,0.1897,0.2016,0.1886,0.4084,0.1938,1.4606,0.5330,0.1929,0.1958,0.1999,0.4028,0.3377,5.6310
5000000,153110754,194751,1,3,0,0,0,0.0924,0.0944,0.1024,0.0927,0.0986,0.1005,0.1875,0.0968,0.0966,0.9685,0.5108,0.0984,0.0967,0.0962,0.1018,0.1708,3.0052
5200000,158014529,199862,1,3,0,0,0,0.0658,0.0663,0.0703,0.0651,0.0653,0.0693,0.0664,0.0694,0.0681,0.8036,0.5052,0.0689,0.0663,0.1352,0.0698,0.1183,2.3733
5400000,162852641,204861,1,3,0,0,0,0.1997,0.1960,0.2092,0.1923,0.3978,0.2073,0.3864,0.4176,0.2045,0.4882,0.5035,0.2025,0.1995,0.6068,0.2132,0.7129,5.3374
5600000,167649174,209752,1,3,0,0,0,0.1987,0.2065,0.2064,0.1984,0.2012,0.2072,0.1944,0.2092,0.2004,0.4853,0.5035,0.2148,0.2049,0.2084,0.2069,0.3658,4.0119
5800000,172281886,214515,3,4,0,0,0,0.4029,0.1926,0.4225,0.4023,0.2164,0.4212,0.4023,0.4245,0.2149,0.5147,0.5327,0.2103,0.4122,0.2156,0.2168,0.3752,5.5770
6000000,176675822,218840,3,4,0,1,2,0.2090,0.4050,0.2254,0.6164,0.2130,0.2196,0.2038,0.2247,0.2147,0.5280,0.5456,0.2175,0.2111,0.2143,0.2207,0.3826,4.8513
6200000,181240098,223296,3,4,1,0,2,0.2103,0.2030,0.2204,0.2033,0.4108,0.4341,0.4050,0.4397,0.4281,1.0441,1.0772,0.4281,0.2082,0.2245,0.2217,0.3869,6.5455
6400000,185763149,227459,3,4,0,0,0,0.2152,0.2062,0.2258,0.2090,0.2159,0.2249,0.2057,0.2301,0.2162,0.5157,0.5343,0.2164,0.2136,0.2153,0.2203,0.3930,4.2576
6600000,190132412,231370,3,4,0,0,2,0.2122,0.2110,0.2238,0.2107,0.2096,0.2272,0.2033,0.2223,0.2160,0.5175,0.5378,0.2143,0.2114,0.2132,0.2211,0.3983,4.2497
6800000,194419454,235301,4,4,0,1,5,0.2157,0.2137,0.2285,0.2087,0.4198,0.2266,0.2007,0.4420,0.2182,1.0512,0.5562,0.2217,0.2137,0.2234,0.4394,0.4046,5.4840
7000000,198600922,238970,4,5,0,1,2,0.4347,0.2183,0.2378,0.2097,0.2210,0.4545,0.2221,0.6748,0.4456,1.5862,0.5496,0.2203,0.2228,0.2229,0.2359,0.8168,6.9731
7200000,202714520,242547,4,6,0,0,2,0.2201,0.2233,0.2275,0.2133,0.2237,0.2357,0.2105,0.2307,0.2258,0.5550,0.5728,0.2214,0.2250,0.2245,0.2348,0.4160,4.4601
7400000,206998444,246134,5,6,0,0,5,0.4388,0.2206,0.4622,0.2145,0.2178,0.4627,0.2175,0.4709,0.2340,1.0903,1.1270,0.2289,0.4428,0.2222,0.2328,0.4204,6.7033
7600000,211232819,249562,10,7,3,1,83,0.1108,0.1145,0.1193,0.1153,0.1121,0.1142,0.1142,0.1178,0.1163,0.2656,0.2750,0.1118,0.1118,0.1148,0.1172,0.2131,2.2436
7800000,215454248,252781,8,8,3,4,28,0.2296,0.2208,0.2320,0.2189,0.2234,0.2333,0.2159,0.2412,0.2381,1.0612,1.0992,0.2305,0.2266,0.2320,0.2415,0.4311,5.5751
8000000,219539280,256016,7,9,1,0,9,0.2230,0.2219,0.2400,0.2234,0.2248,0.2327,0.2151,0.2341,0.2378,0.5344,0.5533,0.2317,0.2250,0.2333,0.4751,0.4332,4.7389
8200000,223630845,259141,5,9,1,0,3,0.2251,0.2225,0.2419,0.2241,0.2242,0.2365,0.2311,0.2386,0.4690,0.5482,0.5675,0.2346,0.2276,0.2280,0.2359,0.8729,5.2277
8400000,227674542,262100,5,10,0,0,3,0.2275,0.4540,0.2413,0.4481,0.4503,0.2292,0.4474,0.2392,0.6962,1.0715,0.5529,0.4677,0.4555,0.2423,0.2482,0.4417,6.9128
8600000,231657571,265038,5,10,0,0,10,0.2290,0.2319,0.2378,0.2291,0.2210,0.2418,0.2334,0.2485,0.2358,0.5556,0.5736,0.2482,0.2319,0.2381,0.2417,0.8871,5.0844
8800000,235644730,267964,5,10,0,0,7,0.2392,0.2323,0.2464,0.2294,0.2360,0.2410,0.2320,0.4933,0.2417,1.0945,0.5533,0.2321,0.4680,0.2356,0.4811,0.4510,5.9071
9000000,239494084,270826,6,11,1,0,10,0.2321,0.4679,0.2596,0.2251,0.2252,0.4924,0.2243,0.7484,0.4957,1.6678,1.1341,0.2422,0.2356,0.2518,0.2463,0.4571,7.6057
9200000,243288663,273401,8,11,1,0,8,0.2290,0.2317,0.2390,0.2319,0.2337,0.2548,0.2217,0.9994,0.2421,2.2393,1.7263,0.2462,0.2287,0.2296,0.2517,0.4588,8.2637
9400000,247174852,276163,7,12,0,1,13,0.2369,0.2357,0.2511,0.2328,0.2271,0.2418,0.2268,0.2530,0.2458,2.7664,0.5869,0.2480,0.2338,0.2472,0.2418,0.9132,7.3882
9600000,250793468,278653,7,11,1,2,27,0.2382,0.4737,0.2505,0.4739,0.4627,0.4932,0.2493,0.2460,0.2426,3.3752,0.5769,0.5021,0.4813,0.4939,0.2487,1.3978,10.2060
9800000,254663024,281188,13,12,3,0,49,0.1200,0.1217,0.1232,0.1143,0.1185,0.1259,0.1158,0.1263,0.1284,0.3011,0.3100,0.1245,0.1216,0.1274,0.1257,0.9262,3.1305
10000000,258509767,283758,12,13,5,2,83,0.2352,0.2377,0.2550,0.2316,0.2390,0.2344,0.2283,0.2501,0.2485,0.5617,0.5820,0.2494,0.2353,0.2434,0.2448,2.2901,6.5663
10200000,262243139,286166,14,14,1,2,85,0.2447,0.2368,0.2513,0.2374,0.2414,0.2535,0.2284,0.2575,0.2501,0.5474,0.5655,0.2432,0.2444,0.2440,0.2525,2.7715,7.0696
10400000,265967050,288375,12,10,6,0,109,0.2395,0.2377,0.2533,0.2363,0.2388,0.2571,0.2323,0.2554,0.2522,0.5903,0.6097,0.2642,0.2424,0.2483,0.2603,3.2683,7.6861
10600000,269652794,290652,12,10,0,0,41,0.2454,0.2396,0.5104,0.4728,0.2432,0.2566,0.2327,0.2501,0.4994,0.5775,0.5988,0.2605,0.4854,0.2572,0.2649,0.4835,5.8779
10800000,273251611,292828,12,10,4,0,67,0.1234,0.1222,0.1256,0.1192,0.1199,0.1269,0.1169,0.1290,0.1233,0.2996,0.3100,0.1230,0.1239,0.1298,0.1302,0.4858,2.7086
11000000,276831742,295047,12,10,3,0,67,0.2497,0.2470,0.5012,0.2484,0.2504,0.5064,0.2434,0.2540,0.5000,1.1602,1.1997,0.2511,0.2457,0.2639,0.2725,0.4915,6.8850
11200000,280600562,297186,13,10,8,0,79,0.2490,0.2456,0.2535,0.2390,0.2462,0.2568,0.2391,0.2581,0.2528,0.5574,0.5760,0.2518,0.2442,0.2567,0.2586,0.9860,5.3707
11400000,284081982,299188,13,10,7,0,75,0.2453,0.2468,0.2597,0.2418,0.2429,0.2601,0.4882,0.2664,0.2553,0.5796,0.6003,0.2450,0.2558,0.2638,0.5251,0.4955,5.4717
11600000,287474298,301128,12,10,3,0,45,0.2495,0.4936,0.2686,0.2488,0.2555,0.2631,0.2537,0.5256,0.5134,0.6092,0.6278,0.2572,0.2597,0.2596,0.7825,0.9840,6.8518
11800000,290938278,303064,13,10,5,1,115,0.2530,0.2541,0.2710,0.2424,0.2474,0.2567,0.5011,0.2639,0.2574,0.5947,0.6142,0.5236,0.2559,0.2572,0.2549,1.4966,6.5439
12000000,294353063,304887,20,10,5,1,128,0.5005,0.2647,0.2649,0.2426,0.2509,0.2614,0.2425,0.2635,0.2653,0.6072,0.6278,0.2527,0.2594,0.2620,0.2691,0.5064,5.3409
12200000,297576050,306658,21,10,1,2,39,0.2509,0.5199,0.2674,0.4958,0.2525,0.2602,0.2508,0.2675,0.2630,1.2287,1.2697,0.2633,0.5236,0.2685,0.2611,0.5084,7.1513
12400000,300867353,308354,26,10,5,0,91,0.2596,0.2565,0.2685,0.2500,0.2528,0.2706,0.2439,0.2657,0.5344,1.8204,1.8831,0.2697,0.7721,0.2592,0.5338,0.5108,8.6510
12600000,304161235,310127,24,10,11,1,96,0.2507,0.2522,0.2695,0.2452,0.2427,0.2687,0.2470,0.2607,0.2531,0.5984,0.6172,0.2632,0.2484,0.2551,0.2706,0.5138,5.0563
12800000,307544669,311878,23,11,9,1,122,0.5066,0.2546,0.5351,0.2491,0.2526,0.2659,0.2411,0.5250,0.2552,1.1871,0.6168,0.5217,0.4999,0.5135,0.2631,1.0232,7.7103
13000000,310725884,313368,27,14,8,1,112,0.2516,0.2525,0.8126,0.5060,0.5087,0.5443,0.5021,0.2730,0.2683,0.5848,0.6067,0.2653,0.2657,0.2577,0.5408,0.5180,6.9581
13200000,313961506,314866,32,19,5,2,148,0.1273,0.2540,0.5292,0.1302,0.1292,0.3978,0.3703,0.1403,0.2638,0.5926,0.6138,0.1339,0.2618,0.1383,0.1421,0.2635,4.4880
13400000,317734882,316758,31,20,15,1,239,0.2404,0.2356,0.2435,0.2305,0.2359,0.2496,0.2362,0.2488,0.2429,0.5509,0.5710,0.2479,0.2342,0.4517,0.2502,0.4883,4.9577
13600000,321327001,318423,33,21,6,2,188,0.2418,0.2441,0.2535,0.4699,0.2429,0.2599,0.2367,0.2527,0.2524,1.1145,1.1535,0.2456,0.4859,0.2440,0.5206,0.4892,6.7072
13800000,325176335,320245,36,22,8,7,433,0.2429,0.2333,0.2468,0.2301,0.2370,0.2497,0.2337,0.2478,0.2453,0.5569,0.5767,0.2470,0.2395,0.2329,0.2545,0.9688,5.2428
14000000,328966816,321937,35,22,7,3,281,0.2412,0.2330,0.2555,0.4655,0.2346,0.2599,0.2342,0.2625,0.2484,0.5612,0.5798,0.2444,0.2440,0.4731,0.2619,1.4584,6.2576
14200000,332607938,323579,33,24,8,2,285,0.4911,0.4770,0.2562,0.7091,0.4811,0.2520,0.2316,0.2552,0.4953,0.5335,0.5536,0.2449,0.2437,0.2439,0.2558,1.9806,7.7047
14400000,336222732,325033,34,25,7,0,264,0.2376,0.2462,0.2525,0.2345,0.2336,0.2481,0.4653,0.2581,0.2494,0.5454,0.5656,0.2529,0.2450,0.2511,0.5123,2.4560,7.2536
14600000,339715269,326651,29,25,5,3,203,0.1232,0.1220,0.1290,0.1171,0.1192,0.1261,0.1199,0.1319,0.1237,0.5461,0.5661,0.1288,0.1235,0.2489,0.1290,0.2487,3.1032
14800000,343303504,328394,29,25,4,3,330,0.2469,0.2407,0.2552,0.2334,0.2398,0.2510,0.2436,0.2591,0.2466,0.5458,0.5661,0.2411,0.2471,0.2447,0.2530,0.5019,4.8159
15000000,346788382,329893,30,25,4,1,147,0.1261,0.2412,0.1300,0.1251,0.1224,0.1287,0.1179,0.2576,0.1255,0.5583,0.5784,0.1295,0.1288,0.2518,0.2590,0.2539,3.5341
15200000,350312136,331286,35,25,7,4,306,0.2465,0.2458,0.2571,0.2412,0.2452,0.2570,0.2405,0.2504,0.2459,1.6950,1.7570,0.2525,0.2596,0.2460,0.2508,1.0183,7.7089
15400000,353639115,332735,36,22,11,2,249,0.1229,0.1204,0.1297,0.1192,0.1245,0.1312,0.1199,0.2577,0.1245,0.2876,1.1751,0.1303,0.1221,0.1303,0.1286,0.2560,3.4800
15600000,357152291,334187,40,23,2,1,211,0.0812,0.0829,0.0871,0.0803,0.0788,0.0864,0.0802,0.0850,0.0859,0.1867,0.1934,0.0843,0.0827,0.0858,0.0904,0.1716,1.6427
15800000,360379647,335425,37,28,13,1,444,0.2512,0.2550,0.5253,0.2429,0.4870,0.2668,0.2449,0.2567,0.5291,0.5886,0.6088,0.5143,0.5003,0.2676,0.2719,0.5170,6.3273
16000000,363543728,336576,37,29,7,0,268,0.2561,0.5094,0.2613,0.2540,0.2539,0.2725,0.2437,0.2693,0.2595,0.5628,1.1830,0.7681,0.2528,0.2552,0.2676,1.0275,6.8967
16200000,366985822,337890,39,29,14,0,393,0.2546,0.2526,0.2650,0.2421,0.2414,0.2542,0.2401,0.2585,0.2637,0.5957,0.6171,0.2626,0.2512,0.2532,0.2714,1.5318,6.0550
16400000,370362384,339070,39,29,10,0,507,0.1247,0.1259,0.1293,0.1232,0.1253,0.1295,0.1172,0.1323,0.1295,0.2745,0.2863,0.1308,0.1263,0.1260,0.1377,0.2594,2.4778
16600000,373680494,340121,42,30,11,1,646,0.2521,0.2526,0.2613,0.2441,0.2480,0.2599,0.2362,0.2581,0.2497,0.5720,0.5888,0.2590,0.2517,0.2593,0.2663,1.0539,5.5130
16800000,376842101,341243,45,32,25,1,456,0.2569,0.5078,0.2681,0.2503,0.4956,0.5233,0.2430,0.2739,0.5076,0.6005,0.6229,0.5245,0.5006,0.5165,0.5278,1.5446,8.1637
17000000,379951995,342362,44,32,5,3,240,0.5172,0.2600,0.2671,0.5111,0.2661,0.7982,0.2527,0.5472,0.2586,1.2058,1.2492,0.2558,0.7686,0.7888,0.8032,0.5268,9.2764
17200000,383065992,343412,36,32,10,7,184,0.2588,0.2597,0.2628,0.7558,0.5191,0.2728,0.2509,0.2652,0.2645,0.5879,0.6080,0.2623,0.2586,0.2713,0.2725,0.5278,5.8980
17400000,386145852,344430,40,30,8,3,429,0.5116,0.2582,0.5238,0.9891,0.7699,0.2659,0.2486,0.2796,0.5225,0.5888,0.6069,0.2707,0.2603,0.5370,0.2805,1.0430,7.9565
17600000,389263864,345328,40,31,3,2,174,0.2593,0.2575,0.2739,0.2489,0.2583,0.2668,0.2506,0.2744,0.2723,1.1742,0.6016,0.2639,0.2615,0.2628,0.5566,0.5296,6.0121
17800000,392216332,346310,35,30,8,3,230,0.2570,0.2597,0.2760,0.2504,0.2522,0.2750,0.2445,0.2659,0.2745,1.7730,1.2131,0.2820,0.2572,0.2626,0.2741,0.5327,6.9498
18000000,395144352,347113,38,30,5,1,139,0.2617,0.5247,0.2721,0.2530,0.5197,0.5437,0.2601,0.5416,0.5420,2.4065,0.6166,0.2713,0.2621,0.2713,0.5571,0.5335,8.6368
18200000,398175213,348020,43,30,8,0,206,0.2655,0.2539,0.2853,0.2549,0.2575,0.2788,0.2505,0.2742,0.2623,0.5935,0.6131,0.2680,0.2620,0.2665,0.2698,1.0584,5.7143
18400000,401343507,348968,40,30,4,0,313,0.2562,0.5012,0.2619,0.2521,0.2565,0.2606,0.2484,0.2596,0.2599,0.5717,1.2101,0.2656,0.2557,0.2605,0.5354,0.5335,6.1889
18600000,404298105,349785,44,30,7,5,413,0.1339,0.1339,0.1368,0.1272,0.1326,0.1416,0.1329,0.1402,0.1351,0.3031,0.3134,0.1356,0.1321,0.1396,0.1423,0.2733,2.6535
18800000,407225709,350687,42,31,18,1,513,0.2637,0.2630,0.2687,0.2448,0.2570,0.2697,0.2545,0.2722,0.2665,0.6059,0.6276,0.2691,0.2589,0.2663,0.2716,0.5393,5.1988
19000000,410250622,351507,45,32,12,4,573,0.5378,0.5441,0.5539,0.2528,0.2585,0.5465,0.2486,0.5637,0.5410,1.1980,1.2414,0.5477,0.5349,0.5336,0.5527,1.1013,9.7566
19200000,413223299,352325,52,32,7,4,207,0.2622,0.8031,0.2599,0.2531,0.2533,0.8026,0.2546,0.8257,0.2660,0.6011,0.6211,0.8022,0.2634,0.2612,0.2760,1.6222,8.4280
19400000,416169456,353164,60,33,4,3,110,0.2603,0.2545,0.2722,0.2517,0.2586,0.2756,0.5076,0.2788,0.5269,0.5825,0.6026,0.2676,0.5158,0.5276,0.5427,2.1367,8.0616
19600000,419162413,353945,64,37,9,6,198,0.5220,0.2625,0.2651,0.5099,0.5194,0.5464,0.7539,0.2688,0.2661,1.2100,0.6442,0.5354,0.2582,0.7899,0.2707,2.6995,10.3219
19800000,421941481,354651,58,38,7,6,156,0.2613,0.2634,0.2830,0.2520,0.2568,0.2765,0.2501,0.2665,0.5491,0.6187,0.6357,0.8109,0.2638,0.2648,0.5584,0.5457,6.3565
20000000,424931148,355339,60,38,8,4,188,0.2613,0.5174,0.5445,0.4962,0.2580,0.2697,0.4904,0.5446,0.8140,0.6080,1.2499,1.0570,0.5167,0.5299,0.2734,1.0792,9.5100
20200000,427762192,355992,63,40,8,9,220,0.2618,0.2660,0.2706,0.7551,0.2575,0.2781,0.2470,0.2786,1.0883,0.5995,0.6202,0.2685,0.2651,0.2719,0.2715,1.6337,7.6333
20400000,430428501,356520,65,34,8,2,169,0.2701,0.5360,0.2762,0.2565,0.2642,0.2713,0.2574,0.2881,0.2719,1.2220,1.2603,0.2763,0.2651,0.2721,0.2830,0.5485,6.8189
20600000,433299289,357287,60,33,15,6,277,0.2623,0.2669,0.2762,0.5059,0.2591,0.5343,0.2573,0.2718,0.2658,0.6019,0.6224,0.5426,0.5244,0.5353,0.2752,1.0886,7.0900
20800000,436120075,358088,63,35,13,1,303,0.2643,0.2668,0.2778,0.2529,0.2620,0.2773,0.2655,0.2753,0.2668,0.5951,1.2261,0.2810,0.2678,0.2735,0.2820,0.5499,5.8840
21000000,438637862,358676,64,36,18,3,335,0.1295,0.1310,0.1352,0.1297,0.1282,0.1369,0.1308,0.2780,0.1371,0.3041,0.3126,0.1328,0.1339,0.1342,0.2846,0.2697,2.9082
21200000,441331769,359222,61,37,9,5,251,0.2632,0.5293,0.2773,0.2633,0.2596,0.5604,0.2593,0.2757,0.2844,0.6171,0.6378,0.5448,0.2692,0.2717,0.2780,1.1050,6.6961
21400000,443935692,359721,54,37,5,3,180,0.2702,0.7930,0.2767,0.2587,0.2724,0.2874,0.2693,0.2863,0.2744,0.6155,0.6381,0.2775,0.2623,0.5499,0.5684,0.5537,6.4538
21600000,446450913,360230,60,37,9,9,162,0.2700,0.2652,0.2803,0.2637,0.2573,0.2750,0.2627,0.2881,0.5450,1.2458,1.2905,0.2712,0.2693,0.2729,0.2902,0.5530,6.9000
21800000,448981871,360866,59,37,5,8,135,0.5387,0.2634,0.2909,0.2642,0.2672,0.2788,0.2573,0.2773,0.2726,0.6046,0.6266,0.2809,0.2734,0.2755,0.5788,0.5554,5.9054
22000000,451470448,361546,66,37,9,4,250,0.1334,0.1389,0.1436,0.1331,0.1354,0.1431,0.1313,0.1429,0.1398,0.3192,0.3296,0.1379,0.1341,0.1345,0.1441,0.5554,2.9962
22200000,453953833,362123,76,37,7,9,418,0.2666,0.5515,0.2821,0.5261,0.2631,0.2770,0.2657,0.2886,0.2666,1.2636,0.6398,0.2847,0.2688,0.2730,0.2892,1.6801,7.6866
22400000,456411869,362686,74,37,16,4,442,0.5327,0.2739,0.2939,0.7855,0.2673,0.5590,0.2729,0.5708,0.2847,0.6434,1.2932,0.2797,0.2877,0.5516,0.5801,2.2118,9.6884
22600000,458845499,363152,80,37,15,6,347,0.2800,0.5432,0.2944,0.2635,0.2692,0.2858,0.2672,0.2866,0.5694,0.6448,0.6632,0.2848,0.2863,0.2890,0.8608,0.5613,6.6495
22800000,461287656,363706,78,37,18,8,297,0.1368,0.4083,0.2889,0.1338,0.1331,0.1487,0.1352,0.1499,0.1409,0.6463,0.6644,0.1416,0.1388,0.2855,0.1446,0.2843,3.9810
23000000,463811725,364056,72,37,9,6,165,0.2732,1.0921,0.8692,0.2656,0.2651,0.5836,0.5403,0.2896,0.2783,0.6226,1.9738,0.5584,0.5529,0.8526,0.2887,0.5603,9.8662
23200000,466286502,364723,69,40,7,2,116,0.2713,0.2726,1.1722,0.2622,0.2694,0.8737,0.2599,0.2791,0.5550,1.2772,0.6642,0.2781,0.2659,1.1462,0.2945,1.1321,9.2737
23400000,468701430,365165,72,40,12,9,124,0.2821,0.2674,0.2979,0.2683,0.2722,0.2804,0.2629,0.2850,0.2811,0.6528,0.6706,0.2827,0.2679,0.2808,0.2943,0.5654,5.5120
23600000,471027138,365642,60,37,5,4,134,0.2780,0.5505,0.2968,0.2683,0.5494,0.5723,0.2746,0.5938,0.5711,1.3221,1.3601,0.2718,0.2789,0.2835,0.2822,0.5637,8.3168
23800000,473425711,366188,68,37,2,4,212,0.2761,0.2711,0.5836,0.2628,0.2687,0.2821,0.2798,0.2845,0.2838,1.9389,1.9967,0.2769,0.2763,0.5675,0.2940,0.5655,8.7081
24000000,475919601,366719,64,39,5,10,79,0.2713,0.2687,0.2867,0.5278,0.5363,0.2872,0.2684,0.5625,0.2840,2.5360,2.6126,0.2755,0.2827,0.2774,0.5736,0.5672,10.4179
24200000,478475729,367148,68,41,3,9,121,0.5554,0.2792,0.2850,0.8083,0.2640,0.5779,0.2599,0.2843,0.2733,0.6227,0.6388,0.2782,0.5641,0.2842,0.2850,1.1470,7.4073
24400000,480747146,367559,68,32,7,11,315,0.8401,0.2722,0.2798,0.2726,0.2707,0.2923,0.2687,0.2856,0.2800,1.2980,0.6920,0.2894,0.2812,0.2812,0.5716,0.5684,7.0437
24600000,483073846,367989,72,32,5,13,251,0.2698,0.5436,0.2868,0.2665,0.2652,0.2959,0.2639,0.2873,0.2836,0.6482,0.6696,0.2786,0.5580,0.2812,0.2929,0.5665,6.0575
24800000,485268029,368330,75,32,3,11,253,0.5463,0.8084,0.2813,0.5357,0.2784,0.2816,0.2740,0.2936,0.2763,0.6526,1.3431,0.2815,0.8328,0.5704,0.2926,1.1333,8.6820
25000000,487472085,368681,76,35,5,9,382,0.1360,0.1452,0.1462,0.1344,0.1364,0.1430,0.1288,0.1474,0.1401,0.6447,1.0005,0.1438,0.1345,0.1387,0.1536,0.2833,3.7566
25200000,489443331,368962,79,38,7,12,373,0.2805,0.5739,0.3104,0.5498,0.5544,0.2984,0.2730,0.2959,0.5729,1.9898,2.7333,0.5826,0.5555,0.5719,0.3145,1.1493,11.6060
25400000,491714777,369237,90,38,12,16,568,0.5578,0.8410,0.5925,0.8143,0.2743,0.5841,0.2633,0.2876,0.2817,2.6078,3.3657,0.2800,0.8380,0.8506,0.2909,1.7095,14.4390
25600000,493964509,369704,91,37,21,9,598,0.2730,0.2739,0.2897,0.2666,0.5369,0.2900,0.2754,0.2812,0.2820,3.2752,4.0543,0.2915,0.2747,1.1410,0.5910,0.5714,12.9678
25800000,496053636,370066,85,37,8,8,800,0.1412,0.2790,0.2900,0.1340,0.1356,0.2951,0.2724,0.2851,0.1435,0.3369,0.3475,0.1459,0.1386,0.1455,0.1496,0.5719,3.8119
26000000,498097543,370453,93,33,16,15,852,0.5638,0.2700,0.2901,0.5395,0.2830,0.2930,0.8201,0.2974,0.2857,0.6546,0.6759,0.2893,0.2809,0.2870,0.3050,0.5739,6.7092
26200000,500188019,370717,97,41,12,7,770,0.2748,0.2743,0.2879,0.2678,0.2741,0.2989,0.2715,0.2842,0.2881,1.2888,1.3301,0.5780,0.2807,0.2873,0.6107,0.5712,7.4684
26400000,502257333,371141,94,41,11,9,723,0.2759,0.5493,0.2843,0.2646,0.2697,0.2997,0.2782,0.2919,0.2922,1.9520,2.0119,0.2856,0.2834,0.2764,0.2945,0.5713,8.4808
26600000,504437640,371517,94,41,11,10,739,0.2769,0.2805,0.2903,0.2715,0.2733,0.3031,0.2666,0.5730,0.2917,0.6474,0.6685,0.2899,0.2905,0.2850,0.3075,1.1317,6.4475
26800000,506568212,371967,93,34,6,12,805,0.2855,0.2719,0.5857,0.2719,0.2736,0.3061,0.2818,0.8804,0.2904,1.3105,1.3506,0.2843,0.2857,0.2850,0.6063,0.5734,8.1430
27000000,508649329,372299,79,33,8,15,575,0.5625,0.5567,0.2960,0.2706,0.2716,0.5963,0.5435,1.1750,0.2903,0.6627,0.6847,0.5732,0.2802,0.5690,0.8965,0.5736,8.8024
27200000,510834008,372626,80,34,1,12,365,0.2711,0.2788,0.2950,0.5534,0.5519,0.2866,0.2813,0.3071,0.2826,0.6492,0.6682,0.2955,0.2771,0.2831,1.2412,0.5747,7.0968
27400000,513007640,372996,80,34,10,4,497,0.5494,0.2751,0.2890,0.2639,0.2706,0.5682,0.2729,0.2902,0.2813,0.6771,1.3656,0.2792,0.2863,0.2768,1.5448,0.5736,8.0640
27600000,515036073,373312,77,34,7,6,638,0.7982,0.5419,0.5624,0.5223,0.2805,0.8340,0.2838,0.2924,0.3009,1.2950,0.6786,0.5563,0.2854,0.5614,0.2978,0.5782,8.6689
27800000,517135354,373671,92,34,11,5,418,0.2717,0.8475,0.2869,0.2637,0.2638,0.2901,0.2726,0.2856,0.2862,0.6392,0.6603,0.8675,0.2789,0.2854,0.3080,0.5742,6.6818
28000000,519225645,374035,97,35,11,7,719,0.5396,0.2870,0.5645,0.2769,0.2881,0.2921,0.5282,0.5703,0.2966,1.2628,1.3051,1.1253,0.2780,0.2841,0.3161,0.5780,8.7928
28200000,521374739,374217,94,38,17,7,1014,0.2770,0.5711,0.2849,0.5474,0.2728,0.2855,0.2694,0.2831,0.2880,1.9368,1.9955,0.2878,0.2798,0.5692,0.6074,0.5757,9.3312
28400000,523531382,374446,100,35,10,10,831,0.5529,0.2818,0.3038,0.8216,0.5470,0.5720,0.2768,0.5734,0.2883,2.5935,2.6736,0.5778,0.5649,0.2903,0.3085,1.1564,12.3825
28600000,525534726,374819,97,35,9,9,660,0.1374,0.1423,0.1415,0.1329,0.1368,0.1395,0.1312,0.1480,0.1378,0.3223,1.7064,0.1394,0.1365,0.1386,0.1416,0.8740,4.7061
28800000,527471965,375066,105,35,11,12,1362,0.2827,0.2853,0.5681,0.2855,0.5468,0.2990,0.2744,0.2960,0.5698,1.2992,0.6802,0.5804,0.5619,0.2914,0.3009,2.3149,9.4366
29000000,529298549,375261,109,35,11,6,786,0.2889,0.5707,0.3013,0.2860,0.2866,0.3088,0.5513,0.6049,0.8627,1.9895,1.3929,0.8810,0.8568,0.5945,0.3205,2.8939,12.9903
29200000,531335922,375497,114,35,7,9,607,0.5716,0.8480,0.3013,0.2746,0.2788,0.2916,0.2789,0.2885,0.2992,2.6236,2.0467,0.2972,1.1478,0.8792,0.6151,3.4677,14.5097
29400000,533138835,375654,108,35,11,8,643,0.2835,0.2827,0.3079,0.2731,0.2786,0.2862,0.2778,0.2945,0.2929,3.3630,2.8004,0.2916,0.2793,0.2873,0.9241,0.5797,11.1024
29600000,534854021,375889,110,35,21,6,735,0.2857,0.2810,0.2932,0.2818,0.5577,0.2922,0.2717,0.3013,0.2964,0.6895,0.7057,0.3079,0.2954,0.5833,0.3203,0.5825,6.3456
29800000,536742808,376160,108,38,10,14,723,0.2872,0.5606,0.2989,0.2792,0.2885,0.5873,0.2824,0.5913,0.5839,1.3606,1.3957,0.2887,0.2909,0.3021,0.3062,1.1561,8.8595
30000000,538573327,376222,108,38,13,13,540,0.2894,0.2863,0.6015,0.5507,0.5733,0.2912,0.2702,0.2931,0.2946,2.0513,2.1053,0.2926,0.2871,0.2842,0.3060,1.7433,10.5200
30200000,540623293,376480,104,38,13,21,569,0.2872,0.2805,0.2944,0.2749,0.2843,0.2911,0.2722,0.2939,0.2989,0.6632,0.6842,0.2915,0.2829,0.2893,0.3079,0.5811,5.6775
30400000,542535898,376652,102,38,8,12,446,0.5620,0.2930,0.5823,0.5400,0.2817,0.2946,0.2848,0.3081,0.5866,0.6767,0.6955,0.2924,0.2816,0.5682,0.6056,1.1476,8.0008
30600000,544393012,376861,101,38,13,25,585,0.8549,0.5817,0.2913,0.8284,0.2794,0.2972,0.2808,0.2950,0.2990,1.3848,1.4255,0.3025,0.2820,0.2906,0.3220,1.7468,9.7618
30800000,546738848,377315,104,38,23,10,390,0.1400,0.4304,0.2890,0.1361,0.1397,0.2900,0.1317,0.2902,0.2910,0.3202,0.3292,0.1398,0.2764,0.2850,0.1461,0.2903,3.9252
31000000,548698629,377525,95,38,13,19,569,0.2808,0.2931,0.3055,0.2768,0.2793,0.2923,0.2668,0.2910,0.2974,0.6707,1.3485,0.2878,0.2918,0.2943,0.3068,1.1614,6.9443
31200000,550677882,377892,98,38,9,19,968,0.5570,0.5610,0.6059,0.5439,0.2688,0.5804,0.2780,0.5807,0.2849,0.6715,0.6944,0.5703,0.2897,0.5836,0.5881,1.7056,9.3637
31400000,552527682,378101,101,37,12,20,654,0.2819,0.2938,0.9589,0.2680,0.2800,0.2995,0.5788,0.9338,0.2908,1.4123,1.4582,0.9122,0.2884,0.9210,0.2970,0.5842,10.0588
31600000,554286371,378397,105,37,7,19,475,0.1441,0.2909,0.6241,0.1410,0.1474,0.3016,0.1394,0.6178,0.1438,1.0438,1.0760,0.1465,0.1422,0.6082,0.1545,0.2934,6.0146
31800000,556025440,378555,105,37,13,26,655,0.2865,0.2843,0.2980,0.2779,0.2901,0.3046,0.2733,0.3117,0.2934,0.6885,0.7064,0.2987,0.2771,0.2901,0.3092,0.5856,5.7755
32000000,557767459,378763,105,37,5,9,865,0.2855,0.2844,0.2924,0.2845,0.2791,0.5935,0.2815,0.2910,0.2987,0.6814,0.7027,0.2954,0.2856,0.2948,0.3194,1.1669,6.6366
32200000,559575912,378978,97,37,6,8,692,0.2815,0.2905,0.3083,0.5601,0.5696,0.2917,0.2841,0.3067,0.2933,0.6638,0.6817,0.3010,0.2867,0.2971,0.3009,0.5843,6.3013
32400000,561495008,379332,95,37,13,9,1117,0.2825,0.2876,0.3020,0.2731,0.2793,0.3004,0.2694,0.3077,0.2908,1.3577,0.7002,0.2932,0.5757,0.2907,0.2958,0.5850,6.6910
32600000,563108555,379386,98,37,14,11,1031,0.2823,0.2772,0.2970,0.2801,0.2839,0.3028,0.2850,0.3086,0.2996,0.7150,1.4013,0.3052,0.2896,0.3020,0.6141,0.5890,6.8327
32800000,564983560,379609,112,37,11,12,1204,0.2845,0.2930,0.3061,0.5677,0.2805,0.6185,0.2794,0.6129,0.2931,1.4137,2.1363,0.6097,0.5852,0.2881,0.3141,1.1880,10.0706
33000000,566457816,379701,101,38,20,14,1005,0.2907,0.3059,0.2978,0.2826,0.2892,0.3026,0.5683,0.8990,0.3031,0.7266,2.8290,0.3060,0.2984,0.3012,0.3239,1.7489,10.0729
33200000,568117589,379934,103,41,11,6,746,0.2860,0.2917,0.3113,0.2817,0.2779,0.3061,0.2918,0.3078,0.2992,0.6881,0.7105,0.6201,0.2933,0.3018,0.6539,0.5880,6.5090
33400000,569656998,379986,101,44,14,11,816,0.2870,0.2888,0.3061,0.2817,0.2864,0.3051,0.2849,0.3031,0.3024,0.7258,0.7456,0.3114,0.3007,0.2919,0.3203,1.1916,6.5328
33600000,571304911,380124,102,44,12,9,550,0.2975,0.2872,0.3060,0.2861,0.2868,0.3146,0.2706,0.3085,0.2989,1.3995,1.4397,0.2962,0.2990,0.2924,0.3084,0.5883,7.2798
33800000,572989377,380381,104,45,7,10,796,0.2859,0.3016,0.3117,0.2804,0.2799,0.2935,0.2777,0.2981,0.2950,0.6971,0.7163,0.2945,0.2909,0.3037,0.3249,0.5904,5.8416
34000000,574487837,380499,110,48,10,13,1121,0.2911,0.5922,0.6238,0.2821,0.2892,0.3174,0.5574,0.2999,0.5998,0.7090,1.4484,0.3053,0.3026,0.6095,0.3223,0.5913,8.1412
34200000,576172865,380641,122,49,18,10,1320,0.1486,0.1463,0.1520,0.1444,0.1455,0.1560,0.1462,0.1564,0.1508,0.3400,0.3501,0.1558,0.1468,0.1498,0.1615,0.2981,2.9482
34400000,577693354,380750,122,50,9,11,950,0.2914,0.2902,0.3094,0.5646,0.2873,0.6148,0.2867,0.3124,0.5980,0.6931,0.7093,0.3066,0.5841,0.3114,0.3245,1.1767,7.6604
34600000,579402592,380829,138,51,20,14,2316,0.2874,0.5906,0.3093,0.8534,0.2775,0.3024,0.2839,0.3043,0.2978,1.3761,1.4120,0.6183,0.2935,0.6081,0.3123,1.7915,9.9182
34800000,580918747,380961,137,53,18,20,1434,0.2941,0.2891,0.6252,1.1447,0.2911,0.3013,0.2831,0.3141,0.3202,0.6831,0.7039,0.3031,0.5942,0.3070,0.6284,2.4022,9.4849
35000000,582666217,381213,127,56,16,17,995,0.2857,0.2841,0.3102,0.2757,0.2930,0.3098,0.2705,0.2995,0.2990,0.6811,0.7033,0.3006,0.2930,0.2950,0.3121,2.9480,8.1607
35200000,584407635,381387,115,56,20,12,962,0.1407,0.1422,0.1470,0.1380,0.2878,0.1480,0.1340,0.1502,0.1432,0.3362,0.3465,0.2959,0.2887,0.2941,0.3127,1.7881,5.0933
35400000,585955292,381682,123,56,11,19,953,0.2972,0.2864,0.3129,0.2907,0.2914,0.3129,0.2891,0.3260,0.3043,0.6960,0.7132,0.3095,0.2893,0.3047,0.3323,0.5912,5.9469
35600000,587480385,381826,118,56,16,19,854,0.5749,0.5716,0.6084,0.2857,0.2933,0.2951,0.5679,0.3067,0.3033,0.7058,0.7235,0.6007,0.5743,0.2935,0.3087,1.1721,8.1854
35800000,589108418,382006,119,56,12,20,583,0.8471,0.2972,0.3107,0.2767,0.2836,0.3140,0.2853,0.3009,0.2993,1.3773,0.7143,0.3055,0.2885,0.3113,0.3194,1.7257,8.2569
36000000,590704648,382184,112,58,12,16,464,0.2937,0.3044,0.2983,0.2827,0.2933,0.3018,0.2846,0.3028,0.2989,2.1152,1.4586,0.6117,0.2896,0.2971,0.3289,0.5924,8.3539
36200000,592381396,382245,110,60,9,11,511,0.2886,0.1470,0.3004,0.2812,0.1409,0.3003,0.2822,0.3023,0.1529,0.3587,0.3680,0.1507,0.1462,0.3041,0.1620,0.3019,3.9871
36400000,593870522,382335,107,61,8,15,634,0.2889,0.2900,0.3148,0.2838,0.2821,0.2973,0.8725,0.9278,0.2945,1.4615,1.4988,0.6184,0.2946,0.2890,0.6641,0.5932,9.2712
36600000,595582401,382390,105,61,9,16,606,0.5629,0.2920,0.2986,0.2714,0.5630,0.5951,1.1149,0.3078,0.3001,2.1029,2.1535,0.3088,0.2890,0.3002,0.9550,0.5948,11.0100
36800000,597119534,382572,110,62,10,16,619,0.2995,0.6050,0.2973,0.2943,0.2867,0.3138,0.2919,0.3047,0.6225,0.7123,3.0161,0.3087,0.6010,0.6229,0.3072,0.5915,9.4754
37000000,598658533,382817,116,63,20,12,962,0.2967,0.2927,0.2999,0.5703,0.2909,0.6128,0.5619,0.6066,0.3064,0.6754,3.6405,0.5984,0.2942,0.9196,0.6068,0.5929,11.1660
37200000,600258038,383018,118,63,13,12,708,0.2872,0.2967,0.3036,0.8526,0.2829,0.2974,0.2917,0.3091,0.6100,1.3901,4.3835,0.3058,0.2875,0.2975,0.9278,0.5933,11.7168
37400000,601665280,383145,121,63,16,11,718,0.5796,0.2963,0.6174,1.1506,0.2957,0.6122,0.2913,0.3061,0.9334,0.7215,0.7418,0.3040,0.3046,0.6024,0.3089,1.1990,9.2647
37600000,603290411,383297,119,64,9,14,471,0.8608,0.2900,0.9111,0.2905,0.3026,0.3101,0.2768,0.2921,1.2229,1.4045,1.4438,0.2911,0.2871,0.8976,0.6143,1.7672,11.4626
37800000,604890192,383492,136,66,18,23,708,0.2835,0.5745,1.1932,0.2830,0.2906,0.3026,0.5547,0.5975,0.3034,0.6746,2.0983,0.3043,0.2957,1.1763,0.9078,0.5925,10.4325
38000000,606361937,383713,134,67,20,15,657,0.1466,0.1477,0.1506,0.1429,0.1413,0.1532,0.1441,0.1532,0.1497,0.3657,0.3742,0.1567,0.1556,0.1508,0.1608,0.2989,2.9920
38200000,607911099,383765,140,69,20,15,800,0.2981,0.2979,0.3236,0.2878,0.2880,0.2949,0.2940,0.3089,0.2976,0.6836,0.7006,0.3025,0.2968,0.3004,0.3118,0.5941,5.8809
38400000,609299624,384007,143,70,23,10,516,0.6099,0.6057,0.6577,0.2867,0.5956,0.3040,0.2756,0.6506,0.6225,1.4385,1.4759,0.2931,0.2948,0.6269,0.3270,0.5945,9.6588
38600000,610666854,384086,146,70,14,15,725,0.8873,0.8818,0.9525,0.2837,0.2890,0.6176,0.2990,0.3091,0.3050,0.7134,2.1704,0.3144,0.5797,0.9149,0.6434,1.1721,11.3335
38800000,611960721,384043,155,70,21,13,1113,0.1431,0.1477,0.1571,0.1364,0.1398,0.1538,0.1426,0.1509,0.1481,0.3591,0.3667,0.1489,0.1451,0.1526,0.1554,0.2928,2.9401
39000000,613603360,384467,164,71,22,19,823,0.0983,0.1008,0.2103,0.0976,0.1904,0.1045,0.1899,0.2036,0.2005,0.2335,0.2416,0.1048,0.1018,0.1012,0.2104,0.2000,2.5889
39200000,615000991,384529,181,71,33,12,1873,0.2936,0.5843,0.3145,0.5730,0.8577,0.3089,0.2788,0.3059,0.3058,1.4194,1.4616,0.2948,0.2941,0.2989,0.9361,1.1873,9.7148
39400000,616478584,384575,187,72,38,14,1658,0.5764,0.2941,0.2977,0.2860,1.1313,0.3157,0.2758,0.6147,0.5985,2.0892,2.1498,0.3003,0.2960,0.5940,1.2278,1.7584,12.8058
39600000,617792814,384728,203,72,33,10,1247,0.2903,0.5772,0.3041,0.2852,0.2848,0.3087,0.2788,0.3006,0.3006,0.7213,0.7392,0.3134,0.2992,0.2993,0.3193,2.3660,7.9881
39800000,619239776,384931,216,74,45,6,1753,0.5887,0.2949,0.3029,0.5823,0.2895,0.3100,0.2883,0.3203,0.2977,0.7068,1.4873,0.6285,0.2891,0.6117,0.3071,0.5937,7.8988
40000000,620594091,384944,213,74,55,6,1850,0.2963,0.2962,0.3137,0.2922,0.2915,0.6160,0.2930,0.3103,0.3158,0.6997,0.7204,0.9138,0.5827,0.3004,0.6253,0.5985,7.4657
40200000,621619210,384954,225,75,42,11,2072,0.3034,0.3093,0.6410,0.6087,0.6013,0.3124,0.2938,0.3353,0.3048,1.4362,1.4798,0.3025,0.3120,0.3240,0.9776,0.5983,9.1402
40400000,623062641,385206,230,75,42,9,1187,0.2957,0.2956,0.3037,0.2884,0.2902,0.2965,0.2781,0.3083,0.3023,0.7024,0.7231,0.3051,0.2882,0.2946,0.3030,1.1732,6.4482
40600000,624495163,385316,224,76,42,21,1548,0.2894,0.2959,0.3120,0.2819,0.2805,0.3188,0.2846,0.3120,0.2980,0.7192,0.7420,0.3041,0.5661,0.5914,0.3202,1.7169,7.6329
40800000,625874102,385266,231,77,48,10,1268,0.5808,0.5985,0.6195,0.5785,0.3029,0.6260,0.5846,0.3142,0.3023,1.4334,1.4747,0.3088,0.8724,0.3043,0.3228,2.3328,11.5564
41000000,627477125,385463,223,77,41,9,1181,0.2864,0.3028,0.3171,0.8838,0.2762,0.3005,0.8787,0.3011,0.6010,2.1575,0.6938,0.6209,0.2945,0.6214,0.6433,3.0079,12.1868
41200000,628829042,385443,217,78,44,11,930,0.2877,0.3009,0.6134,0.2915,0.2863,0.6061,0.2874,0.3116,0.3118,2.8275,1.4229,0.3034,0.2958,0.3067,0.3144,0.5974,9.3646
41400000,630249428,385575,201,79,42,16,1010,0.3006,0.3057,0.3022,0.2868,0.2849,0.3206,0.2907,0.3087,0.3004,0.7002,0.7196,0.3139,0.2937,0.3151,0.3139,1.2174,6.5744
41600000,631496248,385591,209,82,35,11,1144,0.2907,0.5988,0.3211,0.2987,0.2944,0.3119,0.5828,0.3166,0.3112,0.6920,0.7130,0.6125,0.3051,0.3062,0.6334,0.5966,7.1851
41800000,632595365,385703,208,85,40,8,951,0.1479,0.1492,0.1596,0.1484,0.1458,0.1605,0.1524,0.1575,0.1565,0.3669,0.3756,0.1557,0.1573,0.1543,0.1710,0.3006,3.0594
42000000,633864720,385630,202,85,38,11,1061,0.2962,0.2943,0.3158,0.2847,0.2854,0.3076,0.2916,0.3057,0.3249,0.7203,0.7404,0.3102,0.2935,0.3063,0.3305,0.5962,6.0037
42200000,635003442,385674,200,86,55,20,863,0.5876,0.3009,0.3154,0.5683,0.2892,0.3100,0.5757,0.6210,0.6317,1.4501,0.7669,0.6087,0.3128,0.3059,0.6623,0.6021,8.9086
42400000,636383005,385915,196,89,37,15,968,0.9082,0.2999,0.3106,0.2835,0.2904,0.6282,0.2844,0.3082,0.9608,2.1911,0.6945,0.2992,0.3071,0.3009,1.0205,1.2258,10.3134
42600000,637632802,385977,202,89,30,9,1111,0.2969,0.2947,0.3043,0.2839,0.2935,0.3120,0.2922,0.3158,0.3100,0.7226,0.7401,0.3218,0.2979,0.3077,0.3399,1.7749,7.2083
42800000,638904471,385948,204,89,53,15,1642,0.2977,0.5970,0.6157,0.2952,0.3009,0.3275,0.2805,0.6397,0.3067,1.4494,1.4859,0.6299,0.3051,0.2946,0.3344,0.5978,8.7580
43000000,640205286,386109,196,89,47,23,1366,0.2992,0.2961,0.3120,0.2978,0.3017,0.3121,0.2872,0.3085,0.3129,0.6927,0.7123,0.2988,0.2948,0.2966,0.3197,0.5970,5.9393
43200000,641558012,386234,194,90,45,19,1107,0.1462,0.1565,0.1563,0.1457,0.1508,0.1558,0.1410,0.1563,0.1559,0.3529,0.3628,0.1520,0.1479,0.1528,0.1627,0.2986,2.9942
43400000,642993610,386324,183,91,44,19,886,0.2871,0.2946,0.6210,0.5799,0.2883,0.3101,0.2886,0.3094,0.3149,0.7049,0.7260,0.3081,0.5955,0.3076,0.6533,1.1918,7.7811
43600000,644182526,386263,168,92,29,22,822,0.5831,0.2953,0.9411,0.2859,0.2883,0.6177,0.2883,0.3150,0.6237,0.6998,0.7173,0.3096,0.2965,0.3044,0.3339,1.7908,8.6904
43800000,645373358,386338,167,92,29,15,1530,0.2986,0.3101,0.3210,0.2909,0.2902,0.3166,0.2926,0.3135,0.3201,0.7217,0.7412,0.6111,0.5840,0.3110,0.3221,0.5988,6.6435
44000000,646684932,386451,159,92,41,15,1093,0.6067,0.6252,0.3092,0.2906,0.5887,0.6366,0.5893,0.3066,0.3039,1.4685,1.5077,0.2944,0.2960,0.3061,0.3360,1.2259,9.6912
44200000,647927029,386381,141,92,32,18,480,0.2920,0.3029,0.3179,0.2880,0.2939,0.3063,0.2815,0.3257,0.3193,2.2065,2.2664,0.6149,0.2973,0.3073,0.3522,0.6021,9.3740
44400000,649353884,386467,136,92,20,7,395,0.5841,0.2937,0.3091,0.2829,0.2871,0.6040,0.2922,0.3106,0.2930,2.8679,2.9425,0.2989,0.5975,0.6156,0.3194,0.5974,11.4961
44600000,650548831,386530,126,94,28,16,672,0.1452,0.1532,0.3112,0.1413,0.2900,0.4580,0.2909,0.1596,0.1503,0.3532,0.3618,0.1531,0.1502,0.1557,0.1688,0.5984,4.0407
44800000,651692450,386644,131,97,24,8,563,0.2901,0.3094,0.3201,0.2876,0.2955,0.3097,0.8557,0.3168,0.2991,1.4284,1.4584,0.2997,0.3064,0.2973,0.3294,0.5995,8.0031
45000000,652938781,386749,131,99,16,11,483,0.3003,0.2976,0.3167,0.2867,0.2997,0.3111,0.2825,0.3107,0.3018,0.7236,0.7420,0.3021,0.3004,0.3130,0.3231,0.6001,6.0114
45200000,654307519,386892,144,101,22,9,737,0.2909,0.3062,0.3113,0.2929,0.2887,0.3124,0.2948,0.3178,0.3062,0.6930,0.7091,0.3093,0.2956,0.3009,0.3142,0.5987,5.9419
45400000,655485031,387058,160,102,42,17,929,0.2932,0.2961,0.3194,0.5855,0.5873,0.3148,0.2861,0.3190,0.3136,0.7332,0.7528,0.3018,0.3025,0.3082,0.3319,1.2068,7.2521
45600000,656749417,387129,181,103,32,15,2066,0.2910,0.3003,0.6262,0.2854,0.8496,0.6100,0.2842,0.6347,0.6219,0.7054,1.4467,0.3029,0.3042,0.3086,0.3324,1.7539,9.6575
45800000,657883639,387200,178,103,36,18,1204,0.1424,0.1557,0.1565,0.1464,0.1477,0.1584,0.1415,0.1528,0.1544,0.3502,0.3596,0.1600,0.1523,0.1534,0.1661,0.2964,2.9939
46000000,658735544,387245,174,104,27,24,1631,0.3003,0.6337,0.3368,0.3015,0.2956,0.3186,0.3012,0.3266,0.3204,0.7453,1.5188,0.6562,0.3177,0.3238,0.3434,1.2262,8.2660
46200000,659776728,387463,185,106,44,15,1707,0.2950,0.9504,0.3145,0.2939,0.2992,0.6425,0.2913,0.3176,0.3165,1.4711,2.2686,0.3080,0.3094,0.3103,0.3263,0.5997,9.3142
46400000,660765495,387521,204,106,39,17,1247,0.2987,1.2390,0.3256,0.2864,0.3065,0.9486,0.3003,0.3232,0.3087,0.7542,0.7706,0.3136,0.3001,0.3144,0.6537,0.6028,8.0464
46600000,661910982,387584,197,106,40,16,1512,0.2923,1.5308,0.6397,0.5797,0.5973,1.2584,0.2935,0.6312,0.3081,1.4740,1.5043,0.6263,0.3025,0.6201,0.9848,0.6016,12.2445
46800000,662886084,387669,191,106,41,17,1149,0.3054,0.3161,0.3151,0.8736,0.3061,0.3199,0.5702,0.3201,0.3221,0.7258,0.7469,0.3247,0.3132,0.3164,0.3452,1.1900,7.6109
47000000,663792259,387588,196,109,59,18,1656,0.2961,0.3117,0.3274,0.3060,0.2977,0.3226,0.3033,0.3364,0.3212,0.7282,0.7450,0.3130,0.3064,0.3175,0.3431,1.7995,7.3752
47200000,664964986,387676,187,108,51,8,1182,0.1436,0.1474,0.1568,0.1411,0.1431,0.1550,0.1433,0.1589,0.1503,0.7256,0.7428,0.1483,0.1494,0.1486,0.1647,0.2970,3.7160
47400000,666082304,387683,192,109,39,11,1090,0.2954,0.2970,0.3306,0.2922,0.5824,0.3221,0.2947,0.3264,0.3206,0.7314,0.7454,0.3123,0.3032,0.3031,0.3347,1.1942,6.9856
47600000,667146460,387715,188,110,54,7,1523,0.2949,0.6108,0.3071,0.2874,0.8890,0.6352,0.3001,0.3074,0.3162,1.4886,0.7553,0.6328,0.6173,0.3014,0.3314,1.8301,9.9050
47800000,668360237,387899,186,110,43,21,1404,0.6048,0.9255,0.3240,0.5874,0.2963,0.9643,0.2945,0.6387,0.3261,2.2490,1.5099,0.3158,0.9501,0.3119,0.6750,0.5991,11.5723
48000000,669208952,387960,187,110,50,20,1916,0.3092,0.2989,0.3280,0.2950,0.2983,0.3186,0.2976,0.3245,0.6221,2.8496,2.1749,0.6046,0.3042,0.3172,0.9750,0.6068,10.9247
48200000,670152193,388077,185,110,40,13,1779,0.2956,0.6080,0.6549,0.2912,0.5977,0.3222,0.2909,0.3227,0.3118,3.6154,2.9502,0.9360,0.3132,0.3208,0.3368,0.6035,12.7712
48400000,671281591,388040,195,110,44,17,1060,0.2992,0.9168,0.3164,0.2958,0.2932,0.3049,0.5841,0.6360,0.2970,0.7315,0.7496,1.2528,0.3022,0.6178,0.6704,0.6045,8.8722
48600000,672354161,388017,189,110,41,15,1649,0.1517,0.1494,0.3170,0.2955,0.1511,0.1633,0.1518,0.1590,0.1537,0.7329,0.3771,0.1589,0.1553,0.1568,0.1754,0.6046,4.0534
48800000,673458275,388070,211,110,59,22,1568,0.3015,0.2952,0.3107,0.2876,0.2994,0.3330,0.2978,0.3177,0.3147,0.7468,0.7661,0.3144,0.6122,0.3097,0.3322,1.7760,7.6151
49000000,674428170,388097,227,113,66,15,1591,0.3022,0.3068,0.3172,0.2951,0.2977,0.6684,0.6089,0.6542,0.6439,1.4805,0.7280,0.3103,0.9423,0.6318,0.3494,2.4350,10.9717
49200000,675474404,388262,233,113,58,26,1569,0.2961,0.3144,0.3233,0.2891,0.2920,0.3083,0.2935,0.3195,0.3225,0.7308,0.7501,0.2982,0.3060,0.3114,0.3338,0.6036,6.0926
49400000,676363361,388432,227,113,68,23,1585,0.3064,0.3080,0.3220,0.3021,0.2996,0.3212,0.2909,0.3275,0.3290,0.7289,0.7486,0.3162,0.3043,0.3133,0.3380,0.6053,6.1613
49600000,677406927,388522,218,113,68,16,1487,0.2993,0.2985,0.3113,0.2892,0.2927,0.3099,0.2927,0.3270,0.3100,1.4656,1.5039,0.6430,0.3060,0.3149,0.3225,0.6001,7.8867
49800000,678414715,388576,229,113,64,16,1625,0.3061,0.3212,0.3106,0.2961,0.2990,0.3225,0.2790,0.3173,0.3064,2.1579,2.2111,0.9414,0.3075,0.6153,0.3263,0.6030,9.9209
50000000,679470528,388597,242,115,57,14,2060,0.3082,0.3006,0.6199,0.2901,0.2977,0.6323,0.5607,0.6503,0.3138,2.8590,2.9322,0.3035,0.3040,0.9210,0.6533,0.6029,12.5495
50200000,680602067,388719,250,115,63,19,1448,0.3001,0.3008,0.3195,0.2965,0.2940,0.3074,0.8519,0.3231,0.6296,0.7216,0.7415,0.6153,0.6147,0.2989,0.3366,1.2049,8.1565
50400000,681690406,388767,245,114,75,15,1734,0.3009,0.3114,0.3266,0.2942,0.3023,0.3143,0.2966,0.6362,0.3151,0.7082,0.7281,0.3091,0.3151,0.3161,0.3351,0.6030,6.4124
50600000,682764976,388836,221,115,35,15,1411,0.5952,0.2976,0.3229,0.2903,0.2957,0.3034,0.2948,0.3183,0.6180,0.7234,0.7423,0.6091,0.6146,0.3018,0.6549,0.6028,7.5850
50800000,683859568,388932,218,116,43,13,1065,0.2961,0.2983,0.3151,0.2917,0.2966,0.3171,0.2866,0.3108,0.3037,1.4524,1.4956,0.3039,0.3150,0.3039,0.3169,0.6005,7.5042
51000000,684960990,389046,209,116,39,18,1132,0.3018,0.3017,0.3178,0.3004,0.5913,0.3144,0.3041,0.3233,0.3098,2.1607,2.2215,0.3058,0.2964,0.6092,0.6602,1.2013,10.5197
51200000,685821479,389064,197,116,20,15,968,0.2961,0.3041,0.3181,0.2854,0.2932,0.3270,0.2962,0.3127,0.3141,2.9172,2.9956,0.3183,0.3122,0.3138,0.3253,0.6039,10.5330
51400000,686713552,389092,181,117,35,11,790,0.3058,0.6257,0.6371,0.2933,0.3024,0.6445,0.3043,0.6458,0.3241,3.6611,3.7619,0.3124,0.3085,0.6488,0.3338,0.6039,13.7133
51600000,687610150,389037,191,117,35,17,981,0.5913,0.3057,0.3123,0.2900,0.5880,0.3206,0.2940,0.3154,0.6300,4.2431,4.3613,0.3089,0.3062,0.9444,0.3252,0.6040,14.7404
51800000,688530807,389067,196,117,31,17,906,0.2985,0.2995,0.3196,0.2929,0.8818,0.3120,0.3063,0.3211,0.3283,0.7218,0.7425,0.3137,0.3101,0.3059,0.6633,0.6043,7.0214
52000000,689535394,389041,191,117,28,13,727,0.6047,0.3004,0.3311,0.2955,1.1970,0.6381,0.6066,0.3230,0.6525,1.4662,1.5083,0.6283,0.3036,0.6327,0.3300,0.6033,10.4211
52200000,690518726,389066,191,118,44,17,903,0.3009,0.3022,0.3220,0.2916,0.2998,0.3261,0.2861,0.3282,0.3075,0.6969,0.7140,0.3177,0.3003,0.3053,0.3330,0.6007,6.0321
52400000,691122982,389033,194,118,32,15,863,0.3053,0.3222,0.3250,0.3115,0.3076,0.6716,0.5947,0.3388,0.3275,1.4752,1.5129,0.6478,0.3184,0.3154,0.3580,0.6078,8.7397
52600000,692167685,389089,204,118,42,16,1000,0.2947,0.3092,0.3078,0.2983,0.3022,0.3217,0.2921,0.3151,0.3111,2.1647,2.2243,0.3210,0.3001,0.3029,0.3297,0.6028,8.9976
52800000,693258200,389213,205,123,44,13,859,0.2965,0.6202,0.3163,0.6059,0.6089,0.6508,0.5954,0.3149,0.3209,2.9678,3.0503,0.2968,0.6066,0.6326,0.6623,0.6014,13.1474
53000000,694213548,389292,207,123,39,25,724,0.2992,0.3058,0.6364,0.2918,0.2994,0.9674,0.3088,0.6327,0.6340,0.7348,0.7545,0.3144,0.8959,0.3214,1.0036,0.6058,9.0057
53200000,695098263,389336,201,124,39,16,786,0.6045,0.6198,0.3166,0.2996,0.5886,0.3135,0.3054,0.3226,0.9467,1.4757,1.5146,0.3158,1.2061,0.3206,1.3459,0.6028,11.0986
53400000,695966703,389283,208,125,49,14,852,0.3095,0.3019,0.3248,0.2963,0.2888,0.3162,0.2941,0.3118,0.3145,2.2267,2.2866,0.3077,0.2907,0.3214,0.3314,0.6018,9.1244
53600000,696995135,389395,207,126,43,16,806,0.2978,0.3054,0.3173,0.2899,0.2880,0.3275,0.3018,0.3130,0.3051,0.6960,0.7215,0.3201,0.3017,0.3048,0.3184,0.6031,6.0113
53800000,697873401,389462,225,127,42,29,1006,0.5836,0.2982,0.3143,0.5841,0.5786,0.3214,0.5925,0.6293,0.6142,1.4336,1.4789,0.6218,0.3005,0.3100,0.6547,1.1997,10.5152
54000000,698924948,389596,240,127,61,19,1292,0.2993,0.3020,0.3157,0.2925,0.8645,0.3294,0.8734,0.3172,0.9113,0.7114,2.1699,0.3219,0.3083,0.2991,0.9527,1.7720,11.0404
54200000,699708117,389662,250,127,68,28,1426,0.3013,0.3171,0.3138,0.2993,0.3123,0.3329,0.2986,0.3237,0.3094,1.4964,3.0349,0.6523,0.3063,0.3140,1.3370,0.6069,10.5562
54400000,700490245,389643,256,127,60,22,1476,0.2982,0.3167,0.3284,0.2906,0.3029,0.6459,0.2995,0.3285,0.3318,0.7446,0.7668,0.3167,0.3071,0.3149,0.3363,0.6060,6.5350
54600000,701316611,389632,256,127,70,28,1818,0.6024,0.3240,0.6465,0.2990,0.3025,0.3311,0.2955,0.3239,0.6561,0.7190,0.7379,0.3171,0.6215,0.3192,0.6769,0.6042,7.7766
54800000,702337392,389725,274,128,96,25,2627,0.2981,0.6335,0.9476,0.5822,0.2983,0.6301,0.5868,0.3163,0.3116,1.4207,1.4615,0.6251,0.3162,0.6218,0.9913,0.6043,10.6454
55000000,703078351,389787,289,130,89,31,2404,0.3078,0.9608,0.3106,0.2951,0.6093,0.3238,0.2887,0.3192,0.6398,2.1677,2.2295,0.3245,0.3067,0.9416,0.3474,0.6071,10.9794
55200000,703696016,389673,275,132,78,24,2739,0.1534,0.1623,0.1618,0.1456,0.1473,0.1658,0.1529,0.1620,0.1600,0.3733,0.3825,0.1689,0.1584,0.1620,0.1789,0.3048,3.1399
55400000,704292697,389653,257,134,86,32,2619,0.3029,0.3152,0.3220,0.3023,0.3096,0.3292,0.3020,0.3218,0.6437,0.7715,0.7868,0.3187,0.3106,0.3314,0.3341,1.2221,7.2240
55600000,704953793,389609,259,135,70,33,2466,0.3014,0.3122,0.3232,0.2877,0.3071,0.3164,0.2905,0.3302,0.3268,0.7511,0.7685,0.3133,0.3105,0.3188,0.3332,1.8255,7.4163
55800000,705839927,389701,255,136,55,30,2703,0.2950,0.3091,0.3171,0.5789,0.3001,0.6346,0.2978,0.3293,0.3170,1.4813,1.5195,0.3284,0.3126,0.6233,0.6797,0.6053,8.9288
56000000,706640345,389598,245,137,56,34,2278,0.5958,0.3166,0.3179,0.8837,0.6041,0.3305,0.3138,0.6687,0.3223,2.2625,2.3217,0.6509,0.3009,0.9541,0.3398,0.6055,11.7890
56200000,707512926,389603,233,139,44,27,2157,0.2969,0.3141,0.3243,0.2950,0.9047,0.3238,0.3159,0.3204,0.6398,0.7445,0.7637,0.3054,0.6134,1.2499,0.3531,0.6048,8.3696
56400000,708119122,389488,228,139,52,22,1786,0.6041,0.2999,0.6487,0.3061,0.3046,0.3338,0.2989,0.3249,0.9647,1.4948,0.7737,0.6285,0.9330,0.3242,0.3389,0.6069,9.1856
56600000,708591055,389442,216,143,47,33,1704,0.4535,0.3092,0.1611,0.1572,0.1503,0.1698,0.1569,0.1691,0.1645,0.3876,0.3950,0.4800,0.6239,0.3221,0.1776,0.3083,4.5862
56800000,709603702,389519,219,145,45,18,2217,1.2025,0.3067,0.3170,0.2894,0.2984,0.3220,0.2916,0.3198,0.3183,0.7405,1.5505,0.3198,0.3004,0.3124,0.6864,0.6043,8.1800
57000000,710214763,389417,215,145,45,20,1810,0.3045,0.3028,0.3349,0.2969,0.3092,0.3204,0.2852,0.3360,0.6365,1.4630,2.2826,0.3127,0.3125,0.3101,1.0232,1.2035,10.0341
57200000,711232412,389553,217,145,49,14,1656,0.6122,0.2982,0.3137,0.2986,0.2963,0.3172,0.2921,0.3243,0.9542,0.7514,0.7658,0.3112,0.6290,0.6249,0.3296,0.6048,7.7236
Report usecs used: 2241170
That is 2 seconds
Report usecs used: 2885917
That is 2 seconds
Setup usecs used: 0
That is 0 seconds
Seeding usecs used: 5997186
That is 5 seconds
Random usecs used: 32365023
That is 32 seconds
Execute usecs used: 107325087
That is 107 seconds
Cell Splitting usecs used: 12080880
That is 12 seconds
Report usecs used: 2250742
Setup usecs used: 0
That is 2 seconds
That is 0 seconds
Report usecs used: 4212311
Seeding usecs used: 4820814
That is 4 seconds
Random usecs used: 25162431
That is 25 seconds
Execute usecs used: 120691953
That is 120 seconds
Cell Splitting usecs used: 11194615
That is 11 seconds
That is 4 seconds
Setup usecs used: 0
That is 0 seconds
Seeding usecs used: 4725105
That is 4 seconds
Random usecs used: 25411775
That is 25 seconds
Execute usecs used: 119179789
That is 119 seconds
Setup usecs used: 0
That is 0 seconds
Seeding usecs used: 4876072
That is 4 seconds
Random usecs used: 25122558
That is 25 seconds
Execute usecs used: 120370298
That is 120 seconds
Cell Splitting usecs used: 11273080
That is 11 seconds
Cell Splitting usecs used: 11043365
That is 11 seconds
Thread 0 executed 527480199 instructions
Thread 1 executed 536441317 instructions
Thread 2 executed 947545840 instructions
Thread 3 executed 532258276 instructions
Total: 2543725632

real	3m4.519s
user	12m9.677s
sys	0m3.304s
