200000,2123865,2129,0,1,0,0,0,0.0068,0.0077,0.0111,0.0080,0.0109,0.0097,0.0135,0.0080,0.0127,0.0558,0.0551,0.0126,0.0096,0.0124,0.0107,0.0019,0.2464
400000,4177432,4498,0,1,0,0,0,0.0159,0.0155,0.0169,0.0146,0.0213,0.0167,0.0201,0.0251,0.0148,0.1057,0.1047,0.0139,0.0153,0.0210,0.0233,0.0060,0.4507
600000,6139163,6981,0,2,0,0,0,0.0227,0.0321,0.0296,0.0210,0.0294,0.0348,0.0278,0.0343,0.0274,0.1832,0.1810,0.0347,0.0347,0.0314,0.0365,0.0110,0.7715
800000,8093224,9575,0,2,0,0,0,0.0301,0.0399,0.0429,0.0329,0.0383,0.0400,0.0322,0.0420,0.0410,0.1747,0.1730,0.0408,0.0363,0.0406,0.0469,0.0160,0.8675
1000000,9965839,12192,0,2,0,0,0,0.0406,0.0416,0.0441,0.0447,0.0426,0.0549,0.0387,0.0606,0.0440,0.2208,0.2180,0.0448,0.0426,0.0481,0.0427,0.0213,1.0502
1200000,11804004,14808,0,2,0,0,0,0.0393,0.0518,0.0520,0.0532,0.0474,0.0532,0.0461,0.0596,0.0680,0.2460,0.2446,0.0536,0.0515,0.0592,0.0569,0.0265,1.2088
1400000,13655126,17410,0,2,0,0,0,0.0374,0.0594,0.0553,0.0452,0.0556,0.0570,0.0471,0.0655,0.0476,0.2752,0.2742,0.0520,0.0587,0.0466,0.0640,0.0320,1.2729
1600000,15460535,20010,0,2,0,0,0,0.0444,0.0479,0.0629,0.0465,0.0520,0.0637,0.0490,0.0649,0.0483,0.2913,0.2899,0.0589,0.0511,0.0558,0.0638,0.0373,1.3276
1800000,17278850,22636,0,2,0,0,0,0.0491,0.0508,0.0654,0.0460,0.0482,0.0509,0.0467,0.0599,0.0501,0.2265,0.2258,0.0539,0.0451,0.0471,0.0670,0.0433,1.1757
2000000,18997807,25231,0,2,0,0,0,0.0506,0.0627,0.0840,0.0583,0.0624,0.0673,0.0696,0.0787,0.0621,0.2824,0.2817,0.0704,0.0700,0.0735,0.0813,0.0487,1.5037
2200000,20767239,27777,1,3,0,0,0,0.0543,0.0678,0.0593,0.0466,0.0594,0.0586,0.0568,0.0686,0.0643,0.2821,0.2826,0.0556,0.0713,0.0551,0.0651,0.0536,1.4013
[EVENT] Viable replicators have appeared!
2400000,22508937,30283,1,3,0,0,0,0.0517,0.0522,0.0585,0.0631,0.0585,0.0672,0.0508,0.0650,0.0650,0.3005,0.3007,0.0625,0.0621,0.0647,0.0735,0.0593,1.4552
2600000,24180221,32845,1,3,0,0,0,0.0601,0.0808,0.0698,0.0678,0.0708,0.0824,0.0759,0.0879,0.0728,0.3661,0.3664,0.0829,0.0743,0.0802,0.0810,0.0636,1.7830
2800000,25899630,35292,1,3,0,0,0,0.0565,0.0736,0.0776,0.0676,0.0721,0.0835,0.0672,0.0786,0.0809,0.3140,0.3140,0.0678,0.0777,0.0752,0.0708,0.0693,1.6464
3000000,27594467,37728,1,4,0,0,0,0.0597,0.0727,0.0711,0.0670,0.0671,0.0711,0.0657,0.0769,0.0863,0.3188,0.3179,0.0747,0.0680,0.0872,0.0902,0.0743,1.6685
3200000,29300998,40195,1,4,0,0,0,0.0554,0.0745,0.0707,0.0642,0.0646,0.0649,0.0713,0.0897,0.0699,0.3013,0.3014,0.0833,0.0656,0.0651,0.0817,0.0780,1.6016
3400000,30966184,42618,1,4,0,0,0,0.0669,0.0721,0.0749,0.0693,0.0712,0.0773,0.0762,0.0901,0.0676,0.3130,0.3145,0.0706,0.0754,0.0793,0.0904,0.0853,1.6942
3600000,32615955,44994,1,4,0,0,0,0.0686,0.0663,0.0866,0.0832,0.0765,0.0924,0.0807,0.0915,0.0916,0.3253,0.3266,0.0967,0.0793,0.0846,0.0965,0.0893,1.8359
3800000,34266364,47395,1,4,0,0,0,0.0676,0.0767,0.0822,0.0752,0.0752,0.0926,0.0736,0.0861,0.0828,0.3138,0.3134,0.0960,0.0822,0.0869,0.0974,0.0937,1.7955
4000000,35868229,49790,1,4,0,0,0,0.0725,0.0794,0.0841,0.0799,0.0738,0.0902,0.0756,0.0771,0.0836,0.3551,0.3557,0.0835,0.0771,0.0955,0.0994,0.1000,1.8824
4200000,37473543,52135,1,4,0,0,0,0.0767,0.0838,0.0887,0.0781,0.0834,0.0876,0.0862,0.0925,0.0937,0.3543,0.3554,0.0953,0.0825,0.0924,0.1067,0.1045,1.9619
4400000,39070303,54440,1,4,0,0,0,0.0753,0.0827,0.1058,0.0881,0.0895,0.0889,0.0791,0.0937,0.0912,0.3322,0.3342,0.0857,0.0960,0.0918,0.0972,0.1088,1.9400
4600000,40704922,56754,1,4,0,0,0,0.0811,0.0879,0.0905,0.0886,0.0887,0.0821,0.0805,0.0845,0.0902,0.2941,0.2955,0.0920,0.0844,0.0958,0.0921,0.1131,1.8410
4800000,42329044,59058,1,4,0,0,0,0.0853,0.0924,0.0965,0.0883,0.0990,0.0928,0.0846,0.1078,0.0924,0.3603,0.3624,0.0877,0.0903,0.1046,0.1178,0.1186,2.0809
5000000,43878553,61305,1,4,0,0,0,0.0816,0.0982,0.1077,0.0828,0.0952,0.1038,0.0971,0.1294,0.0893,0.3890,0.3916,0.0948,0.0924,0.0965,0.1358,0.1227,2.2080
5200000,45440750,63584,1,4,0,0,0,0.0877,0.0928,0.0927,0.1087,0.0858,0.1122,0.1001,0.1081,0.0979,0.3903,0.3931,0.1052,0.0987,0.1137,0.1040,0.1274,2.2185
5400000,46982052,65835,1,4,0,0,0,0.0894,0.0905,0.1061,0.0906,0.0956,0.0965,0.0953,0.1020,0.0890,0.3576,0.3619,0.0997,0.0923,0.0995,0.1133,0.1334,2.1126
5600000,48542825,68115,0,2,0,0,0,0.0903,0.0886,0.1135,0.1020,0.0982,0.1032,0.0922,0.0910,0.1008,0.3406,0.3447,0.0993,0.0982,0.0965,0.1020,0.1367,2.0979
[EVENT] Viable replicators have gone extinct. Please reserve a moment of silence.
5800000,50063580,70308,1,3,0,0,0,0.0953,0.1069,0.1118,0.0955,0.1039,0.1098,0.1069,0.1126,0.1110,0.3604,0.3636,0.0980,0.1172,0.1096,0.1125,0.1409,2.2559
[EVENT] Viable replicators have appeared!
6000000,51599127,72474,1,3,0,0,0,0.0921,0.1057,0.1126,0.0946,0.0982,0.0978,0.1005,0.1180,0.0984,0.3740,0.3781,0.1022,0.1048,0.1121,0.1149,0.1458,2.2498
6200000,53147719,74671,1,3,0,0,0,0.0878,0.0914,0.1025,0.0913,0.0910,0.1033,0.0941,0.1077,0.0957,0.3248,0.3298,0.0988,0.0970,0.1050,0.1034,0.1491,2.0729
6400000,54691052,76812,1,3,0,0,0,0.0992,0.1077,0.1164,0.0939,0.1116,0.1100,0.1051,0.1137,0.1006,0.3520,0.3557,0.1111,0.1056,0.1040,0.1123,0.1576,2.2563
6600000,56192150,78945,1,3,0,0,0,0.0969,0.1165,0.1088,0.0997,0.1068,0.1163,0.1056,0.1158,0.1207,0.3650,0.3705,0.1055,0.1105,0.1137,0.1103,0.1591,2.3216
6800000,57708990,81010,0,2,0,0,0,0.0974,0.0985,0.1096,0.1036,0.1054,0.1223,0.1092,0.1223,0.1070,0.3850,0.3892,0.1008,0.1146,0.1007,0.1170,0.1633,2.3460
[EVENT] Viable replicators have gone extinct. Please reserve a moment of silence.
7000000,59180459,83086,0,2,0,0,0,0.1085,0.1134,0.1268,0.1053,0.1110,0.1273,0.1045,0.1304,0.1226,0.3310,0.3367,0.1240,0.1199,0.1164,0.1252,0.1688,2.3720
7200000,60643984,85148,0,2,0,1,0,0.1029,0.1100,0.1189,0.1085,0.1058,0.1329,0.1277,0.1242,0.1258,0.4053,0.4103,0.1203,0.1259,0.1200,0.1328,0.1731,2.5442
7400000,62101797,87214,0,2,0,0,0,0.0993,0.1273,0.1274,0.1010,0.1100,0.1229,0.1032,0.1162,0.1216,0.4135,0.4179,0.1135,0.1161,0.1121,0.1293,0.1768,2.5082
7600000,63520482,89264,0,2,0,0,0,0.1086,0.1237,0.1391,0.1108,0.1212,0.1222,0.1205,0.1414,0.1218,0.4118,0.4179,0.1165,0.1238,0.1358,0.1471,0.1824,2.6447
7800000,64961151,91291,0,2,0,0,0,0.1105,0.1171,0.1436,0.1148,0.1145,0.1186,0.1251,0.1320,0.1276,0.3576,0.3643,0.1179,0.1285,0.1363,0.1381,0.1867,2.5333
8000000,66390248,93316,0,2,0,0,0,0.1106,0.1251,0.1301,0.1181,0.1260,0.1246,0.1251,0.1275,0.1194,0.4303,0.4364,0.1155,0.1380,0.1258,0.1480,0.1916,2.6922
8200000,67835759,95290,0,2,0,0,0,0.1171,0.1331,0.1298,0.1172,0.1188,0.1253,0.1186,0.1330,0.1261,0.3887,0.3950,0.1178,0.1205,0.1266,0.1483,0.1939,2.6097
8400000,69275289,97298,0,2,0,0,0,0.1287,0.1226,0.1229,0.1186,0.1240,0.1380,0.1302,0.1407,0.1308,0.3875,0.3951,0.1278,0.1318,0.1333,0.1645,0.1981,2.6944
8600000,70735885,99294,1,3,0,0,0,0.1174,0.1213,0.1321,0.1174,0.1218,0.1315,0.1228,0.1401,0.1276,0.3803,0.3875,0.1209,0.1249,0.1244,0.1358,0.2017,2.6075
[EVENT] Viable replicators have appeared!
8800000,72156329,101185,2,4,0,1,1,0.1149,0.1315,0.1376,0.1207,0.1296,0.1332,0.1252,0.1323,0.1317,0.3723,0.3807,0.1304,0.1318,0.1453,0.1472,0.2046,2.6690
9000000,73548637,102986,2,4,0,0,0,0.1174,0.1159,0.1418,0.1212,0.1267,0.1224,0.1330,0.1339,0.1303,0.4165,0.4250,0.1295,0.1334,0.1261,0.1589,0.2116,2.7434
9200000,74930740,104910,2,4,0,0,0,0.1226,0.1274,0.1373,0.1191,0.1338,0.1402,0.1301,0.1374,0.1341,0.4210,0.4306,0.1280,0.1439,0.1401,0.1538,0.2133,2.8125
9400000,76357645,106874,2,4,0,1,1,0.1226,0.1228,0.1488,0.1183,0.1197,0.1357,0.1176,0.1409,0.1204,0.3763,0.3875,0.1264,0.1213,0.1432,0.1488,0.2190,2.6693
9600000,77764064,108821,2,5,0,0,1,0.1228,0.1251,0.1261,0.1189,0.1252,0.1387,0.1116,0.1334,0.1390,0.4315,0.4404,0.1278,0.1388,0.1386,0.1631,0.2212,2.8021
9800000,79197849,110699,2,5,0,0,0,0.1436,0.1287,0.1407,0.1218,0.1250,0.1434,0.1281,0.1397,0.1417,0.3844,0.3944,0.1347,0.1429,0.1457,0.1412,0.2254,2.7817
10000000,80550361,112592,1,5,0,0,1,0.1234,0.1262,0.1376,0.1298,0.1313,0.1401,0.1327,0.1624,0.1340,0.4207,0.4301,0.1363,0.1326,0.1391,0.1499,0.2299,2.8562
10200000,81931607,114414,2,5,0,0,0,0.1310,0.1321,0.1333,0.1252,0.1252,0.1410,0.1257,0.1411,0.1412,0.3861,0.3956,0.1394,0.1411,0.1485,0.1284,0.2335,2.7684
10400000,83315888,116211,2,6,0,0,0,0.1273,0.1230,0.1442,0.1264,0.1280,0.1404,0.1369,0.1538,0.1488,0.3939,0.4051,0.1294,0.1314,0.1341,0.1663,0.2370,2.8261
10600000,84705597,117984,2,6,0,0,0,0.1301,0.1390,0.1399,0.1328,0.1190,0.1393,0.1168,0.1438,0.1340,0.4147,0.4263,0.1256,0.1236,0.1408,0.1484,0.2418,2.8159
10800000,86065138,119761,3,6,0,1,2,0.1377,0.1358,0.1436,0.1356,0.1463,0.1528,0.1422,0.1580,0.1445,0.4087,0.4180,0.1340,0.1575,0.1510,0.1630,0.2451,2.9740
11000000,87449395,121612,4,6,1,0,6,0.1307,0.1378,0.1426,0.1305,0.1403,0.1369,0.1376,0.1358,0.1350,0.3900,0.4034,0.1507,0.1421,0.1454,0.1652,0.2470,2.8710
11200000,88839663,123410,6,6,0,1,1,0.1356,0.1353,0.1462,0.1383,0.1317,0.1465,0.1291,0.1446,0.1469,0.3652,0.3772,0.1542,0.1363,0.1502,0.1425,0.2525,2.8321
11400000,90158751,125134,8,6,0,0,12,0.1356,0.1500,0.1511,0.1427,0.1461,0.1434,0.1271,0.1426,0.1520,0.4474,0.4603,0.1406,0.1507,0.1569,0.1731,0.2542,3.0737
11600000,91482906,126855,7,6,0,0,3,0.1450,0.1437,0.1524,0.1419,0.1433,0.1614,0.1410,0.1569,0.1541,0.4127,0.4240,0.1516,0.1398,0.1368,0.1492,0.2608,3.0147
11800000,92803930,128678,7,6,0,0,14,0.1453,0.1556,0.1428,0.1417,0.1533,0.1545,0.1537,0.1564,0.1419,0.4049,0.4150,0.1463,0.1404,0.1514,0.1495,0.2634,3.0162
12000000,94081986,130420,8,6,1,0,6,0.1353,0.1527,0.1494,0.1438,0.1549,0.1583,0.1472,0.1612,0.1531,0.4473,0.4600,0.1637,0.1625,0.1581,0.1655,0.2681,3.1811
12200000,95405999,132208,9,6,0,0,12,0.1452,0.1416,0.1512,0.1394,0.1526,0.1655,0.1430,0.1554,0.1486,0.4121,0.4236,0.1472,0.1598,0.1531,0.1551,0.2695,3.0628
12400000,96725489,133931,10,7,0,0,10,0.1470,0.1509,0.1555,0.1375,0.1461,0.1473,0.1370,0.1618,0.1507,0.3775,0.3876,0.1517,0.1565,0.1601,0.1719,0.2733,3.0122
12600000,98049554,135586,9,7,0,0,13,0.1434,0.1263,0.1478,0.1524,0.1380,0.1555,0.1473,0.1576,0.1541,0.3902,0.4025,0.1502,0.1468,0.1474,0.1554,0.2780,2.9930
12800000,99347177,137291,9,7,0,0,4,0.1410,0.1538,0.1653,0.1454,0.1513,0.1632,0.1422,0.1501,0.1529,0.4696,0.4815,0.1625,0.1471,0.1696,0.1803,0.2816,3.2574
13000000,100600373,138932,8,7,1,0,10,0.1481,0.1630,0.1657,0.1404,0.1474,0.1719,0.1601,0.1618,0.1663,0.4691,0.4820,0.1560,0.1616,0.1609,0.1878,0.2859,3.3282
13200000,101868950,140588,7,7,0,1,1,0.1450,0.1498,0.1590,0.1451,0.1503,0.1656,0.1528,0.1607,0.1488,0.4138,0.4259,0.1499,0.1586,0.1517,0.1673,0.2872,3.1317
13400000,103109554,142125,7,8,0,0,12,0.1642,0.1495,0.1623,0.1683,0.1551,0.1847,0.1662,0.1753,0.1694,0.4503,0.4619,0.1595,0.1564,0.1783,0.1950,0.2927,3.3892
13600000,104384198,143741,7,8,0,0,2,0.1458,0.1491,0.1565,0.1459,0.1466,0.1470,0.1453,0.1641,0.1434,0.4535,0.4697,0.1452,0.1492,0.1573,0.1710,0.2954,3.1850
13800000,105597803,145361,8,8,0,0,5,0.1597,0.1530,0.1724,0.1514,0.1580,0.1662,0.1725,0.1680,0.1789,0.4858,0.5004,0.1459,0.1724,0.1805,0.1788,0.2991,3.4430
14000000,106848383,146924,6,8,0,0,24,0.1554,0.1504,0.1788,0.1430,0.1658,0.1500,0.1530,0.1731,0.1671,0.4660,0.4815,0.1651,0.1637,0.1600,0.1779,0.3009,3.3516
14200000,108094069,148481,5,8,0,0,1,0.1514,0.1505,0.1783,0.1539,0.1586,0.1709,0.1517,0.1693,0.1644,0.4889,0.5039,0.1687,0.1625,0.1645,0.1699,0.3044,3.4116
14400000,109395948,150063,4,8,1,0,2,0.1544,0.1509,0.1632,0.1523,0.1607,0.1641,0.1539,0.1689,0.1657,0.4001,0.4166,0.1562,0.1574,0.1619,0.1678,0.3087,3.2028
14600000,110643989,151645,5,8,0,0,7,0.1548,0.1619,0.1768,0.1498,0.1493,0.1625,0.1402,0.1631,0.1574,0.4243,0.4430,0.1548,0.1580,0.1574,0.1735,0.3116,3.2383
14800000,111848216,153171,5,8,0,0,0,0.1522,0.1636,0.1712,0.1590,0.1525,0.1811,0.1521,0.1665,0.1703,0.4698,0.4867,0.1674,0.1656,0.1758,0.1738,0.3144,3.4219
15000000,113098417,154739,6,9,0,0,3,0.1622,0.1525,0.1655,0.1597,0.1694,0.1735,0.1645,0.1739,0.1580,0.4273,0.4434,0.1595,0.1576,0.1695,0.1800,0.3178,3.3343
15200000,114322569,156317,5,9,0,0,1,0.1589,0.1618,0.1715,0.1553,0.1656,0.1797,0.1652,0.1770,0.1698,0.4515,0.4694,0.1588,0.1676,0.1731,0.2123,0.3210,3.4586
15400000,115533496,157748,6,9,0,1,2,0.1622,0.1680,0.1793,0.1632,0.1628,0.1792,0.1648,0.1789,0.1632,0.4979,0.5141,0.1730,0.1675,0.1840,0.1877,0.3233,3.5694
15600000,116726266,159235,6,9,0,0,2,0.1694,0.1679,0.1926,0.1690,0.1770,0.1881,0.1696,0.1990,0.1707,0.4397,0.4531,0.1717,0.1844,0.1665,0.2104,0.3274,3.5565
15800000,117945896,160706,7,9,0,0,1,0.1578,0.1598,0.1717,0.1707,0.1630,0.1703,0.1582,0.1631,0.1815,0.4253,0.4430,0.1623,0.1693,0.1631,0.1929,0.3293,3.3813
16000000,119137557,162172,8,9,0,0,2,0.1647,0.1598,0.1853,0.1564,0.1697,0.1731,0.1581,0.1772,0.1813,0.4352,0.4518,0.1781,0.1697,0.1637,0.2057,0.3321,3.4620
16200000,120351267,163734,9,9,0,0,5,0.1615,0.1551,0.1644,0.1539,0.1674,0.1860,0.1658,0.1836,0.1631,0.4049,0.4220,0.1550,0.1623,0.1657,0.1709,0.3353,3.3170
16400000,121559069,165254,7,9,0,1,6,0.1633,0.1695,0.1815,0.1620,0.1633,0.1625,0.1524,0.1685,0.1817,0.4241,0.4392,0.1801,0.1730,0.1851,0.1919,0.3395,3.4375
16600000,122725550,166737,8,9,0,1,2,0.1713,0.1632,0.1857,0.1704,0.1740,0.1682,0.1781,0.1846,0.1694,0.4708,0.4865,0.1834,0.1786,0.1753,0.1906,0.3423,3.5924
16800000,123886724,168073,6,9,0,2,3,0.1768,0.1643,0.1925,0.1667,0.1725,0.1757,0.1579,0.1862,0.1793,0.4790,0.4955,0.1674,0.1758,0.1818,0.1977,0.3447,3.6139
17000000,125082937,169424,6,9,0,1,1,0.1708,0.1809,0.1820,0.1584,0.1687,0.1800,0.1759,0.1809,0.1686,0.4242,0.4418,0.1859,0.1686,0.1728,0.1793,0.3487,3.4873
17200000,126266621,170824,6,9,0,0,0,0.1758,0.1724,0.1882,0.1684,0.1708,0.1824,0.1563,0.1911,0.1825,0.4514,0.4677,0.1757,0.1778,0.1768,0.1963,0.3515,3.5851
17400000,127433051,172203,6,9,0,0,0,0.1789,0.1800,0.1972,0.1777,0.1890,0.1942,0.1594,0.2021,0.1747,0.4887,0.5091,0.1866,0.1947,0.1822,0.1949,0.3546,3.7642
17600000,128626984,173523,5,9,0,0,1,0.1647,0.1629,0.1770,0.1673,0.1622,0.1787,0.1510,0.1816,0.1813,0.4415,0.4595,0.1748,0.1725,0.1676,0.1799,0.3567,3.4792
17800000,129797607,174885,5,9,0,0,0,0.1729,0.1666,0.1991,0.1647,0.1699,0.1860,0.1658,0.1804,0.1873,0.4652,0.4818,0.1930,0.1770,0.1738,0.1887,0.3595,3.6315
18000000,130972305,176268,5,9,0,0,0,0.1736,0.1739,0.1901,0.1675,0.1794,0.1806,0.1748,0.1832,0.1806,0.4438,0.4617,0.1804,0.1743,0.1868,0.2110,0.3662,3.6278
18200000,132169633,177607,5,9,0,0,2,0.1672,0.1645,0.1842,0.1706,0.1607,0.1785,0.1787,0.1947,0.1728,0.4229,0.4420,0.1726,0.1747,0.1713,0.1723,0.3649,3.4927
18400000,133316904,178930,5,9,0,0,1,0.1681,0.1834,0.1718,0.1725,0.1750,0.1889,0.1652,0.1798,0.1888,0.4234,0.4439,0.1872,0.1762,0.1837,0.1996,0.3691,3.5765
18600000,134471136,180238,5,9,0,0,0,0.1722,0.1603,0.1946,0.1651,0.1706,0.1814,0.1809,0.1850,0.1807,0.4590,0.4790,0.1737,0.1780,0.1813,0.1988,0.3703,3.6311
18800000,135631087,181591,5,9,0,0,0,0.1689,0.1736,0.1895,0.1727,0.1627,0.1858,0.1803,0.1854,0.1984,0.4701,0.4899,0.1750,0.1948,0.1776,0.2120,0.3739,3.7106
19000000,136785059,182874,5,9,1,0,3,0.1767,0.1776,0.1893,0.1785,0.1733,0.1732,0.1878,0.1836,0.1910,0.4672,0.4872,0.1765,0.1694,0.1698,0.1957,0.3763,3.6730
19200000,137899635,184176,5,9,0,0,3,0.1781,0.1757,0.1893,0.1704,0.1886,0.1826,0.1654,0.1943,0.1834,0.5028,0.5223,0.1929,0.1809,0.1812,0.2086,0.3786,3.7950
19400000,139069527,185462,6,9,0,0,3,0.1785,0.1737,0.1882,0.1747,0.1795,0.1837,0.1640,0.1974,0.1815,0.4345,0.4562,0.1772,0.1817,0.1820,0.1811,0.3829,3.6169
19600000,140127877,186691,6,9,0,0,0,0.1906,0.1827,0.1957,0.1885,0.2046,0.2082,0.1839,0.1942,0.1884,0.5217,0.5420,0.1926,0.1976,0.1891,0.2063,0.3846,3.9708
19800000,141249639,187951,5,9,0,1,3,0.1884,0.1822,0.2001,0.1838,0.1918,0.2049,0.1759,0.2050,0.1900,0.5120,0.5319,0.2087,0.1841,0.1947,0.2099,0.3861,3.9495
20000000,142349668,189126,5,9,0,0,0,0.1834,0.1785,0.2043,0.1842,0.1944,0.1989,0.1755,0.2202,0.1918,0.5269,0.5469,0.2020,0.1828,0.1992,0.2196,0.3896,3.9980
20200000,143509186,190369,5,9,0,0,0,0.1827,0.1898,0.1935,0.1766,0.1763,0.2043,0.1865,0.1920,0.1859,0.4688,0.4902,0.1940,0.1889,0.1869,0.2021,0.3906,3.8090
20400000,144582125,191534,5,9,0,0,0,0.1895,0.1968,0.1998,0.1884,0.1849,0.2046,0.1876,0.2120,0.1995,0.5242,0.5414,0.2042,0.1885,0.1947,0.2087,0.3935,4.0182
20600000,145710206,192727,7,9,0,1,3,0.1786,0.1841,0.1964,0.1799,0.1820,0.1926,0.1784,0.2015,0.1969,0.4590,0.4813,0.1828,0.1802,0.2066,0.2076,0.3967,3.8047
20800000,146825671,193921,6,9,0,1,1,0.1831,0.1904,0.2083,0.1836,0.1832,0.2012,0.1956,0.1962,0.1973,0.4605,0.4822,0.1863,0.1925,0.1900,0.2114,0.3984,3.8602
21000000,147893460,195160,7,9,0,0,2,0.1885,0.1838,0.2110,0.1974,0.1778,0.2024,0.1850,0.1998,0.1958,0.5356,0.5577,0.2092,0.1966,0.1904,0.2123,0.4026,4.0461
21200000,148987613,196375,9,9,0,0,1,0.1925,0.1781,0.2012,0.1880,0.1956,0.2049,0.1853,0.2029,0.2190,0.4753,0.4941,0.1978,0.1938,0.1856,0.2010,0.4037,3.9189
21400000,150065989,197570,9,9,0,1,3,0.1837,0.1945,0.2055,0.1728,0.1843,0.2045,0.1841,0.2045,0.2011,0.5284,0.5494,0.1964,0.1902,0.2010,0.2250,0.4077,4.0331
21600000,151106452,198738,7,9,0,0,4,0.1951,0.1806,0.2206,0.1916,0.1931,0.1951,0.1898,0.2069,0.2063,0.5307,0.5520,0.2041,0.1882,0.2014,0.1966,0.4086,4.0606
21800000,152153736,199954,7,9,1,0,1,0.2047,0.1879,0.2127,0.1973,0.1950,0.1933,0.1811,0.2224,0.1897,0.5123,0.5360,0.1948,0.1962,0.2107,0.2154,0.4119,4.0612
22000000,153216487,201046,5,9,0,0,2,0.1854,0.2039,0.2116,0.1757,0.1947,0.2011,0.1797,0.1938,0.1972,0.5412,0.5657,0.2049,0.1918,0.2060,0.2194,0.4146,4.0865
22200000,154252854,202197,5,9,0,0,3,0.1969,0.2072,0.2131,0.1981,0.1907,0.2089,0.1958,0.2064,0.2130,0.5163,0.5376,0.1894,0.2037,0.1998,0.2071,0.4167,4.1007
22400000,155333478,203393,5,9,0,0,0,0.1763,0.1734,0.2005,0.1792,0.1865,0.1939,0.1827,0.1902,0.1790,0.4955,0.5202,0.2026,0.1910,0.1852,0.2012,0.4187,3.8761
22600000,156420930,204579,4,9,0,0,0,0.1815,0.1823,0.1909,0.1919,0.1863,0.2008,0.2029,0.2104,0.1947,0.4665,0.4893,0.1947,0.1872,0.1936,0.1916,0.4216,3.8859
22800000,157495843,205710,4,9,0,0,0,0.1920,0.1893,0.2144,0.1744,0.1947,0.1951,0.1878,0.1871,0.2120,0.4702,0.4938,0.1887,0.1847,0.1987,0.2169,0.4252,3.9251
23000000,158583789,206864,5,9,0,0,0,0.2003,0.1900,0.2052,0.1910,0.2057,0.2034,0.1951,0.2090,0.2051,0.4643,0.4880,0.2019,0.1889,0.1979,0.2066,0.4259,3.9783
23200000,159569487,207917,5,9,0,0,0,0.2168,0.2198,0.2161,0.1980,0.2199,0.2204,0.1926,0.2076,0.2104,0.5086,0.5285,0.1953,0.2075,0.2225,0.2349,0.4299,4.2288
23400000,160662855,209010,5,9,0,0,2,0.1887,0.1918,0.1986,0.1866,0.1864,0.2029,0.1870,0.2029,0.1968,0.4767,0.4971,0.1898,0.1934,0.1925,0.2061,0.4294,3.9266
23600000,161730341,210111,5,9,0,0,1,0.1988,0.1885,0.2115,0.2004,0.1923,0.2071,0.1910,0.2235,0.2115,0.4683,0.4919,0.2026,0.2023,0.2049,0.2267,0.4326,4.0538
23800000,162788002,211121,5,9,0,1,2,0.1931,0.1927,0.2140,0.1841,0.1985,0.2047,0.1926,0.2139,0.2058,0.5102,0.5356,0.1927,0.1969,0.2059,0.2372,0.4340,4.1121
24000000,163796626,212133,5,9,0,0,2,0.2045,0.2027,0.2190,0.1934,0.1973,0.2119,0.2174,0.2304,0.2061,0.5081,0.5327,0.2059,0.1947,0.2097,0.2288,0.4371,4.1998
24200000,164856965,213159,5,9,0,0,0,0.1850,0.1951,0.2125,0.1858,0.1994,0.1892,0.1929,0.2010,0.1938,0.5189,0.5457,0.2020,0.1932,0.2090,0.2194,0.4396,4.0825
24400000,165887381,214187,6,9,0,0,7,0.2078,0.2065,0.2281,0.2079,0.2072,0.2004,0.1874,0.2194,0.2160,0.5190,0.5423,0.2065,0.1995,0.2075,0.2387,0.4423,4.2365
24600000,166953406,215158,8,9,0,0,4,0.2045,0.1857,0.2056,0.1912,0.2049,0.2117,0.1883,0.2106,0.2150,0.5320,0.5548,0.2150,0.1997,0.2211,0.2293,0.4436,4.2127
24800000,167969107,216247,9,9,0,0,3,0.2147,0.2003,0.2216,0.2005,0.2000,0.2159,0.1877,0.2011,0.2033,0.5724,0.5945,0.2245,0.1975,0.2084,0.2294,0.4461,4.3179
25000000,169010756,217307,10,9,0,1,17,0.2091,0.2102,0.2099,0.2046,0.2021,0.1982,0.1870,0.2253,0.2009,0.4786,0.5011,0.2099,0.1964,0.2031,0.2254,0.4479,4.1098
25200000,170020899,218356,10,9,0,0,2,0.2037,0.1946,0.2228,0.2018,0.2085,0.2172,0.1812,0.2277,0.2178,0.5123,0.5367,0.2058,0.2092,0.2182,0.2275,0.4507,4.2356
25400000,171063412,219345,10,9,0,0,12,0.1934,0.2131,0.2099,0.1887,0.1928,0.2087,0.2052,0.2049,0.1904,0.4492,0.4707,0.1919,0.2045,0.2053,0.2299,0.4511,4.0098
25600000,172119235,220369,10,9,1,0,3,0.1938,0.1986,0.1892,0.1995,0.1856,0.2063,0.1863,0.1957,0.1958,0.5449,0.5711,0.1884,0.2101,0.2128,0.2125,0.4553,4.1458
25800000,173144779,221389,10,9,0,0,4,0.2033,0.1963,0.2061,0.1966,0.2037,0.1973,0.1859,0.2247,0.2122,0.4766,0.5026,0.2294,0.2041,0.1923,0.2069,0.4579,4.0959
26000000,174143000,222345,11,9,1,0,1,0.2123,0.2150,0.1998,0.2061,0.1986,0.2042,0.1926,0.2114,0.2209,0.5499,0.5718,0.2002,0.1997,0.2097,0.2226,0.4581,4.2730
26200000,175143134,223250,9,8,1,0,13,0.2095,0.2001,0.2268,0.2065,0.1968,0.2200,0.1923,0.2241,0.2142,0.5178,0.5396,0.1967,0.2072,0.2100,0.2347,0.4604,4.2568
26400000,176155347,224217,8,8,0,0,1,0.2020,0.2177,0.2161,0.1879,0.2005,0.2206,0.2071,0.2324,0.2129,0.5393,0.5632,0.2093,0.2107,0.2072,0.2337,0.4624,4.3230
26600000,177131085,225204,8,8,0,0,1,0.2057,0.2109,0.2135,0.2003,0.2068,0.2129,0.2091,0.2407,0.2147,0.5675,0.5947,0.2175,0.2038,0.2154,0.2441,0.4645,4.4220
26800000,178138627,226169,7,8,0,0,94,0.2162,0.1927,0.2067,0.2102,0.2147,0.2221,0.1862,0.2147,0.2004,0.4997,0.5247,0.2268,0.1868,0.2104,0.2326,0.4642,4.2091
27000000,179199639,227070,6,8,0,0,1,0.1993,0.2058,0.1998,0.1955,0.1970,0.2098,0.1907,0.2078,0.2091,0.5483,0.5750,0.2127,0.2147,0.2171,0.2109,0.4688,4.2623
27200000,180248897,228050,5,8,0,0,0,0.2122,0.1949,0.2098,0.1937,0.1973,0.2244,0.1989,0.2171,0.1975,0.4460,0.4713,0.2019,0.2074,0.2023,0.2229,0.4710,4.0687
27400000,181285974,228989,5,8,0,0,0,0.1989,0.2022,0.2161,0.1898,0.1959,0.2132,0.2025,0.1983,0.2148,0.4806,0.5061,0.2009,0.2176,0.2011,0.2271,0.4735,4.1388
27600000,182300515,229840,5,8,0,0,0,0.2078,0.2082,0.2176,0.2054,0.2044,0.2146,0.2051,0.2019,0.2145,0.5405,0.5674,0.2094,0.2024,0.2102,0.2333,0.4745,4.3176
27800000,183289546,230829,6,5,0,0,0,0.2143,0.2025,0.2257,0.2162,0.2077,0.2294,0.1968,0.2165,0.2245,0.5584,0.5802,0.2100,0.2138,0.2293,0.2327,0.4756,4.4338
28000000,184308904,231695,6,5,0,1,0,0.2150,0.1919,0.2125,0.2037,0.2057,0.2130,0.1984,0.2110,0.2074,0.5032,0.5284,0.2100,0.2020,0.2149,0.2241,0.4778,4.2188
28200000,185297395,232596,6,5,0,0,0,0.2181,0.2125,0.2352,0.2190,0.2113,0.2218,0.2033,0.2242,0.2157,0.5521,0.5785,0.2222,0.2129,0.2188,0.2151,0.4783,4.4389
28400000,186282133,233538,7,6,0,0,1,0.2073,0.2239,0.2106,0.2148,0.2137,0.2259,0.2087,0.2091,0.2035,0.5309,0.5527,0.2208,0.2089,0.2150,0.2252,0.4819,4.3528
28600000,187221977,234489,7,6,0,0,4,0.2100,0.2075,0.2402,0.2088,0.2199,0.2248,0.2075,0.2247,0.2202,0.5522,0.5796,0.2180,0.2215,0.2391,0.2404,0.4826,4.4970
28800000,188237134,235322,7,6,0,0,0,0.2047,0.2080,0.2276,0.2034,0.1980,0.2169,0.2039,0.2214,0.2084,0.5037,0.5282,0.2040,0.2107,0.2232,0.2333,0.4867,4.2823
29000000,189172956,236188,5,6,0,0,0,0.2160,0.2165,0.2167,0.2203,0.2214,0.2280,0.2158,0.2337,0.2384,0.5635,0.5886,0.2102,0.2328,0.2203,0.2351,0.4865,4.5435
29200000,190138334,237039,6,6,0,0,1,0.2050,0.2242,0.2272,0.2141,0.2037,0.2245,0.1975,0.2103,0.2130,0.5750,0.6018,0.2200,0.2104,0.2126,0.2279,0.4886,4.4560
29400000,191133565,237891,6,6,0,1,3,0.2010,0.1962,0.2089,0.2097,0.2079,0.2235,0.2229,0.2162,0.2204,0.5532,0.5755,0.2303,0.2231,0.2093,0.2407,0.4920,4.4308
29600000,192085274,238747,6,6,0,1,5,0.2099,0.2310,0.2154,0.2246,0.2177,0.2168,0.2067,0.2335,0.2002,0.5865,0.6130,0.2150,0.2094,0.2234,0.2373,0.4908,4.5314
29800000,193057074,239591,5,6,0,0,1,0.2218,0.2132,0.2276,0.2052,0.2036,0.2250,0.2167,0.2250,0.2246,0.5553,0.5811,0.2090,0.2227,0.2329,0.2466,0.4926,4.5031
30000000,194054339,240521,5,6,0,0,0,0.2246,0.2201,0.2321,0.2129,0.2348,0.2351,0.2144,0.2320,0.2319,0.4902,0.5204,0.2263,0.2107,0.2296,0.2315,0.4978,4.4445
30200000,195013584,241310,5,6,0,0,0,0.2287,0.2215,0.2382,0.2099,0.2187,0.2352,0.2084,0.2384,0.2246,0.5733,0.6025,0.2207,0.2150,0.2226,0.2311,0.4990,4.5877
30400000,195892276,242108,5,6,0,0,0,0.2278,0.2198,0.2440,0.2177,0.2238,0.2406,0.2324,0.2609,0.2500,0.6791,0.7077,0.2180,0.2296,0.2411,0.2761,0.4979,4.9663
30600000,196847402,242907,5,6,0,0,0,0.2318,0.2173,0.2260,0.2250,0.2250,0.2275,0.2113,0.2247,0.2250,0.5160,0.5444,0.2347,0.2144,0.2299,0.2454,0.5020,4.5004
30800000,197789312,243654,6,6,0,1,1,0.2157,0.2050,0.2186,0.2018,0.2081,0.2182,0.2000,0.2233,0.2255,0.5477,0.5794,0.2311,0.2164,0.2155,0.2389,0.5016,4.4469
31000000,198713207,244486,6,6,0,0,2,0.2234,0.2220,0.2285,0.2136,0.2167,0.2557,0.1987,0.2412,0.2408,0.5446,0.5703,0.2281,0.2141,0.2355,0.2676,0.5045,4.6054
31200000,199683804,245255,6,6,0,0,0,0.2169,0.2038,0.2390,0.2195,0.2307,0.2255,0.2130,0.2257,0.2270,0.5318,0.5596,0.2194,0.2430,0.2185,0.2547,0.5072,4.5353
31400000,200650906,246112,4,6,0,1,2,0.2176,0.2089,0.2228,0.2106,0.2077,0.2204,0.2043,0.2271,0.2134,0.4970,0.5263,0.2197,0.2112,0.2258,0.2623,0.5076,4.3828
31600000,201553165,246871,4,6,0,0,0,0.2243,0.2284,0.2309,0.2133,0.2302,0.2417,0.2058,0.2384,0.2219,0.6030,0.6323,0.2283,0.2380,0.2334,0.2595,0.5096,4.7388
31800000,202488878,247650,3,3,0,0,0,0.2206,0.2136,0.2301,0.2089,0.2336,0.2390,0.2136,0.2276,0.2179,0.5644,0.5937,0.2102,0.2170,0.2250,0.2653,0.5112,4.5917
32000000,203419262,248442,3,3,0,0,0,0.2226,0.2080,0.2276,0.2140,0.2160,0.2136,0.2092,0.2280,0.2290,0.5078,0.5382,0.2311,0.2097,0.2404,0.2566,0.5134,4.4652
32200000,204332505,249161,3,3,0,0,0,0.2214,0.2274,0.2389,0.2185,0.2226,0.2305,0.2225,0.2291,0.2221,0.5170,0.5474,0.2321,0.2425,0.2127,0.2650,0.5139,4.5634
32400000,205236369,249935,3,3,0,0,0,0.2248,0.2195,0.2300,0.2140,0.2167,0.2430,0.2238,0.2365,0.2234,0.5473,0.5768,0.2344,0.2261,0.2421,0.2456,0.5153,4.6191
32600000,206205165,250724,3,3,0,0,0,0.2328,0.2222,0.2303,0.2339,0.2215,0.2240,0.2001,0.2397,0.2426,0.5067,0.5366,0.2418,0.2123,0.2341,0.2257,0.5171,4.5213
32800000,207169159,251471,4,3,0,0,0,0.2209,0.2097,0.2306,0.2118,0.2158,0.2174,0.1961,0.2281,0.2248,0.5236,0.5524,0.2230,0.2246,0.2212,0.2528,0.5183,4.4711
33000000,208080985,252159,4,3,0,0,0,0.2270,0.2112,0.2235,0.2106,0.2168,0.2291,0.2336,0.2471,0.2253,0.5191,0.5500,0.2185,0.2285,0.2277,0.2714,0.5207,4.5602
33200000,209003732,252985,4,3,0,0,0,0.2321,0.2104,0.2364,0.2192,0.2240,0.2401,0.2300,0.2467,0.2351,0.6017,0.6324,0.2285,0.2208,0.2377,0.2388,0.5237,4.7575
33400000,209877535,253706,4,3,0,0,0,0.2415,0.2462,0.2369,0.2398,0.2272,0.2384,0.2161,0.2245,0.2429,0.5672,0.5947,0.2373,0.2291,0.2470,0.2619,0.5229,4.7735
33600000,210753548,254349,4,3,0,0,0,0.2323,0.2215,0.2287,0.2136,0.2243,0.2389,0.2102,0.2436,0.2532,0.6129,0.6429,0.2237,0.2295,0.2384,0.2885,0.5282,4.8303
33800000,211594282,255056,3,3,0,0,0,0.2437,0.2141,0.2377,0.2222,0.2395,0.2584,0.2321,0.2357,0.2309,0.6019,0.6324,0.2353,0.2279,0.2407,0.2408,0.5288,4.8221
34000000,212493340,255790,4,3,0,0,0,0.2252,0.2272,0.2617,0.2370,0.2314,0.2222,0.2450,0.2432,0.2236,0.5676,0.5982,0.2396,0.2337,0.2457,0.2695,0.5309,4.8018
34200000,213402622,256513,6,5,0,0,1,0.2263,0.2260,0.2245,0.2157,0.2284,0.2381,0.2332,0.2401,0.2354,0.5075,0.5395,0.2320,0.2326,0.2247,0.2480,0.5287,4.5808
34400000,214284418,257146,7,6,0,0,1,0.2299,0.2157,0.2247,0.2293,0.2245,0.2433,0.2342,0.2479,0.2295,0.6041,0.6335,0.2149,0.2207,0.2414,0.2707,0.5306,4.7948
34600000,215210184,257929,7,6,1,1,9,0.2241,0.2260,0.2477,0.2150,0.2196,0.2203,0.2168,0.2426,0.2345,0.5416,0.5702,0.2275,0.2256,0.2335,0.2569,0.5323,4.6343
34800000,216133093,258606,8,6,1,1,24,0.2159,0.2253,0.2170,0.2124,0.2077,0.2211,0.2127,0.2298,0.2305,0.5096,0.5414,0.2373,0.2227,0.2249,0.2565,0.5367,4.5018
35000000,217030821,259344,8,6,0,0,22,0.2140,0.2208,0.2356,0.2216,0.2065,0.2253,0.2224,0.2249,0.2231,0.5956,0.6253,0.2410,0.2300,0.2355,0.2501,0.5347,4.7066
35200000,217963978,260092,8,6,0,0,0,0.2368,0.2036,0.2261,0.2222,0.2183,0.2427,0.2165,0.2604,0.2323,0.5519,0.5857,0.2278,0.2236,0.2270,0.2493,0.5382,4.6625
35400000,218839298,260765,8,6,1,0,11,0.2322,0.2243,0.2331,0.2254,0.2327,0.2453,0.2109,0.2532,0.2401,0.5570,0.5866,0.2526,0.2189,0.2373,0.2663,0.5389,4.7547
35600000,219708280,261465,9,7,1,0,32,0.2400,0.2242,0.2396,0.2350,0.2312,0.2431,0.2351,0.2398,0.2311,0.5906,0.6222,0.2409,0.2299,0.2411,0.2709,0.5384,4.8530
35800000,220599924,262104,9,7,1,0,19,0.2221,0.2056,0.2405,0.2187,0.2217,0.2279,0.2240,0.2349,0.2312,0.5906,0.6185,0.2293,0.2209,0.2310,0.2404,0.5422,4.6995
36000000,221445572,262765,9,7,1,0,10,0.2236,0.2170,0.2452,0.2185,0.2202,0.2397,0.2210,0.2582,0.2293,0.5770,0.6083,0.2334,0.2168,0.2286,0.2550,0.5434,4.7351
36200000,222367321,263457,9,7,1,0,31,0.2266,0.2193,0.2572,0.2176,0.2211,0.2247,0.2278,0.2234,0.2328,0.5009,0.5336,0.2260,0.2401,0.2278,0.2389,0.5436,4.5613
36400000,223267142,264145,8,7,1,0,34,0.2348,0.2113,0.2467,0.2225,0.2401,0.2327,0.2142,0.2650,0.2232,0.6010,0.6304,0.2229,0.2291,0.2509,0.2418,0.5463,4.8128
36600000,224141272,264783,8,7,0,0,11,0.2350,0.2406,0.2322,0.2171,0.2315,0.2466,0.2289,0.2550,0.2391,0.5747,0.6046,0.2268,0.2233,0.2303,0.2443,0.5477,4.7775
36800000,225001387,265455,9,7,0,0,0,0.2382,0.2265,0.2615,0.2283,0.2231,0.2290,0.2315,0.2521,0.2426,0.5909,0.6199,0.2450,0.2389,0.2364,0.2542,0.5462,4.8644
37000000,225894891,266030,9,7,0,0,0,0.2323,0.2202,0.2485,0.2160,0.2234,0.2322,0.2089,0.2338,0.2305,0.5555,0.5854,0.2273,0.2332,0.2458,0.2412,0.5506,4.6848
37200000,226802293,266633,9,7,0,0,36,0.2304,0.2239,0.2394,0.2183,0.2250,0.2235,0.2224,0.2390,0.2217,0.5796,0.6090,0.2281,0.2295,0.2262,0.2619,0.5508,4.7287
37400000,227701345,267332,9,7,0,0,31,0.2360,0.2072,0.2303,0.2250,0.2350,0.2390,0.2372,0.2470,0.2304,0.5937,0.6220,0.2371,0.2288,0.2397,0.2660,0.5518,4.8262
37600000,228553920,267888,9,7,1,0,30,0.2328,0.2283,0.2566,0.2253,0.2289,0.2549,0.2056,0.2460,0.2399,0.6415,0.6711,0.2437,0.2393,0.2394,0.2610,0.5547,4.9691
37800000,229398465,268472,9,7,2,0,29,0.2318,0.2251,0.2346,0.2370,0.2296,0.2503,0.2143,0.2335,0.2327,0.6459,0.6785,0.2294,0.2316,0.2454,0.2489,0.5549,4.9233
38000000,230201683,268991,8,7,0,0,11,0.2314,0.2280,0.2507,0.2355,0.2380,0.2422,0.2286,0.2665,0.2478,0.6207,0.6541,0.2398,0.2312,0.2627,0.2660,0.5571,5.0002
38200000,231112478,269651,8,7,0,0,32,0.2353,0.2312,0.2170,0.2196,0.2214,0.2513,0.2311,0.2354,0.2329,0.5280,0.5570,0.2420,0.2224,0.2365,0.2425,0.5578,4.6613
38400000,231944407,270224,8,7,1,0,24,0.2383,0.2406,0.2403,0.2395,0.2462,0.2299,0.2170,0.2434,0.2313,0.5843,0.6117,0.2506,0.2457,0.2497,0.2607,0.5593,4.8885
38600000,232782678,270817,9,7,0,0,0,0.2641,0.2421,0.2452,0.2474,0.2447,0.2502,0.2500,0.2418,0.2643,0.5661,0.5976,0.2532,0.2577,0.2562,0.2477,0.5604,4.9885
38800000,233687213,271486,8,7,0,0,11,0.2275,0.2262,0.2343,0.2386,0.2330,0.2327,0.2148,0.2362,0.2486,0.5994,0.6340,0.2412,0.2520,0.2335,0.2611,0.5631,4.8762
39000000,234555792,272095,8,7,0,0,53,0.2319,0.2267,0.2331,0.2145,0.2339,0.2359,0.2266,0.2458,0.2324,0.5895,0.6210,0.2385,0.2332,0.2543,0.2561,0.5605,4.8337
39200000,235357668,272700,8,7,0,0,7,0.2358,0.2286,0.2654,0.2317,0.2286,0.2375,0.2158,0.2442,0.2444,0.6250,0.6582,0.2472,0.2359,0.2606,0.2604,0.5645,4.9839
39400000,236252102,273274,9,7,0,0,30,0.2372,0.2262,0.2600,0.2285,0.2258,0.2377,0.2319,0.2394,0.2419,0.5803,0.6121,0.2403,0.2459,0.2552,0.2762,0.5642,4.9028
39600000,237131730,273849,10,7,0,2,21,0.2224,0.2173,0.2406,0.2190,0.2359,0.2289,0.2061,0.2478,0.2483,0.5515,0.5818,0.2285,0.2376,0.2318,0.2484,0.5660,4.7118
39800000,237971295,274437,10,7,1,0,10,0.2352,0.2354,0.2567,0.2412,0.2335,0.2440,0.2282,0.2495,0.2462,0.6046,0.6365,0.2368,0.2406,0.2448,0.2707,0.5660,4.9699
40000000,238798061,274991,10,7,0,2,0,0.2324,0.2233,0.2353,0.2269,0.2345,0.2618,0.2404,0.2253,0.2600,0.6105,0.6404,0.2418,0.2276,0.2569,0.2539,0.5689,4.9400
40200000,239588191,275604,10,7,1,0,21,0.2379,0.2337,0.2646,0.2350,0.2366,0.2491,0.2110,0.2649,0.2501,0.6020,0.6318,0.2320,0.2438,0.2538,0.2824,0.5698,4.9985
40400000,240455347,276126,11,8,0,1,13,0.2382,0.2186,0.2289,0.2126,0.2318,0.2479,0.2233,0.2388,0.2390,0.5532,0.5826,0.2441,0.2301,0.2438,0.2677,0.5722,4.7729
40600000,241299001,276676,10,6,0,0,12,0.2298,0.2182,0.2556,0.2215,0.2324,0.2330,0.2364,0.2386,0.2368,0.6116,0.6454,0.2507,0.2320,0.2492,0.2619,0.5731,4.9261
40800000,242106433,277283,10,6,0,0,9,0.2448,0.2349,0.2769,0.2461,0.2376,0.2473,0.2422,0.2561,0.2533,0.6331,0.6646,0.2741,0.2370,0.2583,0.2840,0.5738,5.1641
41000000,242897384,277862,10,6,1,0,10,0.2531,0.2525,0.2642,0.2404,0.2484,0.2630,0.2245,0.2728,0.2642,0.6341,0.6639,0.2643,0.2565,0.2582,0.2588,0.5769,5.1959
41200000,243753262,278459,10,7,1,0,37,0.2429,0.2238,0.2337,0.2350,0.2355,0.2439,0.2434,0.2413,0.2218,0.5523,0.5851,0.2387,0.2265,0.2404,0.2428,0.5760,4.7831
41400000,244589139,279072,11,7,0,0,17,0.2470,0.2251,0.2497,0.2242,0.2368,0.2628,0.2238,0.2481,0.2364,0.6126,0.6404,0.2511,0.2493,0.2492,0.2761,0.5785,5.0111
41600000,245347422,279604,10,7,0,0,14,0.2482,0.2344,0.2628,0.2371,0.2576,0.2501,0.2398,0.2587,0.2338,0.6363,0.6636,0.2615,0.2375,0.2504,0.2952,0.5792,5.1462
41800000,246207779,280173,11,7,1,0,14,0.2324,0.2440,0.2472,0.2236,0.2332,0.2359,0.2219,0.2391,0.2367,0.5702,0.6007,0.2465,0.2486,0.2366,0.2736,0.5797,4.8699
42000000,247042818,280621,9,7,0,0,0,0.2468,0.2389,0.2439,0.2399,0.2581,0.2495,0.2439,0.2383,0.2375,0.5935,0.6237,0.2482,0.2453,0.2597,0.2704,0.5826,5.0204
42200000,247839199,281172,9,7,0,1,8,0.2580,0.2477,0.2666,0.2404,0.2359,0.2561,0.2297,0.2422,0.2538,0.6203,0.6473,0.2616,0.2422,0.2557,0.2933,0.5824,5.1331
42400000,248627551,281673,9,7,0,0,0,0.2351,0.2409,0.2381,0.2216,0.2390,0.2591,0.2378,0.2579,0.2481,0.6009,0.6311,0.2558,0.2548,0.2485,0.2625,0.5828,5.0139
42600000,249480035,282238,9,7,0,2,19,0.2340,0.2294,0.2391,0.2307,0.2403,0.2532,0.2284,0.2631,0.2493,0.5436,0.5757,0.2429,0.2307,0.2508,0.2610,0.5842,4.8563
42800000,250282348,282747,9,7,0,1,1,0.2381,0.2207,0.2499,0.2235,0.2300,0.2661,0.2311,0.2432,0.2523,0.5990,0.6340,0.2600,0.2722,0.2432,0.2718,0.5841,5.0190
43000000,251107055,283279,9,7,1,0,2,0.2344,0.2330,0.2506,0.2314,0.2350,0.2456,0.2342,0.2568,0.2389,0.5799,0.6120,0.2324,0.2438,0.2640,0.2658,0.5862,4.9438
43200000,251901008,283732,9,7,0,0,0,0.2604,0.2339,0.2518,0.2351,0.2497,0.2626,0.2383,0.2547,0.2634,0.6177,0.6482,0.2559,0.2850,0.2575,0.2980,0.5875,5.1997
43400000,252752433,284260,8,6,0,1,1,0.2457,0.2332,0.2489,0.2365,0.2438,0.2457,0.2244,0.2450,0.2415,0.6003,0.6341,0.2750,0.2423,0.2449,0.2639,0.5880,5.0131
43600000,253589716,284829,8,6,0,0,1,0.2475,0.2308,0.2473,0.2529,0.2611,0.2540,0.2479,0.2563,0.2452,0.5633,0.5975,0.2484,0.2502,0.2561,0.2874,0.5927,5.0386
43800000,254370353,285310,8,6,0,1,12,0.2502,0.2464,0.2525,0.2510,0.2398,0.2459,0.2303,0.2513,0.2578,0.6060,0.6379,0.2482,0.2413,0.2453,0.2761,0.5897,5.0697
44000000,255168256,285780,13,6,1,0,13,0.2433,0.2324,0.2495,0.2217,0.2347,0.2454,0.2135,0.2487,0.2467,0.6238,0.6564,0.2408,0.2485,0.2439,0.2608,0.5911,5.0012
44200000,255967891,286261,13,6,2,0,7,0.2535,0.2442,0.2551,0.2350,0.2535,0.2431,0.2398,0.2592,0.2536,0.5662,0.5951,0.2468,0.2263,0.2567,0.2582,0.5915,4.9780
44400000,256786277,286749,15,7,1,2,11,0.2424,0.2319,0.2474,0.2410,0.2372,0.2468,0.2261,0.2422,0.2475,0.5773,0.6074,0.2483,0.2528,0.2567,0.2730,0.5935,4.9716
44600000,257557414,287320,17,7,0,2,8,0.2392,0.2445,0.2692,0.2370,0.2441,0.2496,0.2365,0.2575,0.2300,0.6493,0.6822,0.2560,0.2703,0.2504,0.2978,0.5933,5.2066
44800000,258326029,287820,16,7,0,0,3,0.2494,0.2473,0.2724,0.2418,0.2636,0.2688,0.2381,0.2526,0.2632,0.6242,0.6553,0.2601,0.2599,0.2647,0.2969,0.5949,5.2534
45000000,259112053,288335,14,7,0,1,4,0.2627,0.2474,0.2462,0.2344,0.2377,0.2689,0.2301,0.2578,0.2274,0.5826,0.6166,0.2568,0.2385,0.2595,0.2822,0.5965,5.0452
45200000,259835198,288784,14,6,0,2,16,0.2462,0.2552,0.2629,0.2458,0.2622,0.2648,0.2633,0.2732,0.2692,0.6921,0.7242,0.2601,0.2432,0.2787,0.3075,0.5997,5.4484
45400000,260610442,289203,14,7,0,0,11,0.2544,0.2292,0.2686,0.2549,0.2551,0.2552,0.2484,0.2715,0.2448,0.6165,0.6489,0.2553,0.2496,0.2528,0.2812,0.5985,5.1847
45600000,261397997,289781,13,7,1,0,3,0.2442,0.2501,0.2430,0.2409,0.2455,0.2719,0.2493,0.2587,0.2426,0.6297,0.6627,0.2429,0.2441,0.2612,0.2901,0.5981,5.1750
45800000,262142501,290189,14,7,0,0,11,0.2583,0.2595,0.2631,0.2682,0.2666,0.2651,0.2451,0.2713,0.2595,0.5914,0.6237,0.2634,0.2644,0.2904,0.3081,0.6002,5.2983
46000000,262916942,290666,13,7,2,0,39,0.2448,0.2455,0.2711,0.2318,0.2355,0.2493,0.2399,0.2425,0.2587,0.6075,0.6389,0.2650,0.2430,0.2627,0.2776,0.6021,5.1157
46200000,263709063,291148,17,8,0,0,13,0.2408,0.2250,0.2627,0.2388,0.2360,0.2609,0.2272,0.2546,0.2446,0.6586,0.6908,0.2399,0.2428,0.2503,0.2814,0.6016,5.1561
46400000,264459012,291591,17,9,2,0,15,0.2568,0.2378,0.2652,0.2410,0.2480,0.2609,0.2664,0.2619,0.2829,0.6502,0.6839,0.2608,0.2458,0.2640,0.2837,0.6036,5.3129
46600000,265252586,292028,20,12,1,0,33,0.2528,0.2505,0.2568,0.2495,0.2409,0.2586,0.2331,0.2546,0.2530,0.5768,0.6070,0.2555,0.2573,0.2428,0.2914,0.6031,5.0839
46800000,265995423,292441,22,13,3,0,43,0.2691,0.2470,0.2485,0.2508,0.2622,0.2800,0.2341,0.2884,0.2555,0.6505,0.6823,0.2570,0.2678,0.2566,0.2971,0.6046,5.3514
47000000,266803012,292865,21,13,1,0,39,0.2447,0.2380,0.2593,0.2408,0.2452,0.2423,0.2251,0.2556,0.2444,0.5553,0.5835,0.2374,0.2361,0.2579,0.2777,0.6047,4.9481
47200000,267600215,293287,21,13,1,0,15,0.2462,0.2401,0.2471,0.2346,0.2352,0.2563,0.2431,0.2648,0.2475,0.5931,0.6249,0.2682,0.2334,0.2539,0.2709,0.6076,5.0671
47400000,268403747,293764,23,13,0,0,46,0.2451,0.2384,0.2638,0.2352,0.2542,0.2547,0.2189,0.2626,0.2453,0.6038,0.6354,0.2451,0.2289,0.2669,0.2763,0.6079,5.0826
47600000,269161955,294246,25,13,4,0,37,0.2461,0.2341,0.2526,0.2418,0.2372,0.2597,0.2431,0.2564,0.2601,0.6419,0.6762,0.2618,0.2306,0.2618,0.2917,0.6081,5.2034
47800000,269941184,294722,25,13,1,1,17,0.2489,0.2485,0.2697,0.2328,0.2505,0.2464,0.2344,0.2621,0.2766,0.5798,0.6136,0.2545,0.2259,0.2424,0.2773,0.6097,5.0731
48000000,270727375,295157,26,13,2,1,44,0.2524,0.2345,0.2605,0.2501,0.2427,0.2586,0.2238,0.2666,0.2606,0.6106,0.6416,0.2544,0.2378,0.2760,0.2610,0.6114,5.1426
48200000,271546915,295590,26,13,3,0,40,0.2345,0.2356,0.2401,0.2380,0.2327,0.2460,0.2391,0.2624,0.2460,0.5688,0.5992,0.2588,0.2492,0.2415,0.2622,0.6122,4.9662
48400000,272309553,296050,24,13,1,0,10,0.2599,0.2409,0.2542,0.2440,0.2428,0.2575,0.2383,0.2439,0.2504,0.6294,0.6621,0.2640,0.2588,0.2720,0.2945,0.6123,5.2248
48600000,273061526,296441,24,14,3,0,23,0.2560,0.2429,0.2822,0.2453,0.2471,0.2797,0.2385,0.2849,0.2675,0.6076,0.6411,0.2500,0.2418,0.2643,0.2874,0.6137,5.2500
48800000,273799879,296874,24,14,3,0,66,0.2528,0.2365,0.2486,0.2457,0.2331,0.2558,0.2314,0.2589,0.2629,0.6589,0.6921,0.2502,0.2347,0.2498,0.2891,0.6154,5.2158
49000000,274570245,297305,24,14,1,1,28,0.2420,0.2512,0.2534,0.2554,0.2550,0.2691,0.2407,0.2577,0.2584,0.6537,0.6888,0.2607,0.2547,0.2551,0.2768,0.6138,5.2863
49200000,275333121,297706,23,15,0,0,10,0.2445,0.2443,0.2580,0.2447,0.2381,0.2535,0.2300,0.2718,0.2492,0.5811,0.6119,0.2666,0.2576,0.2669,0.2736,0.6173,5.1090
49400000,276008929,298042,21,15,3,0,28,0.2525,0.2531,0.2747,0.2448,0.2519,0.2737,0.2301,0.2667,0.2782,0.7328,0.7658,0.2781,0.2764,0.2554,0.2730,0.6150,5.5222
49600000,276792846,298468,20,14,1,0,26,0.2493,0.2300,0.2577,0.2393,0.2537,0.2658,0.2365,0.2586,0.2587,0.5579,0.5924,0.2614,0.2428,0.2642,0.2924,0.6170,5.0777
49800000,277552745,298935,20,14,2,0,7,0.2615,0.2582,0.2771,0.2425,0.2531,0.2732,0.2402,0.2719,0.2824,0.5768,0.6111,0.2608,0.2502,0.2710,0.3020,0.6184,5.2503
50000000,278307247,299382,19,14,1,0,13,0.2490,0.2719,0.2627,0.2412,0.2446,0.2636,0.2348,0.2535,0.2409,0.6171,0.6468,0.2597,0.2577,0.2651,0.2842,0.6197,5.2125
50200000,279002625,299845,19,14,0,0,6,0.2500,0.2599,0.2626,0.2387,0.2520,0.2831,0.2494,0.2605,0.2655,0.7024,0.7347,0.2731,0.2394,0.2699,0.3209,0.6206,5.4828
50400000,279743340,300323,20,15,1,0,24,0.2429,0.2517,0.2795,0.2352,0.2565,0.2578,0.2601,0.2738,0.2523,0.7044,0.7369,0.2672,0.2617,0.2613,0.3073,0.6231,5.4718
50600000,280486479,300706,19,15,0,0,10,0.2411,0.2535,0.2655,0.2472,0.2527,0.2856,0.2563,0.2800,0.2418,0.6665,0.7007,0.2495,0.2454,0.2520,0.2825,0.6236,5.3438
50800000,281199906,301117,18,15,0,0,14,0.2566,0.2418,0.3017,0.2415,0.2405,0.2748,0.2521,0.2684,0.2693,0.6534,0.6908,0.2569,0.2428,0.2630,0.2878,0.6230,5.3645
51000000,281928328,301462,18,15,0,0,21,0.2534,0.2383,0.2633,0.2450,0.2507,0.2750,0.2247,0.2660,0.2511,0.6675,0.7015,0.2468,0.2417,0.2551,0.2794,0.6258,5.2854
51200000,282660465,301880,17,15,2,1,4,0.2517,0.2582,0.2762,0.2379,0.2418,0.2580,0.2463,0.2651,0.2375,0.6454,0.6820,0.2732,0.2528,0.2753,0.2911,0.6242,5.3167
51400000,283363660,302193,17,15,0,0,10,0.2583,0.2390,0.2635,0.2419,0.2545,0.2886,0.2624,0.2871,0.2562,0.7129,0.7457,0.2699,0.2554,0.2792,0.3034,0.6250,5.5429
51600000,284092815,302556,17,15,0,0,7,0.2604,0.2598,0.2652,0.2494,0.2488,0.2555,0.2389,0.2835,0.2554,0.6378,0.6723,0.2731,0.2474,0.2662,0.2880,0.6251,5.3268
51800000,284789366,302913,17,15,0,0,7,0.2526,0.2462,0.2789,0.2540,0.2472,0.2630,0.2652,0.2584,0.2684,0.7169,0.7512,0.2704,0.2559,0.3005,0.3070,0.6235,5.5592
52000000,285504883,303395,19,18,1,1,36,0.2691,0.2648,0.2794,0.2646,0.2571,0.2820,0.2584,0.2622,0.2688,0.6017,0.6331,0.2694,0.2436,0.2690,0.2984,0.6281,5.3496
52200000,286237359,303766,19,18,1,0,22,0.2560,0.2454,0.2638,0.2525,0.2589,0.2605,0.2405,0.2531,0.2584,0.6851,0.7218,0.2803,0.2523,0.2809,0.2863,0.6294,5.4250
52400000,287010191,304250,18,18,1,0,20,0.2426,0.2375,0.2629,0.2646,0.2334,0.2430,0.2314,0.2558,0.2552,0.6030,0.6396,0.2613,0.2557,0.2398,0.2884,0.6292,5.1433
52600000,287760761,304623,18,18,1,0,36,0.2549,0.2551,0.2857,0.2585,0.2529,0.2652,0.2549,0.2936,0.2560,0.6539,0.6886,0.2815,0.2656,0.2700,0.3043,0.6282,5.4687
52800000,288512312,305022,18,18,3,0,25,0.2476,0.2614,0.2482,0.2406,0.2463,0.2614,0.2429,0.2636,0.2684,0.6223,0.6568,0.2549,0.2550,0.2724,0.2651,0.6317,5.2387
53000000,289205604,305303,18,18,2,0,37,0.2607,0.2525,0.2734,0.2530,0.2702,0.2888,0.2484,0.2717,0.2816,0.6595,0.6928,0.2688,0.2760,0.2669,0.3033,0.6331,5.5008
53200000,289962714,305681,18,19,0,1,36,0.2663,0.2545,0.2590,0.2359,0.2551,0.2697,0.2511,0.2509,0.2600,0.6840,0.7171,0.2384,0.2480,0.2433,0.2957,0.6304,5.3595
53400000,290678039,306086,16,18,1,1,17,0.2493,0.2490,0.2833,0.2451,0.2438,0.2602,0.2400,0.2681,0.2600,0.6467,0.6811,0.2477,0.2565,0.2495,0.3056,0.6347,5.3206
53600000,291399681,306487,17,19,1,0,25,0.2574,0.2627,0.2857,0.2560,0.2539,0.2737,0.2268,0.2896,0.2655,0.6383,0.6717,0.2690,0.2853,0.2609,0.2970,0.6316,5.4251
53800000,292106854,306812,17,20,1,0,45,0.2562,0.2428,0.2678,0.2497,0.2555,0.2972,0.2428,0.2606,0.2775,0.6204,0.6559,0.2781,0.2500,0.2752,0.2956,0.6347,5.3599
54000000,292797880,307124,18,20,1,0,22,0.2637,0.2499,0.2585,0.2605,0.2562,0.2909,0.2605,0.2587,0.2671,0.6636,0.6942,0.2584,0.2523,0.2803,0.2996,0.6341,5.4485
54200000,293517306,307479,18,20,0,0,1,0.2471,0.2475,0.2511,0.2350,0.2486,0.2608,0.2509,0.2614,0.2555,0.6616,0.6968,0.2606,0.2638,0.2679,0.2885,0.6349,5.3321
54400000,294241730,307935,18,20,1,0,24,0.2660,0.2519,0.2655,0.2551,0.2703,0.2807,0.2501,0.2506,0.2578,0.6111,0.6422,0.2603,0.2641,0.2554,0.2636,0.6384,5.2830
54600000,294959300,308314,20,20,0,0,17,0.2565,0.2595,0.2513,0.2496,0.2430,0.2700,0.2519,0.2803,0.2749,0.6223,0.6563,0.2600,0.2761,0.2741,0.2729,0.6390,5.3376
54800000,295655607,308722,18,20,1,0,33,0.2637,0.2415,0.2730,0.2483,0.2595,0.2677,0.2634,0.2663,0.2647,0.7219,0.7533,0.2768,0.2602,0.3005,0.3079,0.6385,5.6074
55000000,296427437,309129,19,20,1,0,19,0.2466,0.2533,0.2447,0.2447,0.2442,0.2525,0.2382,0.2524,0.2355,0.5548,0.5917,0.2524,0.2436,0.2451,0.2690,0.6391,5.0077
55200000,297186996,309500,20,21,2,0,27,0.2572,0.2540,0.2698,0.2492,0.2524,0.2849,0.2342,0.2739,0.2640,0.6073,0.6388,0.2468,0.2594,0.2631,0.2806,0.6398,5.2754
55400000,297914625,309864,21,22,1,0,26,0.2615,0.2521,0.2818,0.2458,0.2546,0.2759,0.2315,0.2763,0.2506,0.5890,0.6206,0.2459,0.2507,0.2692,0.2938,0.6414,5.2409
55600000,298578712,310147,20,22,1,0,6,0.2655,0.2606,0.2748,0.2662,0.2616,0.2776,0.2591,0.2948,0.2527,0.6715,0.7062,0.2771,0.2844,0.2725,0.3074,0.6422,5.5742
55800000,299243345,310474,20,22,3,0,48,0.2656,0.2429,0.2585,0.2526,0.2591,0.2666,0.2397,0.2768,0.2740,0.6751,0.7104,0.2586,0.2534,0.2728,0.2916,0.6428,5.4404
56000000,299973618,310806,17,22,1,0,14,0.2569,0.2623,0.2776,0.2483,0.2564,0.2660,0.2417,0.2774,0.2563,0.6233,0.6559,0.2661,0.2505,0.2641,0.2791,0.6442,5.3259
56200000,300698451,311145,17,22,0,0,14,0.2573,0.2703,0.2641,0.2581,0.2673,0.2931,0.2553,0.2783,0.2718,0.5958,0.6279,0.2628,0.2739,0.2685,0.2703,0.6434,5.3583
56400000,301314594,311539,16,22,4,0,35,0.2688,0.2739,0.3017,0.2807,0.2564,0.2846,0.2557,0.2990,0.2817,0.6995,0.7329,0.2858,0.2770,0.2656,0.3065,0.6461,5.7160
56600000,302019110,311871,16,22,2,0,30,0.2514,0.2566,0.2529,0.2556,0.2573,0.2687,0.2379,0.2720,0.2882,0.6316,0.6665,0.2639,0.2723,0.2837,0.2916,0.6453,5.3955
56800000,302758063,312190,16,22,0,0,4,0.2531,0.2492,0.2707,0.2540,0.2405,0.2588,0.2415,0.2621,0.2595,0.5756,0.6113,0.2653,0.2642,0.2608,0.2620,0.6460,5.1748
57000000,303514604,312567,15,22,1,0,13,0.2563,0.2660,0.2680,0.2416,0.2527,0.2797,0.2339,0.2584,0.2697,0.5858,0.6196,0.2658,0.2564,0.2544,0.2738,0.6476,5.2297
57200000,304223170,312870,14,22,0,0,10,0.2627,0.2662,0.2905,0.2495,0.2574,0.2806,0.2560,0.2734,0.2626,0.6293,0.6644,0.2638,0.2577,0.2633,0.2963,0.6491,5.4227
57400000,304913309,313263,12,22,0,0,0,0.2661,0.2398,0.2886,0.2517,0.2698,0.2703,0.2583,0.2680,0.2799,0.6279,0.6634,0.2712,0.2694,0.2712,0.3086,0.6478,5.4521
57600000,305579528,313598,11,22,0,0,0,0.2549,0.2800,0.2708,0.2545,0.2482,0.2930,0.2544,0.2798,0.2662,0.7139,0.7468,0.2682,0.2781,0.2673,0.2923,0.6490,5.6173
57800000,306252017,313890,11,22,0,0,7,0.2677,0.2459,0.2691,0.2442,0.2875,0.2830,0.2626,0.2737,0.2695,0.7086,0.7395,0.2844,0.2666,0.2867,0.2972,0.6504,5.6364
58000000,306975711,314231,12,22,0,0,0,0.2538,0.2522,0.2571,0.2521,0.2604,0.2638,0.2372,0.2628,0.2806,0.6006,0.6359,0.2600,0.2762,0.2668,0.3015,0.6504,5.3114
58200000,307683918,314522,11,22,0,0,0,0.2562,0.2580,0.2754,0.2540,0.2578,0.2728,0.2506,0.2678,0.2551,0.6267,0.6661,0.2620,0.2586,0.2779,0.2920,0.6512,5.3824
58400000,308393728,314870,10,22,0,0,1,0.2595,0.2619,0.2834,0.2443,0.2495,0.2732,0.2724,0.2614,0.2733,0.6096,0.6415,0.2551,0.2607,0.2708,0.2760,0.6522,5.3447
58600000,309138919,315190,10,22,0,1,0,0.2474,0.2482,0.2793,0.2545,0.2574,0.2686,0.2456,0.2559,0.2722,0.6114,0.6469,0.2587,0.2613,0.2704,0.2656,0.6519,5.2956
58800000,309859154,315477,10,22,0,0,0,0.2634,0.2358,0.2683,0.2404,0.2490,0.2616,0.2400,0.2579,0.2679,0.6338,0.6685,0.2721,0.2628,0.2803,0.3067,0.6522,5.3607
59000000,310555864,315893,10,22,0,0,0,0.2656,0.2497,0.2705,0.2696,0.2726,0.2686,0.2412,0.2898,0.2489,0.6548,0.6912,0.2830,0.2684,0.2710,0.3037,0.6530,5.5017
59200000,311181078,316293,12,22,0,0,1,0.2657,0.2575,0.2847,0.2483,0.2633,0.2775,0.2522,0.2759,0.2740,0.6898,0.7265,0.2821,0.2850,0.2610,0.2874,0.6547,5.5858
59400000,311841234,316591,13,22,0,0,30,0.2698,0.2469,0.2734,0.2564,0.2519,0.2874,0.2528,0.2752,0.2853,0.6787,0.7101,0.2738,0.2586,0.2773,0.2892,0.6559,5.5427
59600000,312527001,316870,13,22,1,0,3,0.2607,0.2644,0.2891,0.2695,0.2630,0.2928,0.2537,0.3075,0.2823,0.6448,0.6800,0.2913,0.2696,0.3006,0.2817,0.6552,5.6061
59800000,313231653,317184,13,22,0,1,21,0.2593,0.2527,0.2698,0.2638,0.2615,0.2779,0.2467,0.2637,0.2685,0.6470,0.6816,0.2748,0.2594,0.2833,0.2973,0.6564,5.4636
60000000,313863645,317504,15,22,0,0,56,0.2642,0.2628,0.2746,0.2654,0.2576,0.2986,0.2648,0.2653,0.3077,0.7315,0.7613,0.2558,0.2618,0.2748,0.3150,0.6545,5.7157
60200000,314560964,317837,15,22,2,0,98,0.2627,0.2722,0.2754,0.2440,0.2625,0.2635,0.2535,0.2910,0.2878,0.6429,0.6749,0.2669,0.3036,0.2600,0.2848,0.6588,5.5045
60400000,315223961,318201,16,22,2,2,54,0.2542,0.2669,0.2735,0.2445,0.2510,0.2835,0.2405,0.2713,0.2741,0.6745,0.7091,0.2705,0.2488,0.2872,0.2921,0.6560,5.4977
60600000,315877972,318495,15,22,1,0,53,0.2676,0.2662,0.2880,0.2589,0.2626,0.2703,0.2700,0.2926,0.2916,0.6838,0.7159,0.2893,0.2655,0.2699,0.3196,0.6609,5.6727
60800000,316550740,318854,16,22,1,0,12,0.2731,0.2797,0.2853,0.2461,0.2647,0.2814,0.2450,0.2936,0.2837,0.6102,0.6421,0.2825,0.2835,0.2649,0.3223,0.6613,5.5195
61000000,317208138,319151,15,22,0,1,10,0.2495,0.2531,0.2765,0.2441,0.2483,0.2752,0.2555,0.2549,0.2522,0.7130,0.7485,0.2577,0.2671,0.2668,0.3156,0.6611,5.5392
61200000,317865707,319426,15,22,1,0,10,0.2625,0.2552,0.3009,0.2716,0.2662,0.2812,0.2547,0.3023,0.2818,0.6525,0.6870,0.2806,0.2660,0.2684,0.3173,0.6608,5.6090
61400000,318532336,319744,16,22,0,1,39,0.2655,0.2637,0.2774,0.2487,0.2853,0.2821,0.2689,0.2888,0.2645,0.6787,0.7141,0.2690,0.2702,0.3006,0.3079,0.6638,5.6491
61600000,319155021,320077,15,22,1,0,68,0.2636,0.2852,0.2954,0.2664,0.2635,0.2744,0.2704,0.2753,0.2938,0.7195,0.7540,0.2743,0.2641,0.2860,0.3069,0.6634,5.7563
61800000,319814966,320353,17,22,0,0,26,0.2562,0.2681,0.2877,0.2504,0.2728,0.2767,0.2444,0.2869,0.2669,0.6673,0.7022,0.2918,0.2822,0.2614,0.2851,0.6633,5.5632
62000000,320454737,320685,17,22,0,0,33,0.2681,0.2689,0.2849,0.2568,0.2752,0.2960,0.2573,0.2768,0.2761,0.6714,0.7060,0.2759,0.2828,0.2782,0.3050,0.6646,5.6440
62200000,321140724,320944,18,22,3,0,33,0.2556,0.2659,0.2782,0.2535,0.2534,0.2625,0.2598,0.2697,0.2905,0.6740,0.7073,0.2736,0.2554,0.2554,0.2874,0.6647,5.5071
62400000,321759551,321285,19,22,0,1,73,0.2683,0.2791,0.2822,0.2653,0.2666,0.2879,0.2447,0.3045,0.2809,0.6696,0.7002,0.2909,0.2660,0.3104,0.3117,0.6641,5.6925
62600000,322412855,321639,22,22,3,0,48,0.2564,0.2589,0.3064,0.2596,0.2473,0.3044,0.2484,0.2804,0.2822,0.7054,0.7389,0.2683,0.2540,0.2809,0.3033,0.6668,5.6617
62800000,323096194,321913,20,23,1,0,18,0.2624,0.2748,0.2990,0.2507,0.2615,0.2834,0.2531,0.2829,0.3054,0.6913,0.7281,0.2767,0.2697,0.2969,0.2840,0.6669,5.6867
63000000,323751174,322178,18,24,1,0,75,0.2684,0.2520,0.2975,0.2480,0.2615,0.2742,0.2531,0.2744,0.2703,0.6613,0.6961,0.2788,0.2586,0.2671,0.2785,0.6668,5.5067
63200000,324454229,322516,17,24,1,0,56,0.2487,0.2689,0.2766,0.2396,0.2523,0.2621,0.2509,0.2814,0.2559,0.6830,0.7173,0.2498,0.2631,0.2806,0.2814,0.6670,5.4785
63400000,325123113,322906,19,24,1,0,48,0.2656,0.2522,0.2753,0.2691,0.2594,0.3000,0.2572,0.2732,0.2633,0.7002,0.7338,0.2708,0.2722,0.2698,0.3054,0.6702,5.6376
63600000,325769206,323191,18,21,1,0,12,0.2673,0.2534,0.2884,0.2707,0.2782,0.2993,0.2613,0.2891,0.2848,0.6925,0.7251,0.2823,0.2589,0.2732,0.3202,0.6701,5.7147
63800000,326446183,323463,18,19,2,0,14,0.2671,0.2518,0.2921,0.2601,0.2614,0.2711,0.2544,0.2814,0.2714,0.6435,0.6801,0.2696,0.2704,0.2774,0.2797,0.6714,5.5031
64000000,327134382,323727,18,19,0,0,0,0.2599,0.2659,0.2758,0.2532,0.2511,0.2746,0.2603,0.2762,0.2915,0.6620,0.6955,0.2737,0.2566,0.2762,0.2945,0.6708,5.5378
64200000,327789019,323939,18,19,0,1,26,0.2861,0.2759,0.3152,0.2647,0.2720,0.2911,0.2513,0.3157,0.2873,0.6765,0.7115,0.2783,0.2672,0.2946,0.3237,0.6709,5.7819
64400000,328417889,324159,19,19,1,1,113,0.2675,0.2529,0.2821,0.2503,0.2653,0.2766,0.2716,0.2842,0.2898,0.6930,0.7268,0.2753,0.2727,0.2917,0.2782,0.6726,5.6506
64600000,329051709,324456,20,19,1,0,20,0.2625,0.2734,0.2790,0.2605,0.2608,0.2845,0.2581,0.2777,0.3071,0.7155,0.7491,0.2670,0.2785,0.2874,0.3153,0.6734,5.7498
64800000,329748668,324691,19,19,1,0,22,0.2678,0.2486,0.2730,0.2523,0.2628,0.2709,0.2607,0.2783,0.2546,0.6720,0.7104,0.2703,0.2627,0.2744,0.2768,0.6724,5.5079
65000000,330421907,325007,19,19,3,1,75,0.2723,0.2597,0.2740,0.2678,0.2542,0.2757,0.2406,0.2911,0.2931,0.6481,0.6827,0.2763,0.2765,0.2880,0.2941,0.6723,5.5666
65200000,331040694,325236,19,20,0,0,13,0.2765,0.2794,0.2958,0.2785,0.2955,0.2862,0.2524,0.2755,0.2977,0.7069,0.7412,0.2821,0.2682,0.2868,0.3371,0.6724,5.8321
65400000,331719156,325534,22,20,0,1,6,0.2598,0.2761,0.2707,0.2697,0.2582,0.2660,0.2582,0.2719,0.2729,0.6553,0.6933,0.2662,0.2592,0.2708,0.3088,0.6739,5.5309
65600000,332299229,325836,22,20,1,0,16,0.2775,0.2639,0.2872,0.2716,0.2694,0.2990,0.2680,0.2697,0.2720,0.7320,0.7675,0.3014,0.2760,0.2878,0.3171,0.6742,5.8343
65800000,332980085,326086,19,20,3,0,31,0.2699,0.2824,0.3038,0.2435,0.2588,0.2765,0.2594,0.2869,0.2758,0.6460,0.6821,0.2704,0.2466,0.2652,0.2995,0.6761,5.5430
66000000,333641271,326401,22,20,0,0,60,0.2658,0.2518,0.2812,0.2438,0.2594,0.2952,0.2442,0.2672,0.2587,0.6191,0.6541,0.2635,0.2719,0.2839,0.2984,0.6767,5.4350
66200000,334236058,326622,21,20,1,2,6,0.2844,0.2835,0.2892,0.2830,0.2896,0.2941,0.2740,0.3053,0.2767,0.7027,0.7377,0.2986,0.2787,0.2887,0.3376,0.6752,5.8990
66400000,334901595,326889,22,20,0,0,10,0.2687,0.2728,0.2575,0.2446,0.2699,0.2790,0.2564,0.2769,0.2767,0.6362,0.6721,0.2840,0.2696,0.2804,0.3030,0.6758,5.5236
66600000,335556447,327135,25,20,1,0,62,0.2545,0.2771,0.2708,0.2623,0.2648,0.2728,0.2647,0.2853,0.2802,0.6574,0.6961,0.2807,0.2828,0.2717,0.3067,0.6785,5.6064
66800000,336148937,327415,22,18,1,1,18,0.2750,0.2739,0.2954,0.2835,0.2817,0.2878,0.2763,0.2983,0.2699,0.7272,0.7592,0.2840,0.2742,0.3070,0.3144,0.6790,5.8866
67000000,336748404,327651,22,18,0,0,2,0.2902,0.2867,0.3011,0.2708,0.2765,0.2739,0.2634,0.2859,0.2643,0.7309,0.7636,0.2839,0.2972,0.2996,0.3139,0.6794,5.8814
67200000,337367592,327946,22,19,0,0,2,0.2872,0.2661,0.2951,0.2742,0.2658,0.2864,0.2566,0.2856,0.3140,0.7074,0.7431,0.2812,0.2641,0.2900,0.3109,0.6784,5.8062
67400000,337986565,328228,20,10,0,2,34,0.2740,0.2705,0.2891,0.2618,0.2802,0.3124,0.2430,0.2773,0.2653,0.6455,0.6812,0.2773,0.2826,0.2829,0.3227,0.6796,5.6455
67600000,338667983,328485,19,18,1,0,13,0.2827,0.2852,0.2804,0.2703,0.2826,0.2693,0.2534,0.2804,0.2928,0.6420,0.6784,0.3064,0.2828,0.2746,0.3121,0.6805,5.6737
67800000,339253343,328711,19,18,1,0,16,0.2731,0.2622,0.2865,0.2581,0.2772,0.3010,0.2580,0.2789,0.2985,0.7543,0.7909,0.2662,0.2745,0.2900,0.3264,0.6809,5.8767
68000000,339880618,329000,16,10,0,1,4,0.2736,0.2722,0.2922,0.2647,0.2689,0.2922,0.2499,0.2894,0.2994,0.6764,0.7120,0.2752,0.2782,0.2629,0.3577,0.6805,5.7453
68200000,340489456,329296,17,10,1,0,19,0.2720,0.2767,0.2913,0.2616,0.2957,0.2804,0.2714,0.2743,0.2795,0.7342,0.7696,0.2910,0.2740,0.2999,0.3375,0.6817,5.8907
68400000,341118494,329543,17,9,0,0,2,0.2896,0.2737,0.2814,0.2458,0.2844,0.2977,0.2483,0.3095,0.3048,0.6788,0.7158,0.2723,0.2647,0.2789,0.3078,0.6837,5.7373
68600000,341756343,329742,16,9,0,0,21,0.2747,0.2454,0.2823,0.2575,0.2613,0.2783,0.2561,0.2743,0.2765,0.7059,0.7415,0.2715,0.2806,0.2911,0.2934,0.6831,5.6734
68800000,342401753,330063,17,9,1,3,17,0.2569,0.2647,0.2916,0.2618,0.2631,0.2824,0.2623,0.2937,0.3007,0.6815,0.7191,0.2894,0.2738,0.2831,0.3209,0.6846,5.7297
69000000,343058947,330363,16,9,0,1,11,0.2650,0.2721,0.2924,0.2683,0.2764,0.2799,0.2610,0.2755,0.2679,0.6206,0.6558,0.2900,0.2837,0.2900,0.3241,0.6831,5.6060
69200000,343650149,330586,16,9,1,0,19,0.2665,0.2761,0.2878,0.2587,0.2802,0.2947,0.2582,0.2914,0.2712,0.6823,0.7177,0.2747,0.3007,0.2775,0.3396,0.6859,5.7633
69400000,344281986,330763,15,9,1,1,27,0.2704,0.2616,0.2771,0.2695,0.2811,0.3002,0.2706,0.3003,0.2928,0.6597,0.6970,0.2881,0.2792,0.2983,0.3109,0.6854,5.7422
69600000,344893099,330993,14,9,2,1,25,0.2734,0.2810,0.2917,0.2681,0.2790,0.2872,0.2441,0.3014,0.2882,0.7161,0.7506,0.2852,0.2940,0.2830,0.3255,0.6857,5.8541
69800000,345566859,331274,15,9,1,0,20,0.2644,0.2559,0.3256,0.2460,0.2605,0.2799,0.2585,0.2782,0.2698,0.6262,0.6639,0.2801,0.2649,0.2784,0.3063,0.6863,5.5449
70000000,346177262,331525,14,10,0,0,10,0.2830,0.2896,0.2829,0.2614,0.2652,0.2800,0.2401,0.2700,0.2960,0.6716,0.7016,0.2825,0.2965,0.2819,0.3191,0.6873,5.7088
70200000,346824057,331714,14,10,1,0,44,0.2726,0.2534,0.2950,0.2678,0.2576,0.2718,0.2634,0.2641,0.2779,0.6562,0.6908,0.2827,0.2633,0.2778,0.3033,0.6861,5.5837
70400000,347463396,331887,14,10,0,0,1,0.2803,0.2962,0.2664,0.2621,0.2540,0.2823,0.2799,0.2871,0.2781,0.6858,0.7210,0.2769,0.2816,0.2905,0.3121,0.6866,5.7410
70600000,348106138,332088,16,12,2,0,33,0.2687,0.2745,0.2736,0.2646,0.2656,0.2892,0.2562,0.2789,0.2724,0.6584,0.6896,0.2742,0.2828,0.2825,0.3035,0.6881,5.6227
70800000,348776398,332379,17,13,0,1,11,0.2630,0.2625,0.3057,0.2481,0.2561,0.2786,0.2310,0.2670,0.2880,0.7093,0.7452,0.2756,0.2772,0.2691,0.3289,0.6877,5.6930
71000000,349355513,332634,15,13,1,1,28,0.2814,0.2655,0.2784,0.2763,0.2735,0.3153,0.2503,0.2921,0.2828,0.6699,0.7062,0.2797,0.2672,0.2852,0.3586,0.6898,5.7721
71200000,349886228,332815,16,13,0,0,4,0.2843,0.2952,0.2861,0.2776,0.2996,0.3042,0.2609,0.3213,0.2737,0.7921,0.8300,0.2885,0.2880,0.2863,0.3388,0.6894,6.1159
71400000,350487174,333023,15,13,1,0,14,0.2715,0.2782,0.2854,0.2645,0.2803,0.2855,0.2547,0.2851,0.2889,0.6923,0.7264,0.2851,0.2721,0.2781,0.3117,0.6900,5.7498
71600000,351137145,333267,17,14,1,0,11,0.2670,0.2658,0.2983,0.2562,0.2756,0.2705,0.2587,0.2705,0.2805,0.6661,0.7050,0.2750,0.2581,0.2854,0.3157,0.6915,5.6398
71800000,351762831,333522,18,14,0,0,4,0.2764,0.2774,0.2899,0.2567,0.2616,0.2766,0.2576,0.2983,0.3043,0.6681,0.7013,0.2793,0.2757,0.2727,0.3028,0.6899,5.6886
72000000,352369934,333742,19,14,1,0,23,0.2690,0.2707,0.2957,0.2600,0.2730,0.2870,0.2556,0.2935,0.2889,0.7335,0.7699,0.2822,0.2764,0.2967,0.3284,0.6911,5.8717
72200000,352966799,334020,19,15,1,0,5,0.2802,0.2665,0.2946,0.2866,0.2733,0.3098,0.2783,0.3049,0.2824,0.6803,0.7169,0.2887,0.2818,0.2805,0.3586,0.6921,5.8754
72400000,353556413,334290,16,14,1,0,17,0.2684,0.2792,0.3072,0.2596,0.2677,0.2940,0.2648,0.2767,0.2813,0.7307,0.7659,0.2912,0.2980,0.2773,0.3168,0.6916,5.8703
72600000,354111600,334530,16,14,1,0,42,0.2851,0.2808,0.2967,0.2814,0.2886,0.2923,0.2640,0.2999,0.2821,0.6962,0.7310,0.3120,0.2783,0.3006,0.3358,0.6933,5.9182
72800000,354686344,334714,16,14,1,0,8,0.2835,0.2663,0.2975,0.2643,0.2762,0.3043,0.2459,0.2801,0.2710,0.6908,0.7259,0.2710,0.2828,0.3003,0.3044,0.6910,5.7552
73000000,355306321,334916,18,14,0,0,9,0.2807,0.2734,0.2894,0.2664,0.2698,0.2890,0.2728,0.2904,0.2831,0.6442,0.6776,0.2846,0.2837,0.2990,0.3176,0.6928,5.7145
73200000,355895263,335119,19,14,0,0,2,0.2876,0.2789,0.2831,0.2850,0.2784,0.2967,0.2603,0.2965,0.2991,0.7132,0.7476,0.2933,0.2868,0.2914,0.3066,0.6941,5.8985
73400000,356461925,335382,18,12,1,0,207,0.2659,0.2628,0.2776,0.2819,0.2877,0.2854,0.2596,0.2891,0.2855,0.7619,0.7991,0.3075,0.2719,0.2942,0.3290,0.6946,5.9537
73600000,357118030,335577,18,12,0,1,2,0.2622,0.2723,0.2884,0.2489,0.2716,0.2752,0.2641,0.2878,0.2754,0.6860,0.7226,0.2800,0.2733,0.2979,0.2929,0.6946,5.6933
73800000,357760202,335837,23,12,0,1,10,0.2761,0.2736,0.2965,0.2713,0.2733,0.2857,0.2444,0.2633,0.2892,0.6269,0.6684,0.2806,0.2678,0.2898,0.3179,0.6965,5.6213
74000000,358343583,336026,24,12,1,0,15,0.2774,0.2926,0.3056,0.2731,0.2698,0.2974,0.2959,0.2837,0.2910,0.7024,0.7387,0.2879,0.2948,0.3051,0.3327,0.6948,5.9429
74200000,358954717,336282,24,12,0,0,22,0.2813,0.2616,0.3102,0.2599,0.2574,0.2745,0.2474,0.3022,0.2810,0.6974,0.7344,0.2618,0.2723,0.2552,0.2838,0.6961,5.6766
74400000,359514825,336471,28,12,1,0,19,0.2891,0.3057,0.3165,0.2750,0.2848,0.2828,0.2929,0.3000,0.3159,0.7468,0.7836,0.2913,0.3101,0.2975,0.3641,0.6972,6.1533
74600000,360115920,336673,25,12,1,0,22,0.2769,0.2611,0.2789,0.2522,0.2775,0.2979,0.2658,0.2823,0.2789,0.7616,0.7980,0.2709,0.2813,0.2769,0.3043,0.6974,5.8616
74800000,360763238,336917,23,10,1,0,12,0.2718,0.2697,0.2744,0.2640,0.2618,0.2888,0.2551,0.2669,0.2897,0.6582,0.6899,0.2747,0.2574,0.2768,0.2996,0.6981,5.5967
75000000,361348775,337131,24,10,1,0,136,0.2767,0.2821,0.2920,0.2809,0.2892,0.2890,0.2482,0.3105,0.2870,0.6855,0.7160,0.3121,0.2629,0.3010,0.3351,0.6986,5.8668
75200000,361927941,337378,24,10,0,0,10,0.2735,0.2710,0.3025,0.2832,0.2866,0.2846,0.2654,0.2873,0.2723,0.7505,0.7844,0.2901,0.2917,0.2818,0.3339,0.6982,5.9570
75400000,362545951,337574,25,11,1,1,5,0.2614,0.2721,0.2973,0.2502,0.2578,0.2995,0.2844,0.2783,0.2928,0.7074,0.7386,0.2679,0.2641,0.2944,0.3107,0.6990,5.7760
75600000,363163630,337729,27,11,1,0,13,0.2788,0.2475,0.2883,0.2816,0.2674,0.2970,0.2468,0.2785,0.2862,0.7009,0.7393,0.2894,0.2605,0.2971,0.3166,0.7008,5.7767
75800000,363675373,337866,27,11,1,1,9,0.2913,0.2896,0.3287,0.2867,0.3083,0.2992,0.2967,0.3132,0.2909,0.7458,0.7797,0.2900,0.2928,0.3166,0.3441,0.6964,6.1698
76000000,364230142,338029,28,12,1,1,30,0.2805,0.2791,0.3140,0.2534,0.2818,0.2783,0.2531,0.2993,0.2816,0.7709,0.8044,0.2934,0.2663,0.3089,0.3176,0.6995,5.9822
76200000,364840425,338179,29,12,0,0,18,0.2616,0.2635,0.2849,0.2659,0.2650,0.2847,0.2482,0.2914,0.2838,0.7226,0.7600,0.2780,0.2899,0.3042,0.3160,0.7000,5.8197
76400000,365441606,338354,28,12,1,0,10,0.2783,0.2888,0.3027,0.2610,0.2665,0.2641,0.2601,0.2781,0.2859,0.7019,0.7392,0.2819,0.2717,0.2854,0.3184,0.7001,5.7842
76600000,365990145,338485,27,12,0,0,5,0.2863,0.2814,0.3013,0.2616,0.2780,0.2932,0.2662,0.2716,0.2736,0.7078,0.7430,0.2883,0.2575,0.2993,0.3322,0.7015,5.8426
76800000,366495592,338675,27,12,1,0,4,0.2926,0.2665,0.2995,0.2602,0.2601,0.2698,0.2792,0.2944,0.2825,0.7854,0.8169,0.2772,0.2985,0.2879,0.3384,0.7009,6.0100
77000000,367122416,338931,30,12,2,1,17,0.2739,0.2614,0.2790,0.2502,0.2853,0.2961,0.2507,0.2995,0.2861,0.6789,0.7145,0.2638,0.2534,0.2810,0.3134,0.7011,5.6884
77200000,367680797,339123,30,12,1,0,4,0.2793,0.2655,0.3205,0.2801,0.2848,0.2871,0.2702,0.2904,0.2808,0.7714,0.8066,0.3065,0.2951,0.2899,0.3129,0.7026,6.0436
77400000,368227977,339242,30,12,0,0,12,0.2886,0.2690,0.3216,0.2651,0.2828,0.2907,0.2823,0.2788,0.2785,0.7032,0.7377,0.2868,0.2636,0.2896,0.3324,0.7027,5.8735
77600000,368841693,339481,29,12,0,1,14,0.2774,0.2932,0.2900,0.2680,0.2797,0.2779,0.2675,0.2626,0.2888,0.6933,0.7318,0.2817,0.2838,0.2723,0.3113,0.7032,5.7826
77800000,369511407,339685,29,11,1,1,12,0.2679,0.2689,0.2961,0.2568,0.2736,0.2765,0.2698,0.2824,0.2868,0.6470,0.6853,0.2824,0.2701,0.2772,0.2987,0.7042,5.6436
78000000,370050732,339838,30,11,0,2,21,0.2697,0.2875,0.2871,0.2640,0.2773,0.2883,0.2769,0.3106,0.2956,0.7370,0.7716,0.3015,0.2820,0.2883,0.3482,0.7030,5.9886
78200000,370636077,340048,30,18,1,0,10,0.2711,0.2635,0.2799,0.2660,0.2738,0.2763,0.2589,0.3015,0.2945,0.7472,0.7839,0.2703,0.2678,0.2755,0.3103,0.7076,5.8481
78400000,371107791,340256,30,18,0,1,12,0.2803,0.2746,0.3045,0.2785,0.2827,0.3089,0.3021,0.3072,0.2997,0.7736,0.8115,0.2964,0.2959,0.3020,0.3321,0.7060,6.1560
78600000,371679372,340391,32,18,2,1,16,0.2852,0.2783,0.3094,0.2784,0.2834,0.2851,0.2859,0.2987,0.3055,0.7351,0.7717,0.3006,0.2811,0.2821,0.3332,0.7051,6.0191
78800000,372288150,340584,36,19,1,1,13,0.2688,0.2712,0.3015,0.2543,0.2604,0.2701,0.2458,0.2938,0.2916,0.6510,0.6863,0.2822,0.2727,0.2641,0.3260,0.7069,5.6469
79000000,372866615,340779,37,19,0,0,6,0.2899,0.2708,0.2833,0.2647,0.2672,0.2799,0.2883,0.2935,0.2741,0.7748,0.8097,0.2979,0.2599,0.2853,0.3049,0.7065,5.9508
79200000,373465430,340950,36,19,0,3,24,0.2780,0.2693,0.3009,0.2675,0.2646,0.2882,0.2587,0.3035,0.2932,0.6612,0.6949,0.2919,0.2808,0.3137,0.2934,0.7062,5.7659
79400000,374062179,341144,32,19,0,1,17,0.2805,0.2639,0.3065,0.2761,0.2697,0.2796,0.2587,0.2938,0.2902,0.6482,0.6854,0.2894,0.2741,0.2901,0.3105,0.7066,5.7234
79600000,374651424,341365,33,19,1,2,14,0.2839,0.3102,0.2746,0.2564,0.2633,0.2797,0.2590,0.2901,0.2772,0.6245,0.6589,0.3049,0.2691,0.2959,0.3156,0.7070,5.6701
79800000,375228547,341605,37,19,1,3,35,0.2947,0.2726,0.2811,0.2793,0.2762,0.2816,0.2819,0.2906,0.2691,0.6851,0.7182,0.3117,0.2634,0.2929,0.3289,0.7062,5.8334
80000000,375804594,341790,35,19,2,1,16,0.2846,0.2729,0.3224,0.2590,0.2642,0.2720,0.2594,0.3224,0.2663,0.6387,0.6745,0.2919,0.3019,0.3134,0.3039,0.7067,5.7542
80200000,376401183,341966,35,19,0,1,12,0.2633,0.2537,0.3060,0.2755,0.2654,0.2751,0.2610,0.3132,0.2894,0.7145,0.7502,0.2756,0.2624,0.3061,0.3367,0.7084,5.8564
80400000,376930185,342127,35,20,2,0,55,0.2837,0.2742,0.3095,0.2669,0.2863,0.3066,0.2855,0.3113,0.2842,0.7804,0.8181,0.3235,0.3073,0.3015,0.3545,0.7087,6.2022
80600000,377490076,342302,37,20,1,3,20,0.2816,0.2634,0.2933,0.2746,0.2683,0.2984,0.2722,0.2994,0.3026,0.6918,0.7287,0.2833,0.2851,0.2988,0.3054,0.7100,5.8570
80800000,378077953,342384,39,20,3,0,7,0.2964,0.2680,0.3054,0.2780,0.2825,0.3233,0.2768,0.2968,0.3040,0.6875,0.7212,0.2800,0.2969,0.3087,0.3321,0.7102,5.9676
81000000,378617354,342529,38,20,0,1,20,0.2799,0.2859,0.3019,0.2771,0.2774,0.3058,0.2666,0.3126,0.3155,0.6779,0.7091,0.2939,0.2771,0.2915,0.3221,0.7095,5.9035
81200000,379130845,342697,39,20,0,1,25,0.3038,0.2759,0.3140,0.2880,0.3071,0.3105,0.2600,0.3051,0.3131,0.7362,0.7663,0.2799,0.3010,0.3083,0.3487,0.7085,6.1262
81400000,379679256,342818,36,20,1,0,19,0.2881,0.2530,0.3011,0.2527,0.2807,0.2998,0.2689,0.2805,0.3022,0.7271,0.7628,0.2929,0.2780,0.3183,0.3252,0.7101,5.9413
81600000,380202009,342920,33,20,2,1,32,0.2836,0.2688,0.3097,0.2633,0.2636,0.2956,0.2893,0.3041,0.2755,0.7953,0.8293,0.2678,0.2887,0.2839,0.3187,0.7109,6.0482
81800000,380719446,343097,33,20,0,0,5,0.2809,0.2845,0.3145,0.2791,0.2935,0.3018,0.2878,0.3201,0.3102,0.7517,0.7882,0.2982,0.2955,0.3173,0.3150,0.7095,6.1476
82000000,381289626,343268,31,20,1,1,33,0.2802,0.2740,0.3029,0.2694,0.2888,0.2902,0.2641,0.2901,0.2938,0.7077,0.7435,0.2765,0.2930,0.2804,0.3252,0.7124,5.8922
82200000,381836073,343434,33,20,0,1,22,0.2851,0.2700,0.3106,0.2920,0.2871,0.3139,0.2836,0.2862,0.2857,0.7201,0.7553,0.2990,0.2822,0.2965,0.3143,0.7114,5.9930
82400000,382443872,343691,34,20,0,0,24,0.2791,0.2681,0.2867,0.2664,0.2670,0.2893,0.2688,0.2887,0.2809,0.6930,0.7299,0.2794,0.2609,0.2850,0.3004,0.7129,5.7566
82600000,382951478,343875,35,21,0,2,18,0.2998,0.2912,0.3000,0.2860,0.2874,0.2787,0.2819,0.2886,0.3027,0.7613,0.7914,0.3218,0.2953,0.3032,0.3511,0.7122,6.1528
82800000,383494478,344028,38,21,0,0,26,0.2919,0.3113,0.3120,0.2801,0.3047,0.2820,0.2708,0.2786,0.3068,0.7462,0.7795,0.3182,0.2843,0.3079,0.3406,0.7113,6.1262
83000000,384048360,344117,37,21,0,0,19,0.2900,0.2887,0.2892,0.2711,0.2807,0.3194,0.2883,0.3156,0.2870,0.7067,0.7421,0.2893,0.2875,0.2979,0.3129,0.7115,5.9778
83200000,384564798,344242,33,21,0,1,9,0.2789,0.2928,0.3083,0.2787,0.2995,0.3086,0.2630,0.2973,0.2934,0.7797,0.8162,0.2985,0.2808,0.3139,0.3377,0.7144,6.1616
83400000,385113394,344425,32,21,0,1,5,0.2919,0.2673,0.3099,0.2876,0.3061,0.3094,0.2724,0.3285,0.3176,0.6406,0.6798,0.2995,0.3054,0.3079,0.3317,0.7140,5.9694
83600000,385617538,344524,29,21,2,0,6,0.2869,0.2863,0.3052,0.2927,0.2726,0.3179,0.2874,0.2994,0.2971,0.7221,0.7565,0.3009,0.2864,0.3054,0.3365,0.7140,6.0674
83800000,386097017,344709,30,21,1,0,3,0.2903,0.2602,0.3025,0.2767,0.2700,0.3074,0.3167,0.2882,0.2934,0.8640,0.8964,0.3249,0.2912,0.2967,0.3567,0.7156,6.3509
84000000,386571719,344872,32,21,0,1,1,0.2829,0.2724,0.3179,0.2844,0.3032,0.2890,0.2849,0.2878,0.3182,0.7714,0.8079,0.3010,0.2912,0.2966,0.3258,0.7143,6.1489
84200000,387089489,344989,32,21,0,0,8,0.2907,0.2797,0.3008,0.2889,0.2798,0.3033,0.2889,0.3014,0.2779,0.7133,0.7500,0.3151,0.3068,0.3114,0.3606,0.7160,6.0846
84400000,387639147,345180,32,21,2,0,16,0.2888,0.2510,0.2895,0.2703,0.2754,0.2981,0.2552,0.2907,0.2995,0.6882,0.7247,0.2938,0.2881,0.2785,0.3304,0.7141,5.8362
84600000,388136353,345361,33,21,2,0,13,0.2865,0.2611,0.3008,0.2943,0.2864,0.3291,0.2957,0.2876,0.3007,0.8231,0.8580,0.3017,0.3111,0.3068,0.3455,0.7170,6.3055
84800000,388629114,345450,32,21,3,0,9,0.2874,0.2636,0.2998,0.2873,0.2851,0.3083,0.2711,0.2914,0.2897,0.7530,0.7862,0.2903,0.2575,0.2982,0.3343,0.7145,6.0179
85000000,389139934,345621,28,22,3,1,5,0.2987,0.2760,0.3157,0.2885,0.2761,0.3041,0.2770,0.3045,0.2900,0.6784,0.7108,0.2987,0.2661,0.3143,0.3624,0.7144,5.9754
85200000,389594783,345837,26,22,4,0,14,0.2981,0.2848,0.3038,0.2763,0.2908,0.3283,0.2864,0.3178,0.3335,0.8029,0.8395,0.3099,0.3220,0.3121,0.3521,0.7165,6.3749
85400000,390174842,346053,28,22,2,0,6,0.2883,0.2663,0.3065,0.2775,0.2794,0.2918,0.2604,0.2915,0.2863,0.7030,0.7347,0.2685,0.2746,0.2947,0.3278,0.7175,5.8688
85600000,390689136,346237,29,22,1,1,7,0.2794,0.2678,0.3203,0.2696,0.2769,0.2778,0.2884,0.3033,0.2986,0.7357,0.7726,0.3081,0.2913,0.2950,0.3701,0.7179,6.0729
85800000,391269150,346406,31,22,0,1,7,0.2806,0.2625,0.2816,0.2572,0.2684,0.2822,0.2393,0.2964,0.3006,0.6957,0.7319,0.2926,0.2698,0.2809,0.2966,0.7190,5.7553
86000000,391827432,346582,31,22,0,0,11,0.2843,0.2673,0.3034,0.2805,0.2850,0.2695,0.2616,0.2974,0.3123,0.6805,0.7141,0.3023,0.2999,0.3051,0.3280,0.7174,5.9086
86200000,392368349,346706,30,22,0,1,45,0.2911,0.2724,0.3101,0.2903,0.2782,0.3175,0.2847,0.3012,0.2879,0.7240,0.7612,0.3067,0.3014,0.2910,0.3239,0.7189,6.0606
86400000,392927659,346865,31,22,1,0,59,0.2689,0.2934,0.3027,0.2688,0.2756,0.2986,0.2630,0.3075,0.2851,0.6619,0.6992,0.2930,0.2794,0.3107,0.3284,0.7190,5.8555
86600000,393505117,346978,33,22,1,0,2,0.2948,0.2753,0.3081,0.2810,0.2633,0.3110,0.2711,0.2940,0.2919,0.6516,0.6880,0.2966,0.3078,0.3159,0.3270,0.7194,5.8969
86800000,394068448,347081,32,22,0,1,49,0.2814,0.2578,0.2626,0.2731,0.2631,0.2859,0.2847,0.2851,0.2799,0.6653,0.7020,0.2846,0.2557,0.2855,0.3328,0.7192,5.7189
87000000,394598380,347195,32,22,1,0,47,0.2868,0.2759,0.2978,0.2919,0.2868,0.3263,0.2735,0.2957,0.2922,0.7223,0.7573,0.2844,0.3029,0.2904,0.3036,0.7207,6.0084
87200000,395110412,347371,32,22,3,1,142,0.2838,0.2961,0.3069,0.2813,0.2882,0.3279,0.2778,0.2990,0.2877,0.7432,0.7811,0.2920,0.2812,0.2995,0.3451,0.7193,6.1099
87400000,395641102,347543,32,21,1,2,133,0.2961,0.2767,0.2998,0.2609,0.2718,0.2908,0.2773,0.2968,0.2973,0.6996,0.7327,0.3057,0.2776,0.2756,0.3215,0.7207,5.9008
87600000,396152565,347683,33,21,0,0,81,0.2933,0.2629,0.2767,0.2747,0.2727,0.2948,0.2598,0.2992,0.3154,0.7880,0.8224,0.3028,0.3079,0.2958,0.3448,0.7208,6.1321
87800000,396649699,347808,30,21,2,2,12,0.2820,0.2649,0.2933,0.3044,0.2922,0.3213,0.2932,0.3082,0.2877,0.8001,0.8381,0.2910,0.2935,0.2962,0.3318,0.7199,6.2177
88000000,397135652,347999,30,21,0,1,161,0.2854,0.2756,0.3084,0.2812,0.2868,0.3088,0.2672,0.3028,0.3076,0.7392,0.7719,0.2898,0.2920,0.2955,0.3324,0.7201,6.0646
88200000,397696295,348171,30,21,1,0,73,0.2856,0.2617,0.3172,0.2919,0.2634,0.2826,0.2810,0.2809,0.2999,0.6945,0.7317,0.2791,0.2627,0.2874,0.3462,0.7202,5.8861
88400000,398180161,348314,28,21,1,1,134,0.3016,0.2966,0.3179,0.2679,0.2962,0.3047,0.2790,0.2832,0.3040,0.7816,0.8185,0.3166,0.2970,0.3000,0.3393,0.7217,6.2257
88600000,398688174,348388,28,21,0,1,34,0.2919,0.2707,0.3068,0.2698,0.2906,0.3138,0.2854,0.3008,0.2997,0.7667,0.8055,0.2802,0.2968,0.2759,0.3049,0.7209,6.0804
88800000,399173386,348506,31,21,2,1,16,0.2744,0.2818,0.2900,0.2958,0.2967,0.3083,0.2665,0.2824,0.2942,0.7439,0.7793,0.2963,0.2647,0.3235,0.3307,0.7218,6.0503
89000000,399758041,348666,31,21,0,1,77,0.2884,0.2686,0.2865,0.2594,0.2676,0.2902,0.2672,0.2823,0.2896,0.7239,0.7593,0.2890,0.2873,0.2906,0.2937,0.7230,5.8667
89200000,400318028,348813,31,21,1,3,18,0.2907,0.2851,0.3301,0.2792,0.2844,0.2973,0.2696,0.2921,0.2970,0.6856,0.7215,0.3080,0.2886,0.2841,0.3255,0.7228,5.9616
89400000,400812717,348900,32,21,1,2,39,0.2856,0.2877,0.3016,0.2834,0.2852,0.3225,0.2815,0.3226,0.2944,0.7955,0.8329,0.3045,0.3099,0.2995,0.3774,0.7237,6.3080
89600000,401336704,349043,31,21,2,0,9,0.2995,0.2803,0.3040,0.2762,0.2791,0.3060,0.2676,0.2971,0.2976,0.7579,0.7939,0.3056,0.2961,0.2917,0.3226,0.7237,6.0989
89800000,401833038,349186,30,21,1,2,6,0.2957,0.2952,0.3199,0.2825,0.2859,0.3007,0.3032,0.3142,0.2753,0.7619,0.7988,0.3124,0.2756,0.3007,0.3294,0.7241,6.1756
90000000,402364661,349412,29,21,0,5,9,0.2857,0.2695,0.2934,0.2703,0.2751,0.3033,0.2573,0.2728,0.2869,0.7049,0.7420,0.2882,0.2718,0.2784,0.3303,0.7251,5.8550
90200000,402840068,349485,29,21,0,1,9,0.3030,0.3040,0.3111,0.2755,0.2841,0.2908,0.2785,0.2971,0.2807,0.7573,0.7930,0.3047,0.3043,0.3049,0.3685,0.7233,6.1809
90400000,403381390,349590,29,21,0,2,14,0.2982,0.2774,0.2916,0.2822,0.2753,0.2863,0.2739,0.2859,0.2761,0.6932,0.7306,0.3259,0.2895,0.3090,0.3384,0.7256,5.9591
90600000,403870445,349720,29,21,0,3,7,0.2926,0.2928,0.3260,0.2758,0.3081,0.3089,0.2558,0.3016,0.3063,0.7961,0.8311,0.3149,0.2864,0.3057,0.3161,0.7255,6.2436
90800000,404447219,349880,31,21,3,1,43,0.2693,0.2498,0.2801,0.2539,0.2699,0.2966,0.2664,0.2713,0.2682,0.7125,0.7486,0.2881,0.2803,0.2978,0.3009,0.7253,5.7790
91000000,404875467,349913,30,21,0,1,9,0.3270,0.3057,0.3349,0.2980,0.2966,0.3130,0.2867,0.3182,0.3364,0.7750,0.8033,0.2983,0.3068,0.3388,0.4014,0.7266,6.4665
91200000,405398649,350120,30,21,1,1,13,0.2781,0.2864,0.3032,0.2848,0.2836,0.3120,0.2564,0.2964,0.3151,0.7471,0.7807,0.3100,0.2950,0.2899,0.3364,0.7257,6.1009
91400000,405889727,350203,31,21,0,2,14,0.3034,0.2946,0.3170,0.2777,0.2993,0.3149,0.2946,0.2768,0.3004,0.7913,0.8228,0.3292,0.3002,0.3051,0.3481,0.7254,6.3008
91600000,406410610,350373,35,21,0,1,60,0.2918,0.2787,0.3253,0.2907,0.2801,0.2998,0.2760,0.3055,0.2661,0.7314,0.7645,0.3002,0.2791,0.3184,0.3222,0.7258,6.0555
91800000,406907649,350544,34,21,0,0,11,0.2720,0.2671,0.2806,0.2715,0.2773,0.2851,0.2853,0.2843,0.2993,0.7350,0.7734,0.3089,0.2796,0.2904,0.3289,0.7262,5.9650
92000000,407490471,350629,33,21,0,2,10,0.2795,0.2696,0.2792,0.2657,0.2587,0.2915,0.2628,0.2876,0.2712,0.7121,0.7484,0.2787,0.2692,0.3034,0.3204,0.7266,5.8246
92200000,408017218,350748,32,21,0,2,19,0.2906,0.2842,0.3227,0.2987,0.2697,0.2952,0.2703,0.2863,0.2953,0.7230,0.7578,0.2951,0.2887,0.2910,0.3304,0.7260,6.0251
92400000,408474802,350891,32,21,0,0,3,0.2921,0.2754,0.3105,0.2893,0.2936,0.3096,0.2715,0.3061,0.2973,0.7689,0.8024,0.2813,0.2952,0.3167,0.3552,0.7264,6.1915
92600000,409033443,351014,32,21,1,3,25,0.2755,0.2718,0.2998,0.2684,0.2896,0.2892,0.2732,0.2784,0.3084,0.6886,0.7252,0.2924,0.2963,0.2880,0.2992,0.7261,5.8701
92800000,409501960,351131,30,21,0,2,64,0.2884,0.2847,0.3266,0.2673,0.2776,0.3235,0.2712,0.3273,0.3325,0.7713,0.8082,0.3048,0.2960,0.3169,0.3703,0.7269,6.2934
93000000,410023397,351282,30,21,0,1,112,0.3125,0.2899,0.3144,0.2992,0.3057,0.3171,0.2659,0.3020,0.2996,0.6758,0.7092,0.3133,0.3177,0.3021,0.3208,0.7268,6.0720
93200000,410496870,351409,27,21,1,0,49,0.2840,0.2828,0.2903,0.2840,0.2939,0.3195,0.2684,0.3091,0.2955,0.7081,0.7474,0.2922,0.3314,0.3189,0.3355,0.7285,6.0896
93400000,411026230,351636,28,21,1,0,52,0.3003,0.2745,0.2962,0.2804,0.3029,0.3068,0.2958,0.3066,0.2884,0.6511,0.6865,0.3003,0.2985,0.3028,0.3315,0.7293,5.9520
93600000,411516968,351770,27,21,0,0,46,0.2797,0.2826,0.3085,0.2545,0.2836,0.2861,0.2949,0.2939,0.2940,0.7576,0.7921,0.3099,0.3115,0.3055,0.3357,0.7278,6.1179
93800000,412054136,351891,26,21,0,0,0,0.2785,0.2674,0.2876,0.2877,0.2631,0.3035,0.2527,0.3300,0.2794,0.7687,0.8057,0.2974,0.2613,0.3008,0.3244,0.7271,6.0353
94000000,412561341,352042,25,21,0,0,24,0.2916,0.2901,0.2951,0.2825,0.2832,0.2998,0.2789,0.3072,0.3043,0.7741,0.8072,0.2911,0.2863,0.3200,0.3201,0.7294,6.1608
94200000,412998601,352188,24,21,0,1,3,0.3034,0.3314,0.2938,0.2837,0.2906,0.2948,0.2702,0.3217,0.3400,0.8276,0.8595,0.3071,0.3177,0.3078,0.3943,0.7296,6.4732
94400000,413511591,352302,24,21,0,1,13,0.2860,0.2928,0.2832,0.2666,0.2957,0.2894,0.2833,0.3071,0.2968,0.7390,0.7695,0.3094,0.2862,0.3374,0.3493,0.7294,6.1212
94600000,414040571,352382,25,21,2,1,6,0.2954,0.2871,0.3177,0.3113,0.2844,0.3044,0.2946,0.3085,0.2885,0.7139,0.7514,0.3130,0.2945,0.3000,0.3577,0.7310,6.1533
94800000,414528356,352490,24,21,0,0,2,0.3031,0.2658,0.3068,0.2807,0.3060,0.3234,0.2998,0.3346,0.3176,0.7449,0.7805,0.2960,0.2943,0.2984,0.3304,0.7289,6.2113
95000000,415039644,352545,23,21,0,1,124,0.2815,0.2914,0.2851,0.2662,0.2785,0.3105,0.2757,0.2917,0.3105,0.7563,0.7908,0.3052,0.2566,0.3039,0.3612,0.7298,6.0950
95200000,415553309,352669,28,21,0,2,21,0.2842,0.2887,0.3031,0.2809,0.2645,0.3114,0.2804,0.2811,0.3088,0.7904,0.8252,0.2925,0.2982,0.3143,0.3490,0.7297,6.2025
95400000,416060721,352726,30,21,0,0,3,0.2945,0.3197,0.3220,0.2677,0.2790,0.3017,0.2912,0.3127,0.3056,0.7210,0.7580,0.2848,0.3048,0.3091,0.3440,0.7315,6.1471
95600000,416573763,352890,31,21,0,2,13,0.2965,0.2643,0.2821,0.2794,0.2899,0.3133,0.2827,0.2875,0.3005,0.7517,0.7884,0.2955,0.2781,0.2872,0.3362,0.7299,6.0631
95800000,417091495,353027,32,21,0,1,1,0.2964,0.2845,0.2964,0.2792,0.2910,0.2824,0.2778,0.3004,0.2983,0.7205,0.7591,0.2883,0.3005,0.3008,0.3470,0.7308,6.0535
96000000,417577056,353163,31,21,1,2,9,0.2840,0.2745,0.3119,0.2767,0.2949,0.3049,0.2722,0.2836,0.2932,0.7581,0.7929,0.2932,0.2967,0.3042,0.3461,0.7301,6.1172
96200000,418098082,353367,32,21,0,3,2,0.2925,0.3041,0.2916,0.2756,0.2766,0.2922,0.2600,0.3125,0.2878,0.7467,0.7826,0.2921,0.2970,0.3215,0.3270,0.7316,6.0915
96400000,418555637,353480,31,21,0,3,17,0.3109,0.2780,0.3079,0.2799,0.3014,0.3197,0.3019,0.3133,0.3023,0.7729,0.8099,0.3292,0.3060,0.3156,0.3402,0.7348,6.3240
96600000,419110101,353650,32,21,0,5,21,0.2866,0.2611,0.3018,0.2882,0.2712,0.2881,0.2876,0.2923,0.3148,0.6953,0.7282,0.2954,0.2957,0.2724,0.3357,0.7329,5.9473
96800000,419649779,353805,33,21,1,1,83,0.2928,0.2788,0.3143,0.2773,0.2992,0.3153,0.2679,0.2972,0.3055,0.7020,0.7363,0.3084,0.3059,0.3059,0.3354,0.7311,6.0733
97000000,420158929,353894,34,21,1,1,12,0.2920,0.2724,0.3073,0.2760,0.2978,0.2920,0.2862,0.3137,0.3097,0.7837,0.8206,0.3141,0.2922,0.2961,0.3136,0.7344,6.2019
97200000,420585766,353984,34,21,2,3,15,0.2822,0.2925,0.3130,0.2910,0.2955,0.3078,0.2890,0.3468,0.3083,0.8413,0.8762,0.3125,0.3109,0.3327,0.3639,0.7346,6.4981
97400000,421058360,354085,34,21,0,1,3,0.3018,0.2770,0.3043,0.2933,0.2865,0.3368,0.2762,0.3051,0.2743,0.7501,0.7829,0.3244,0.2843,0.2860,0.3258,0.7341,6.1429
97600000,421511207,354169,36,21,0,1,15,0.2874,0.2734,0.3029,0.2747,0.3000,0.3161,0.2879,0.3215,0.3185,0.8104,0.8478,0.3010,0.3019,0.3044,0.3681,0.7338,6.3500
97800000,422015725,354308,29,21,2,2,9,0.3025,0.2887,0.3252,0.2803,0.3042,0.3293,0.2556,0.3035,0.3059,0.6886,0.7196,0.3027,0.2940,0.2844,0.3703,0.7338,6.0885
98000000,422477318,354428,27,21,2,0,3,0.2922,0.2966,0.3099,0.2822,0.2927,0.3285,0.3105,0.3137,0.2951,0.7910,0.8288,0.3116,0.2867,0.3236,0.3262,0.7326,6.3221
98200000,422977225,354544,24,21,2,1,8,0.2849,0.2827,0.3173,0.2843,0.2961,0.2983,0.2707,0.2777,0.2962,0.7690,0.8035,0.3041,0.3309,0.3118,0.3388,0.7346,6.2008
98400000,423461049,354588,24,21,0,1,4,0.2782,0.2862,0.3243,0.2681,0.2972,0.3007,0.3152,0.3218,0.3115,0.7465,0.7803,0.3141,0.2972,0.3134,0.3317,0.7349,6.2213
98600000,423935129,354682,23,21,1,0,4,0.2852,0.3016,0.3189,0.2983,0.2848,0.3025,0.2884,0.3167,0.3011,0.7327,0.7721,0.2884,0.3047,0.3414,0.3583,0.7349,6.2299
98800000,424473263,354852,23,21,0,0,1,0.2900,0.2721,0.2971,0.2766,0.2790,0.3205,0.2828,0.2919,0.3086,0.6880,0.7242,0.2836,0.3095,0.2821,0.3127,0.7362,5.9551
99000000,424977706,354984,24,21,1,1,3,0.3002,0.2904,0.3138,0.2742,0.2962,0.3002,0.3313,0.3112,0.3199,0.7894,0.8291,0.2874,0.3157,0.3206,0.3596,0.7370,6.3762
99200000,425509268,355149,24,21,0,0,3,0.2977,0.2895,0.2942,0.2956,0.2950,0.3145,0.2683,0.2896,0.2811,0.7103,0.7423,0.3291,0.2766,0.2851,0.3449,0.7371,6.0509
99400000,425997924,355268,25,21,0,0,2,0.2861,0.2750,0.3100,0.2879,0.2978,0.3044,0.2969,0.3400,0.3034,0.8045,0.8414,0.3229,0.3040,0.3237,0.3322,0.7349,6.3650
99600000,426462390,355363,24,21,0,0,4,0.3017,0.3026,0.3258,0.2900,0.3158,0.3138,0.2779,0.3330,0.2911,0.7350,0.7684,0.2953,0.2837,0.2990,0.3513,0.7350,6.2192
99800000,426925154,355536,24,21,1,0,1,0.2882,0.2768,0.3001,0.2885,0.2832,0.3158,0.2795,0.2941,0.3179,0.7794,0.8130,0.3014,0.3151,0.3166,0.3406,0.7357,6.2458
100000000,427418515,355642,25,21,1,0,4,0.2882,0.2800,0.3018,0.2870,0.2781,0.2857,0.2606,0.3082,0.3066,0.7888,0.8255,0.3002,0.2795,0.3292,0.3049,0.7368,6.1610
Report usecs used: 3153151
That is 3 seconds
Setup usecs used: 0
That is 0 seconds
Seeding usecs used: 1847951
That is 1 seconds
Random usecs used: 6917617
That is 6 seconds
Execute usecs used: 7446639
That is 7 seconds
Cell Splitting usecs used: 1753507
That is 1 seconds
Serial executed 671865523 instructions

real	0m28.988s
user	0m28.819s
sys	0m0.101s
