200000,9125570,10331,0,2,0,0,0,0.0253,0.0304,0.0329,0.0264,0.0275,0.0310,0.0296,0.0365,0.0302,0.1680,0.1685,0.0338,0.0302,0.0307,0.0303,0.0117,0.7430
400000,17804038,22096,0,1,0,0,0,0.0514,0.0636,0.0698,0.0598,0.0591,0.0659,0.0697,0.0736,0.0673,0.3032,0.3046,0.0751,0.0679,0.0724,0.0775,0.0376,1.5184
600000,26273519,34077,0,2,0,0,0,0.0677,0.1375,0.0845,0.0688,0.0769,0.0860,0.0809,0.0798,0.0794,0.3279,0.3275,0.0806,0.0807,0.0792,0.0872,0.0628,1.8073
800000,34418343,45565,0,2,0,0,0,0.0744,0.0905,0.0920,0.0806,0.0787,0.0871,0.0841,0.0931,0.0927,0.3407,0.3448,0.1658,0.0886,0.0889,0.1042,0.0873,1.9933
1000000,42263947,56604,0,2,0,0,0,0.0836,0.1047,0.1016,0.0926,0.0919,0.1060,0.0944,0.1046,0.1078,0.3445,0.3469,0.1011,0.1860,0.1034,0.1109,0.1951,2.2752
1200000,50113005,67264,0,2,0,0,0,0.0950,0.2115,0.1120,0.1011,0.1937,0.2141,0.1039,0.2223,0.1114,0.6827,0.6894,0.1082,0.1077,0.1062,0.1119,0.1274,3.2984
1400000,57479457,77362,0,2,0,0,0,0.1999,0.1198,0.1291,0.1058,0.1045,0.1214,0.1108,0.1282,0.1193,1.0548,1.0648,0.2253,0.1164,0.1185,0.2332,0.2754,4.2269
1600000,64951692,87402,0,2,0,0,0,0.1131,0.2295,0.1236,0.1198,0.1172,0.1283,0.1239,0.1328,0.1261,0.3605,0.3640,0.1335,0.1212,0.1312,0.3529,0.1617,2.8393
1800000,72250902,97141,0,2,0,0,0,0.1193,0.1294,0.1340,0.1213,0.1246,0.1391,0.1255,0.1389,0.1301,0.3898,0.3957,0.1340,0.1255,0.1343,0.1355,0.1781,2.6547
2000000,79232925,106512,0,2,0,0,0,0.1308,0.1365,0.1415,0.1293,0.1329,0.1382,0.1325,0.1469,0.1354,0.3772,0.3853,0.1369,0.1332,0.1397,0.1381,0.1930,2.7272
2200000,86156473,115548,0,2,0,0,0,0.1352,0.1433,0.1465,0.1344,0.1390,0.1434,0.1344,0.1449,0.1405,0.3888,0.3959,0.1455,0.1370,0.1427,0.1490,0.2071,2.8274
2400000,92844974,124065,0,2,0,0,0,0.2735,0.1332,0.3006,0.1346,0.2801,0.3018,0.1384,0.2986,0.1407,0.7828,0.7979,0.1435,0.1416,0.1489,0.1547,0.2209,4.3918
2600000,99347935,132212,0,2,0,0,0,0.0705,0.0752,0.0805,0.0737,0.0745,0.0782,0.0743,0.0828,0.0767,0.1994,0.2033,0.0755,0.0800,0.0743,0.0823,0.2266,1.6279
2800000,105588063,140029,0,2,0,0,0,0.1451,0.2997,0.1626,0.1470,0.1557,0.3152,0.1484,0.1687,0.1552,0.4051,0.4175,0.1588,0.1579,0.3069,0.1662,0.2435,3.5535
3000000,112082624,148047,2,4,0,0,0,0.1545,0.1559,0.1620,0.1493,0.1583,0.1637,0.1537,0.1576,0.1536,0.4182,0.4272,0.1619,0.1637,0.1627,0.1613,0.2558,3.1594
[EVENT] Viable replicators have appeared!
3200000,118359088,155415,2,5,0,0,0,0.1547,0.1645,0.1706,0.1550,0.1600,0.1689,0.1596,0.1617,0.1659,0.4102,0.4226,0.1621,0.1639,0.1643,0.1730,0.5282,3.4854
3400000,124343886,162698,1,4,0,0,0,0.1659,0.1708,0.3492,0.1604,0.1669,0.1763,0.1586,0.3409,0.1748,0.4181,0.4289,0.3379,0.1731,0.1674,0.3512,0.8090,4.5491
3600000,130256893,169606,1,4,0,0,0,0.1651,0.3332,0.1781,0.1674,0.1679,0.1813,0.1659,0.1779,0.1752,0.4221,0.4329,0.1812,0.1802,0.1775,0.5322,0.2868,3.9249
3800000,136241701,176381,1,4,0,0,0,0.0860,0.0862,0.0940,0.0843,0.0883,0.0890,0.0846,0.0926,0.0902,0.4177,0.4297,0.0887,0.0891,0.0920,0.0918,0.1495,2.1537
4000000,142019955,182794,0,2,0,0,0,0.1744,0.3523,0.1880,0.1692,0.1760,0.1812,0.1708,0.1807,0.3667,1.2636,0.4312,0.1815,0.1784,0.1778,0.1825,0.6075,4.9818
[EVENT] Viable replicators have gone extinct. Please reserve a moment of silence.
4200000,147737960,189135,0,2,0,0,0,0.1770,0.1790,0.3726,0.1715,0.1784,0.1821,0.1707,0.1882,0.1844,0.4289,0.4404,0.1762,0.1808,0.1781,0.3672,0.9226,4.4980
4400000,153242662,195058,2,5,0,0,4,0.1789,0.1826,0.1978,0.1792,0.1827,0.1918,0.1795,0.3771,0.1837,0.8688,0.8938,0.1874,0.1882,0.1876,0.1889,0.3218,4.6900
[EVENT] Viable replicators have appeared!
4600000,158656053,200630,2,5,0,0,4,0.1804,0.1861,0.3982,0.1789,0.1762,0.3833,0.1845,0.1971,0.1937,1.3463,1.3869,0.1948,0.1822,0.3734,0.1959,0.6549,6.4129
4800000,164121481,206090,2,6,1,0,3,0.1801,0.1809,0.2000,0.1833,0.3610,0.1940,0.3661,0.1951,0.1970,0.4188,1.8172,0.3885,0.1926,0.1918,0.3947,0.3346,5.7957
5000000,169643075,211732,1,4,0,0,0,0.1840,0.3638,0.1999,0.3573,0.1817,0.2001,0.1808,0.3887,0.1951,0.4406,0.4556,0.1980,0.1919,0.1963,0.5763,0.3438,4.6540
5200000,175121239,217141,4,5,0,0,63,0.1881,0.1922,0.2047,0.1908,0.1923,0.4041,0.1816,0.2057,0.1947,0.9082,0.9401,0.1976,0.1857,0.2006,0.7771,0.3522,5.5154
5400000,180221144,222089,2,4,1,0,110,0.1935,0.1890,0.2062,0.1973,0.2027,0.2060,0.1905,0.2078,0.1969,1.3960,1.4472,0.1970,0.1990,0.4103,0.2100,0.3588,6.0079
5600000,185479494,226889,2,5,0,0,33,0.1892,0.2005,0.1998,0.1916,0.1918,0.2057,0.1868,0.1974,0.1998,0.4435,0.4599,0.1965,0.1921,0.1994,0.2000,0.3640,3.8179
5800000,190690645,231619,4,5,0,2,6,0.1032,0.1024,0.1086,0.1955,0.1011,0.2061,0.1946,0.1101,0.1997,0.4483,0.2407,0.1056,0.1068,0.2051,0.1093,0.1894,2.7264
6000000,195724894,235997,4,4,1,2,89,0.1955,0.1966,0.2097,0.1956,0.1989,0.2015,0.1978,0.2121,0.2051,1.3595,0.9636,0.2046,0.2056,0.2035,0.4300,0.3767,5.5563
6200000,200814501,240498,5,4,0,0,0,0.2043,0.1977,0.2129,0.2007,0.2004,0.2101,0.2082,0.2144,0.2124,1.7855,1.4198,0.4032,0.4004,0.2054,0.2149,0.7462,7.0363
6400000,205719118,244696,7,5,1,0,49,0.1004,0.1024,0.1057,0.0984,0.1011,0.1052,0.0961,0.1042,0.2106,1.1320,0.9553,0.1065,0.1026,0.1012,0.1020,0.1909,3.7145
6600000,210569050,248819,6,4,1,0,24,0.2108,0.2106,0.2210,0.2052,0.4059,0.4152,0.2114,0.2161,0.6353,0.4646,0.4831,0.4244,0.2138,0.2160,0.2232,0.7705,5.5272
6800000,215409314,252768,8,4,0,1,72,0.2108,0.2088,0.2185,0.2063,0.2088,0.2210,0.4189,0.2214,0.2147,0.9294,0.4801,0.6377,0.4333,0.2077,0.4500,0.3988,5.6661
7000000,220100306,256556,8,6,0,0,64,0.4234,0.4203,0.2261,0.4187,0.2097,0.2162,0.2031,0.2272,0.4396,1.4194,0.4965,0.8695,0.6478,0.4217,0.2179,0.4032,7.2602
7200000,224896139,260124,6,4,0,0,2,0.2076,0.2055,0.2093,0.2040,0.2072,0.2200,0.2070,0.2136,0.2187,0.4734,0.4915,0.2104,0.2071,0.2155,0.2142,0.4090,4.1141
7400000,229518064,263610,7,4,1,1,53,0.2104,0.2107,0.2317,0.2094,0.2093,0.2205,0.2129,0.2205,0.2170,0.9749,0.5201,0.2190,0.2148,0.2168,0.2238,0.4136,4.7253
7600000,234130947,266976,7,4,1,1,14,0.2126,0.4235,0.2225,0.2097,0.4209,0.4401,0.2065,0.2248,0.2183,0.4959,0.5144,0.2211,0.2069,0.4316,0.4470,0.8376,5.7334
7800000,238680810,270434,7,4,0,0,6,0.2164,0.2093,0.2217,0.2088,0.2085,0.2173,0.2043,0.2227,0.2183,0.4780,0.4962,0.2238,0.2163,0.2197,0.2249,0.4199,4.2060
8000000,243309955,273780,11,5,1,0,112,0.2176,0.2133,0.2246,0.2130,0.2178,0.4377,0.2141,0.2268,0.4299,0.4714,0.4904,0.4373,0.2095,0.2182,0.4376,0.4250,5.0842
8200000,247768607,276888,11,5,1,0,65,0.1113,0.1100,0.1177,0.1109,0.1077,0.1126,0.1024,0.1166,0.1128,0.2418,0.2514,0.1114,0.1097,0.1129,0.1179,0.2155,2.1629
8400000,252157497,279818,9,5,1,0,65,0.2199,0.2164,0.2292,0.2120,0.2214,0.2205,0.2091,0.2237,0.2272,0.5004,0.5182,0.2194,0.2135,0.2262,0.2326,0.4343,4.3240
8600000,256431868,282712,13,6,0,0,365,0.2201,0.4415,0.2353,0.2197,0.2180,0.4579,0.2176,0.2312,0.2219,1.0136,1.0488,0.2259,0.2183,0.2354,0.2387,0.4373,5.8810
8800000,260731473,285482,12,6,0,2,205,0.2255,0.2077,0.2272,0.2224,0.2183,0.2309,0.2098,0.4604,0.2360,0.5106,0.5267,0.2299,0.4417,0.2196,0.2342,0.4431,4.8441
9000000,264939522,288267,11,6,2,2,75,0.2282,0.4427,0.2442,0.4456,0.4448,0.2296,0.4359,0.2350,0.4711,0.4972,1.0514,0.2306,0.2275,0.2310,0.2265,0.8977,6.5389
9200000,269152480,290649,9,6,1,0,2,0.2283,0.2253,0.2346,0.2281,0.2220,0.2311,0.2223,0.2349,0.2365,0.5093,0.5284,0.2311,0.2200,0.2349,0.2398,1.3380,5.3646
9400000,273276829,293251,13,6,0,0,53,0.2289,0.2233,0.2365,0.4503,0.2246,0.2348,0.2229,0.2379,0.2335,0.5222,0.5400,0.2304,0.2328,0.2359,0.2361,1.7963,6.0863
9600000,277482734,295724,13,7,4,4,106,0.2259,0.2175,0.2407,0.2219,0.2258,0.2369,0.2294,0.2347,0.2330,0.5114,0.5320,0.2329,0.2287,0.2376,0.2361,0.4567,4.5012
9800000,281862263,298287,11,6,0,0,5,0.2268,0.2255,0.2428,0.2229,0.2263,0.2459,0.2139,0.2357,0.2395,0.5183,0.5383,0.2320,0.2326,0.2316,0.2417,0.4596,4.5335
10000000,285792660,300528,10,6,0,0,1,0.4759,0.4678,0.2451,0.4661,0.2374,0.5011,0.4581,0.2408,0.4985,0.5358,1.1289,0.2340,0.2338,0.4847,0.2470,0.9535,7.4084
10200000,290040672,302754,9,6,0,0,7,0.2274,0.6685,0.4732,0.6609,0.2284,0.7129,0.6566,0.2386,0.2438,1.0356,1.6139,0.4571,0.4439,0.2331,0.4719,0.4656,8.8311
10400000,293655716,304844,7,6,1,1,1,0.2419,0.2362,0.2547,0.2352,0.2338,0.2458,0.2323,0.5032,0.2445,1.6255,2.2474,0.2430,0.2437,0.4859,0.2822,0.9573,8.5125
10600000,297687019,307027,9,4,0,0,1,0.2347,0.2374,0.2470,0.2291,0.2311,0.2407,0.2291,0.2388,0.2491,0.5298,0.5493,0.2413,0.2346,0.2398,0.2590,0.4733,4.6640
10800000,301495445,309032,11,7,0,5,10,0.4749,0.2400,0.2446,0.4668,0.4700,0.4902,0.2305,0.4932,0.2417,1.0934,1.1301,0.2349,0.2390,0.2294,0.2502,0.4745,7.0034
11000000,305297707,310894,13,8,0,7,15,0.2362,0.2299,0.2486,0.2285,0.2389,0.7338,0.2266,0.2457,0.2427,1.6107,1.6660,0.4811,0.4745,0.2430,0.2528,0.4801,7.8390
11200000,309080383,312612,12,8,2,6,21,0.1201,0.1192,0.1203,0.1159,0.1145,0.1244,0.1151,0.1189,0.1192,1.0656,1.1035,0.1208,0.1182,0.1199,0.2496,0.2372,4.0824
11400000,312651975,314552,13,9,0,1,9,0.2408,0.2416,0.4949,0.4672,0.2390,0.4911,0.4666,0.4848,0.2541,0.5500,0.5691,0.4812,0.2431,0.2447,0.7511,0.9515,7.1706
11600000,316298235,316472,9,9,1,5,14,0.2429,0.2357,0.2496,0.2318,0.2331,0.7333,0.2308,0.2532,0.2487,0.5363,0.5560,0.2422,0.2468,0.4863,0.2505,1.4314,6.4086
11800000,319919696,318150,9,9,0,1,13,0.2414,0.2374,0.2620,0.2374,0.2344,0.2488,0.2291,0.2497,0.2567,1.0837,1.1218,0.2487,0.2477,0.2525,0.2613,1.9302,7.3429
12000000,323734988,319786,10,9,0,1,9,0.2376,0.2406,0.2569,0.2324,0.4642,0.2452,0.4609,0.4947,0.2400,1.5950,1.6523,0.2392,0.2410,0.2423,0.2422,2.3920,9.4763
12200000,327363906,321439,7,9,0,1,9,0.2454,0.2295,0.2536,0.2381,0.2322,0.5003,0.6996,0.7442,0.4866,0.5392,0.5590,0.4842,0.4775,0.2484,0.4956,0.4937,6.9270
12400000,330799575,322922,12,6,1,1,155,0.2446,0.2561,0.5207,0.2420,0.2431,0.2606,0.2396,0.2591,0.7506,0.5574,1.1483,0.7437,0.7291,0.2586,0.2702,0.4962,7.2198
12600000,334453436,324571,11,6,2,2,7,0.2445,0.2387,0.2567,0.2322,0.2378,0.2536,0.2336,0.2492,0.2483,0.5561,1.6957,0.2534,0.2413,0.2514,0.2601,0.4971,5.9497
12800000,338113738,326098,11,7,1,1,11,0.2461,0.2427,0.2558,0.2444,0.4793,0.5102,0.4656,0.2520,0.4963,0.5663,2.2586,0.2504,0.2439,0.4961,0.2525,0.9924,8.2527
13000000,341715507,327485,11,7,1,2,13,0.2435,0.2343,0.2481,0.2330,0.7265,0.2531,0.2282,0.2495,0.2474,0.5460,0.5650,0.2460,0.2453,0.2413,0.2427,1.5097,6.2595
13200000,345115634,328855,14,8,0,2,6,0.2470,0.4841,0.2598,0.2415,0.9516,0.2602,0.2395,0.2606,0.2597,0.5610,0.5805,0.5003,0.4842,0.2617,0.4995,0.5076,6.5990
13400000,348434501,330258,11,9,1,7,22,0.2465,0.2426,0.5322,0.4968,0.2475,0.2580,0.4871,0.2582,0.5300,1.1591,1.1999,0.7833,0.7556,0.2475,0.2674,0.5080,8.2197
13600000,351836705,331679,11,8,1,1,11,0.4888,0.4750,0.2561,0.2474,0.2418,0.2556,0.7254,0.2618,0.7677,0.5472,0.5656,0.2547,0.9931,0.4970,0.2576,0.5068,7.3415
13800000,355166212,333014,10,7,0,1,7,0.7297,0.7195,0.2598,0.4856,0.2382,0.2503,0.2349,0.5177,0.2638,1.0930,1.1308,0.2568,0.2516,0.7539,0.2656,1.0127,8.4636
14000000,358640622,334440,8,7,1,1,9,0.2433,0.2434,0.2580,0.2390,0.2391,0.5141,0.4850,0.2611,0.5249,0.5318,0.5526,0.2444,0.2402,1.0374,0.2583,1.5571,7.4298
14200000,361969368,335654,7,7,0,0,0,0.1295,0.1300,0.1376,0.1252,0.1247,0.1298,0.1269,0.1388,0.1348,0.3049,0.3144,0.1297,0.1298,0.1326,0.1385,0.2660,2.5933
14400000,365444120,336884,7,7,0,0,6,0.2502,0.2443,0.2581,0.2411,0.2410,0.2511,0.4851,0.5329,0.2521,0.5640,0.5823,0.2579,0.2478,0.2507,0.2643,1.0395,5.9624
14600000,368581198,338093,9,7,0,1,4,0.2531,0.4973,0.2547,0.4967,0.4903,0.2643,0.2437,0.2631,0.2581,1.1419,0.5885,0.2555,0.2616,0.2570,0.2757,0.5184,6.3199
14800000,371710945,339174,9,7,0,1,2,0.5114,0.2496,0.2645,0.2467,0.2495,0.2600,0.2438,0.2622,0.2546,0.5806,0.5994,0.2566,0.5287,0.2544,0.5524,1.0521,6.3663
15000000,374975943,340302,8,7,0,0,0,0.1302,0.1281,0.1360,0.1325,0.1295,0.1312,0.1288,0.1364,0.1300,0.2965,0.3076,0.1333,0.1274,0.1318,0.1418,0.2669,2.5880
15200000,378171119,341415,10,7,0,0,14,0.0845,0.0849,0.0879,0.0819,0.0839,0.0881,0.0841,0.0873,0.0859,0.1940,0.2003,0.0849,0.0837,0.0847,0.0884,0.1747,1.6792
15400000,381524543,342590,11,7,2,0,10,0.4999,0.5008,0.5203,0.4857,0.4914,0.5193,0.2483,0.2679,0.2541,1.1091,1.1475,0.2627,0.4921,0.4982,0.5101,0.5237,8.3311
15600000,384715646,343568,9,7,1,0,1,0.1217,0.1251,0.1284,0.1187,0.1241,0.1257,0.2460,0.2653,0.2617,0.2774,0.2875,0.1284,0.1223,0.3799,0.3935,0.2585,3.3643
15800000,387930448,344760,13,7,0,0,4,0.2498,0.2501,0.2667,0.2411,0.2478,0.2609,0.2474,0.2633,0.2579,0.5922,0.6128,0.2656,0.2539,0.2596,0.2692,0.5281,5.0665
16000000,391263856,345833,18,7,1,2,104,0.5056,0.2425,0.2612,0.2493,0.2481,0.2703,0.2493,0.2628,0.2569,1.1494,1.1881,0.2523,0.2464,0.2579,0.5402,0.5279,6.7083
16200000,394291276,346661,16,7,0,5,87,0.2546,0.2569,0.5285,0.2494,0.2561,0.2694,0.2488,0.2664,0.2558,0.5621,0.5821,0.2603,0.2523,0.2652,0.8299,0.5307,5.8686
16400000,397217874,347719,15,7,0,4,37,0.2566,0.5120,0.8188,0.2518,0.2418,0.5363,0.2460,0.2658,0.2618,1.1645,1.2019,0.2541,0.2523,0.2628,0.2730,1.0827,7.8821
16600000,400005703,348442,20,8,0,3,177,0.2623,0.2644,1.0771,0.2507,0.2561,0.8021,0.4903,0.5317,0.2702,0.5846,0.6040,0.2637,0.2549,0.2670,0.5497,1.6033,8.3321
16800000,402954840,349303,17,8,2,3,183,0.2629,0.2599,0.2733,0.2566,0.2509,0.2636,0.7272,0.2781,0.2639,1.1577,1.1973,0.2548,0.2534,0.2672,0.2686,0.5347,6.7699
17000000,405738472,350175,21,12,4,4,239,0.2571,0.2620,0.2710,0.2550,0.2548,0.2733,0.2548,0.2762,0.2619,1.7626,1.8224,0.5298,0.2593,0.2539,0.2787,0.5374,7.8100
17200000,408674931,351025,22,13,3,2,81,0.5198,0.5194,0.2661,0.2507,0.2550,0.2622,0.2582,0.5414,0.2690,2.3545,2.4328,0.2678,0.2539,0.5186,0.2644,1.0759,10.3097
17400000,411694603,351805,23,14,0,0,12,0.1307,0.1284,0.1368,0.1252,0.1261,0.1351,0.1229,0.1288,0.1295,0.2973,0.3077,0.1293,0.1250,0.1294,0.1385,0.2693,2.5602
17600000,414391969,352533,26,15,1,0,199,0.2669,0.2514,0.2687,0.2514,0.2521,0.2699,0.2506,0.2717,0.5322,1.2021,0.6050,0.5305,0.2546,0.2602,0.5602,0.5399,6.5673
17800000,417307399,353304,28,15,4,3,271,0.2663,0.2673,0.2678,0.2557,0.2561,0.5220,0.2540,0.2803,0.2668,0.5891,0.6082,0.2646,0.2611,0.2613,0.2832,0.5435,5.4472
18000000,420107065,354203,34,15,2,7,286,0.2627,0.2663,0.2733,0.2624,0.2544,0.2691,0.2576,0.2726,0.2672,1.1885,1.2249,0.5467,0.2643,0.2736,0.2840,0.5429,6.7105
18200000,422992812,354920,35,15,0,10,238,0.1374,0.1326,0.1405,0.1308,0.1282,0.1380,0.1304,0.1421,0.1345,0.3078,0.3163,0.1386,0.1330,0.1379,0.1404,0.2765,2.6650
18400000,425769805,355661,37,15,1,10,335,0.2622,0.2571,0.2769,0.2550,0.2553,0.2748,0.2518,0.5628,0.2726,1.2336,1.2717,0.2642,0.2608,0.5599,0.2866,0.5433,7.0884
18600000,428461126,356340,30,15,2,9,98,0.2613,0.2622,0.2750,0.2594,0.5258,0.5457,0.2520,0.8430,0.2645,1.8320,1.8903,0.2650,0.2546,0.2699,0.2732,1.0947,9.3686
18800000,431165495,356950,37,15,0,2,250,0.1343,0.2688,0.1417,0.1315,0.3915,0.1341,0.1281,0.5543,0.2663,0.3129,0.3231,0.1352,0.2636,0.2704,0.1387,0.2764,3.8708
19000000,433855753,357536,29,15,1,3,93,0.2644,0.2676,0.2779,0.2541,0.2652,0.2650,0.5098,0.2775,0.2659,0.6035,0.6219,0.2678,0.2656,0.2698,0.5737,0.5499,5.7994
19200000,436595576,358152,33,15,0,2,46,0.2650,0.2592,0.2669,0.2526,0.2676,0.2653,0.2562,0.2851,0.2795,1.2091,1.2461,0.5334,0.2639,0.2763,0.2776,1.0975,7.3013
19400000,439216667,358772,32,15,1,5,25,0.1365,0.1293,0.1420,0.1311,0.1349,0.1391,0.1293,0.1388,0.2735,0.3081,0.3169,0.4009,0.1348,0.2785,0.1447,0.2757,3.2140
19600000,441810439,359520,28,15,1,1,10,0.2715,0.2650,0.2715,0.2654,0.2586,0.5562,0.2626,0.5559,0.2760,0.6198,0.6397,0.2702,0.5387,0.8304,0.2846,1.1005,7.2665
19800000,444439148,360001,24,17,0,10,33,0.2724,0.5293,0.2750,0.2659,0.2617,0.2806,0.5233,0.8393,0.5477,1.2293,1.2708,0.5404,0.2681,0.2752,0.5666,0.5532,8.4986
20000000,447103915,360710,26,18,1,4,12,0.2724,0.2792,0.2785,0.2588,0.5260,0.5563,0.2633,0.2788,0.2732,0.6145,0.6348,0.2831,0.2730,0.2805,0.2877,0.5545,5.9146
20200000,449790359,361495,30,17,2,3,186,0.5459,0.5520,0.2709,0.5215,0.2652,0.8399,0.2525,0.2726,0.2676,1.2067,1.2469,0.2770,0.5434,0.5614,0.2773,1.1155,9.0163
20400000,452556253,361996,26,18,4,5,273,0.2616,0.2650,0.2725,0.7663,0.2623,0.2680,0.2485,0.2728,0.2743,0.5944,0.6172,0.2732,0.2574,0.2705,0.5681,1.6503,7.1222
20600000,455167079,362582,27,18,2,3,18,0.2685,0.2646,0.2717,0.2571,0.2598,0.5490,0.2612,0.5576,0.2755,0.5986,0.6178,0.2714,0.2773,0.2586,0.2835,2.2365,7.5087
20800000,457864786,363204,27,19,0,5,22,0.1341,0.1313,0.1399,0.1310,0.1321,0.1421,0.1328,0.1381,0.1333,0.3089,0.3192,0.1365,0.1352,0.1345,0.1393,0.2821,2.6703
21000000,460342230,363865,31,21,5,12,69,0.2732,0.2730,0.5649,0.5238,0.2744,0.5572,0.5323,0.5613,0.5523,0.5958,1.2472,0.2788,0.2804,0.5475,0.5706,0.5592,8.1919
21200000,462827165,364379,32,22,4,16,131,0.5442,0.5418,0.8479,0.7928,0.5412,0.8359,0.7916,0.2850,0.2753,1.2191,1.8897,0.5634,0.5445,0.8158,0.8666,0.5603,11.9150
21400000,465418431,364846,27,26,4,14,76,0.7990,0.2635,0.2834,1.0357,0.7946,0.2867,1.0251,0.5532,0.5485,1.7901,2.4676,0.2754,0.2770,1.0756,0.2959,1.1061,12.8771
21600000,467622928,365367,33,28,1,3,107,0.2773,0.2707,0.2939,0.2691,0.2659,0.2756,0.2554,0.2903,0.2722,2.5200,3.2386,0.2782,0.5651,0.2832,0.2955,0.5613,10.2123
21800000,469998285,365824,34,28,5,9,105,0.5487,0.2748,0.2873,0.5275,0.2682,0.2802,0.2675,0.5711,0.2756,3.1474,3.8880,0.5631,0.8302,0.5537,0.2979,0.5610,13.1420
22000000,472499984,366377,34,28,1,4,84,0.1360,0.1343,0.1374,0.1310,0.1310,0.1442,0.1319,0.1389,0.1412,1.8729,0.3147,0.4191,0.1335,0.1397,0.2946,0.2817,4.6822
22200000,474970324,366796,37,31,2,9,253,0.5402,0.2881,0.5608,0.5292,0.2681,0.2810,0.5306,0.5589,0.2859,4.3541,1.2727,0.2686,0.2746,0.2907,0.8784,1.1266,12.3084
22400000,477235061,367082,39,33,0,13,257,0.2710,0.2769,0.8413,0.7962,0.2708,0.2801,0.2643,0.2798,0.2774,0.6127,0.6324,0.2862,0.2647,0.2774,1.1681,1.6862,8.4853
22600000,479548747,367487,39,34,2,4,348,0.2726,0.5426,1.1345,1.0543,0.2701,0.2890,0.2738,0.2893,0.2902,1.2269,1.2642,0.2877,0.5353,0.5570,0.2843,0.5633,9.1351
22800000,481810288,367955,47,34,2,4,304,0.5442,0.2643,0.2864,0.2600,0.5412,0.5776,0.2625,0.2864,0.2836,1.8869,1.9439,0.2804,0.2709,0.2865,0.2846,1.1426,9.4020
23000000,484035028,368248,47,35,0,11,456,0.4090,0.1407,0.2916,0.2666,0.4052,0.1432,0.1326,0.1449,0.2888,0.3092,0.3196,0.2787,0.1447,0.1413,0.1512,0.2852,3.8527
23200000,486308375,368555,48,38,3,13,679,0.2761,0.2831,0.2918,0.2705,0.2830,0.2886,0.2743,0.2953,0.2928,0.6378,0.6604,0.2852,0.2816,0.2855,0.3130,1.1146,6.1336
23400000,488661316,369004,54,39,3,14,581,0.2775,0.2780,0.2840,0.2653,0.2662,0.2838,0.2668,0.2879,0.2786,0.6334,0.6533,0.2791,0.2776,0.2784,0.3020,0.5683,5.4801
23600000,490997393,369443,52,41,4,7,474,0.2787,0.1404,0.2873,0.2681,0.1342,0.1414,0.1296,0.2864,0.1436,0.3027,0.6408,0.2803,0.1324,0.2787,0.2937,0.2836,4.0219
23800000,493139634,369677,54,43,7,11,358,0.8499,0.2734,0.8770,0.8161,0.2783,0.2903,0.2632,0.2883,0.2885,1.2398,1.9514,0.8507,0.2833,0.2761,0.3043,0.5679,9.6984
24000000,495478378,370070,50,44,6,10,298,0.2747,0.2744,0.2826,0.2707,0.2626,0.2949,0.5291,0.2863,0.2856,0.6163,0.6376,0.2871,0.2682,0.2808,0.5835,0.5682,6.0026
24200000,497898319,370567,47,22,3,5,276,0.1352,0.1372,0.1363,0.1315,0.1283,0.1408,0.1246,0.1416,0.1377,0.6286,0.6480,0.1373,0.1350,0.1370,0.1438,0.2842,3.3271
24400000,500030408,370935,50,23,4,12,196,0.2708,0.2758,0.2770,0.2659,0.5268,0.2751,0.2650,0.2804,0.2885,1.8876,1.9449,0.2846,0.2697,0.2855,0.2966,0.5688,8.2628
24600000,502306797,371306,58,24,2,5,204,0.2657,0.2750,0.2874,0.2604,0.2624,0.2807,0.2657,0.2764,0.2867,2.5208,2.5974,0.2769,0.2708,0.2793,0.2890,1.1409,9.8355
24800000,504597811,371513,61,25,8,2,281,0.2718,0.5535,0.5746,0.2665,0.5232,0.5588,0.5237,0.5562,0.5650,3.1190,3.2111,0.5523,0.5422,0.2806,0.2917,0.5685,12.9587
25000000,506814615,371902,68,28,7,5,439,0.5491,0.8225,0.8588,0.2673,0.2603,0.2700,0.2610,0.2927,0.8391,3.7500,0.6560,0.2722,0.2759,0.2816,0.2941,0.5698,10.5201
25200000,509034702,372262,63,28,5,7,265,0.2736,0.2694,0.2824,0.2590,0.2633,0.2786,0.2615,0.2812,0.2837,0.6280,0.6477,0.2783,0.2843,0.2868,0.5865,0.5718,5.7358
25400000,511272672,372681,69,29,12,11,352,0.2776,0.2709,0.2928,0.2720,0.2781,0.2889,0.2745,0.2852,0.2916,0.6285,0.6499,0.2854,0.2719,0.2779,0.3065,0.5710,5.5229
25600000,513422806,373003,70,32,4,6,329,0.5481,0.5425,0.2907,0.5392,0.5468,0.2883,0.5274,0.5716,0.5799,1.2672,1.3072,0.2789,0.5405,0.5560,0.2871,0.5753,9.2465
25800000,515541589,373252,67,36,7,3,392,0.8246,0.8135,0.2822,0.8042,0.2743,0.5754,0.2770,0.8598,0.8590,0.6465,1.9603,0.5605,0.2788,0.2743,0.2978,0.5735,10.1616
26000000,517638386,373681,72,40,14,11,480,0.1401,0.1388,0.1511,0.1348,0.1394,0.1470,0.1362,0.1410,0.1462,0.3256,0.3357,0.1468,0.1434,0.1473,0.1556,0.5752,3.1043
26200000,519727055,374023,78,40,19,7,779,0.2828,0.2795,0.3016,0.5369,0.2776,0.5918,0.5415,0.2972,0.5760,1.2847,1.3234,0.5829,0.2860,0.5754,0.3112,0.5764,8.6249
26400000,521751480,374334,82,40,6,8,609,0.2820,0.5528,0.5931,0.2702,0.2804,0.8778,0.2661,0.5915,0.8578,1.9280,0.6724,0.8677,0.5723,0.2959,0.6184,0.5767,10.1033
26600000,523843330,374555,81,40,9,6,688,0.5728,0.8575,0.2918,0.2801,0.5636,0.2849,0.5503,0.9168,0.2821,0.6329,0.6525,1.1916,0.2764,0.5873,0.2947,1.1781,9.4134
26800000,525888325,374771,82,43,10,9,574,0.2779,1.1302,0.2981,0.2730,0.2808,0.3027,0.2667,0.2977,0.2893,1.2664,1.3041,0.2893,0.2874,0.2854,0.3041,1.7365,8.8896
27000000,527787999,375038,87,43,11,5,514,0.1366,0.1368,0.1413,0.1316,0.1328,0.1412,0.1374,0.1425,0.1434,0.3101,0.3217,0.1431,0.1386,0.1403,0.1523,0.2804,2.7301
27200000,529683187,375471,85,46,12,9,613,0.2818,0.2839,0.5800,0.2802,0.2787,0.5815,0.2806,0.2982,0.2972,0.6791,1.3270,0.2930,0.2916,0.2976,0.6015,0.5806,7.2325
27400000,531497700,375692,81,50,12,3,610,0.5629,0.5729,0.8756,0.2814,0.5652,0.2855,0.2758,0.6022,0.5884,1.3448,2.0064,0.5854,0.5823,0.5863,0.3184,0.5797,10.6131
27600000,533474159,375846,82,53,6,3,176,0.2820,0.2789,0.2959,0.2690,0.2656,0.2821,0.2713,0.2845,0.2943,0.6379,0.6566,0.2830,0.2786,0.2843,0.3017,0.5752,5.5409
27800000,535503658,376100,87,54,14,3,165,0.2789,0.2766,0.2968,0.2839,0.2776,0.2943,0.2643,0.2913,0.2862,0.6315,0.6495,0.2921,0.2814,0.2858,0.3061,0.5781,5.5744
28000000,537255903,376233,88,56,16,5,318,0.2861,0.2905,0.2839,0.5615,0.2763,0.5886,0.2852,0.3100,0.2985,0.6925,0.7129,0.5979,0.5704,0.5717,0.6173,0.5808,7.5241
28200000,539389280,376621,84,58,15,6,145,0.2779,0.2746,0.2957,0.2694,0.2683,0.2870,0.2682,0.2911,0.2832,0.6207,0.6407,0.2823,0.2735,0.2762,0.2881,1.1393,6.0363
28400000,541493900,377048,72,60,9,3,783,0.5610,0.2725,0.2857,0.2733,0.2693,0.2913,0.5474,0.5842,0.5732,1.2669,0.6462,0.2771,0.5562,0.5685,0.2983,0.5782,7.8493
28600000,543290921,377252,70,62,7,3,108,0.8198,0.5450,0.5697,0.2797,0.2832,0.3012,0.2750,0.3052,0.8360,0.6847,0.7042,0.3011,0.2892,0.8375,0.3093,1.1323,8.4730
28800000,545174889,377402,65,63,6,6,124,1.1387,0.8445,0.2954,0.5590,0.2775,0.6037,0.2707,0.3012,0.2911,1.3859,1.4211,0.5954,0.5771,0.2920,0.3146,1.7566,10.9242
29000000,547027243,377640,58,64,6,3,150,0.2769,0.2833,0.3003,0.2699,0.2795,0.2886,0.2741,0.2962,0.2992,0.6691,0.6859,0.2947,0.2803,0.2917,0.3117,2.3594,7.4608
29200000,548731820,377795,60,51,6,2,184,0.2807,0.2827,0.2979,0.2735,0.2833,0.2949,0.5667,0.2979,0.2933,0.6740,0.6877,0.2926,0.2772,0.5857,0.3148,2.9720,8.6746
29400000,550594569,377935,71,60,6,9,772,0.2822,0.2774,0.2881,0.2740,0.5529,0.2948,0.2743,0.2956,0.5660,0.6487,0.6663,0.2849,0.5506,0.8519,0.6138,0.5803,7.3018
29600000,552330789,378105,73,61,5,10,1017,0.5641,0.2831,0.2998,0.2803,0.8396,0.5942,0.2787,0.3033,0.8701,0.6619,1.3623,0.5825,0.2908,0.2916,0.3103,0.5822,8.3948
29800000,554198696,378209,86,64,10,13,659,0.2784,0.2783,0.2989,0.2764,0.2787,0.8832,0.2778,0.5816,1.1566,0.6470,0.6670,0.2971,0.5741,0.2903,0.6115,0.5825,7.9792
30000000,556328028,378552,82,66,8,8,1008,0.1397,0.1414,0.1552,0.1386,0.1372,0.1444,0.2713,0.1546,0.1404,0.6374,0.6569,0.1438,0.1398,0.1414,0.1502,0.2925,3.5847
30200000,558093580,378788,83,65,6,16,746,0.2795,0.2859,0.2942,0.2734,0.5616,0.5938,0.2721,0.3044,0.2947,0.6723,0.6934,0.5989,0.2833,0.2918,0.6182,0.5837,6.9011
30400000,559922408,379003,82,67,9,16,507,0.2841,0.2853,0.5768,0.2760,0.8170,0.8699,0.5422,0.2943,0.2942,0.6595,0.6784,0.8685,0.2854,0.2886,0.3072,0.5859,7.9132
30600000,561764253,379244,71,68,11,16,369,0.2803,0.2867,0.3008,0.5515,1.1121,0.2913,0.2783,0.2899,0.2912,0.6694,0.6914,1.1690,0.2819,0.2948,0.6205,0.5841,7.9931
30800000,563515364,379333,73,71,3,16,360,0.1432,0.1455,0.1527,0.1351,0.1358,0.1506,0.1385,0.1550,0.1493,0.6637,0.6843,0.1433,0.2842,0.1467,0.1640,0.2956,3.6874
31000000,565221214,379289,69,73,5,14,276,0.2819,0.2779,0.2987,0.2723,0.2801,0.2965,0.2604,0.3009,0.2901,1.9673,2.0274,0.2908,0.2861,0.2967,0.6257,0.5842,8.6369
31200000,566890592,379549,79,76,3,14,253,0.1412,0.1375,0.3002,0.1345,0.2788,0.3007,0.1348,0.1483,0.1519,0.3422,1.3744,0.1433,0.1436,0.1431,0.1531,0.2896,4.3173
31400000,568555766,379756,82,76,5,18,589,0.2791,0.2777,0.9273,0.2748,0.2816,0.2927,0.2922,0.5989,0.2997,1.3759,3.5197,0.2953,0.3010,0.2927,0.6383,0.5843,10.5313
31600000,570296885,379875,82,77,12,14,632,0.2891,0.2855,0.3051,0.5510,0.2697,0.5780,0.5656,0.8843,0.2956,2.0464,4.1560,0.5823,0.5764,0.2878,0.3109,0.5866,12.5704
31800000,572047431,380034,91,79,11,21,456,0.5708,0.2836,0.2930,0.2714,0.2837,0.8629,0.8398,0.3018,0.2962,2.7130,4.8291,0.8797,0.8639,0.5786,0.2974,0.5867,14.7515
32000000,573857266,380147,91,81,8,15,354,0.8499,0.2835,0.3053,0.2785,0.5586,1.1513,0.2694,0.3062,0.5903,3.3421,5.4616,0.2969,1.1461,0.2998,0.3081,0.5864,16.0340
32200000,575645929,380414,96,83,9,22,902,0.2830,0.2807,0.2968,0.2830,0.8345,0.2954,0.2760,0.6109,0.3026,4.0183,6.1750,0.3011,0.2882,0.2947,0.3053,0.5858,15.4314
32400000,577290799,380601,97,85,21,20,754,0.5680,0.2917,0.3025,0.2801,0.2855,0.5910,0.2640,0.9064,0.6015,4.6607,0.7101,0.3013,0.5617,0.2949,0.3142,1.1673,12.1009
32600000,578954924,380815,106,58,17,18,916,0.2822,0.2817,0.2917,0.5617,0.2872,0.3115,0.2747,0.2968,0.9007,0.6624,0.6837,0.2930,0.2988,0.2857,0.3178,1.7728,7.8023
32800000,580511641,381115,102,58,8,22,749,0.2784,0.2824,0.3099,0.2851,0.2766,0.3087,0.2890,0.3092,1.2005,1.3907,1.4319,0.3024,0.2794,0.3002,0.3211,2.3873,9.9527
33000000,582164977,381114,101,72,5,15,619,0.1444,0.1404,0.1512,0.1382,0.1411,0.1472,0.1406,0.1466,0.1455,0.3289,0.3383,0.1435,0.1421,0.1450,0.1540,0.2901,2.8371
33200000,583680176,381242,106,74,15,23,1048,0.2872,0.5857,0.3055,0.2868,0.2839,0.3027,0.2833,0.6026,0.3046,0.6771,0.6988,0.2992,0.2860,0.5857,0.3235,0.5884,6.7008
33400000,585280837,381399,103,74,18,16,1358,0.2897,0.2840,0.2951,0.5587,0.2910,0.5906,0.5550,0.2957,0.5856,0.6785,1.3619,0.5747,0.2817,0.3049,0.3189,0.5885,7.8547
33600000,586914673,381565,104,84,11,13,1108,0.2850,0.2983,0.3100,0.2843,0.2882,0.3046,0.2797,0.2898,0.2943,0.6858,0.7011,0.3049,0.2858,0.2944,0.3205,0.5911,5.8180
33800000,588551042,381735,111,57,18,13,1153,0.5710,0.5993,0.3033,0.5802,0.5771,0.2932,0.2793,0.5871,0.6010,1.3675,0.6988,0.6037,0.5829,0.5867,0.3265,0.5903,9.1477
34000000,590103938,381825,108,53,6,19,697,0.2875,0.8892,0.2946,0.2741,0.2754,0.5943,0.2900,0.2997,0.3043,0.6754,0.6958,0.2932,0.2922,0.2990,0.6484,1.1945,7.6077
34200000,591730411,381878,99,53,7,22,645,0.5732,0.2897,0.2879,0.2913,0.2877,0.8909,0.2868,0.3043,0.2952,0.6769,0.6943,0.2992,0.2811,0.3018,0.3138,0.5904,6.6645
34400000,593266188,382010,94,55,8,28,520,0.1434,0.2898,0.2995,0.1423,0.1408,0.5924,0.1412,0.1499,0.1521,0.3465,0.3558,0.1484,0.1479,0.1486,0.3198,0.2957,3.8139
34600000,594618689,382167,86,50,18,25,763,0.2901,0.8690,0.3124,0.5651,0.5709,1.4683,0.2817,0.6110,0.3079,0.7021,0.7238,0.5962,0.5980,0.5939,0.3298,1.1736,9.9938
34800000,596096421,382400,80,50,6,8,334,0.2846,0.2977,0.3132,0.2821,0.2857,0.3022,0.2826,0.3040,0.3040,0.7006,0.7161,0.2963,0.9033,0.2985,0.3158,1.8013,7.6881
35000000,597821290,382560,80,72,9,17,247,0.2836,0.2888,0.2912,0.2747,0.2828,0.2997,0.2745,0.6022,0.3007,1.3426,0.6779,0.3020,0.2915,0.3029,0.3063,0.5884,6.7099
35200000,599209848,382687,77,75,7,16,288,0.1400,0.1440,0.2956,0.1359,0.1369,0.1478,0.1371,0.4602,0.1474,1.0289,0.6956,0.1519,0.2906,0.1466,0.1615,0.2873,4.5072
35400000,600735660,382818,81,77,8,21,226,0.2878,0.3009,0.2999,0.2803,0.5476,0.5878,0.5594,0.3072,0.5874,2.6640,2.0386,0.3067,0.3049,0.2976,0.3068,0.5916,10.2682
35600000,602108866,382926,89,77,17,12,434,0.1421,0.1457,0.3044,0.1370,0.4184,0.4511,0.1400,0.3034,0.1414,1.7102,1.3992,0.1458,0.1461,0.1502,0.3138,0.2887,6.3377
35800000,603418737,383056,89,77,12,14,584,0.5714,0.3038,0.9129,0.5623,0.2921,0.3130,0.5636,0.9224,0.3163,4.0935,3.4954,0.3034,0.5765,0.2976,0.3302,0.5939,14.4481
36000000,605050843,383146,95,81,12,11,425,0.1463,0.1465,0.1556,0.1407,0.1458,0.1549,0.1398,0.1473,0.1475,0.3432,0.3537,0.1545,0.1467,0.1515,0.1631,0.2987,2.9359
36200000,606585453,383300,101,82,11,13,275,0.5797,0.5927,0.6169,0.2797,0.2843,0.6144,0.2726,0.6024,0.3183,1.3776,1.4164,0.6126,0.2915,0.2889,0.3115,0.5937,9.0532
36400000,607849627,383236,93,83,14,4,502,0.2921,0.2912,0.3070,0.2809,0.2847,0.3101,0.2893,0.3054,0.3194,0.7201,0.7384,0.3054,0.3010,0.2956,0.3350,1.1978,6.5734
36600000,609532951,383470,81,84,7,9,364,0.2851,0.2908,0.3047,0.5511,0.2805,0.3070,0.5672,0.3130,0.2946,0.6708,0.6895,0.2917,0.5938,0.5888,0.3151,0.5915,6.9349
36800000,611084658,383705,70,84,1,12,362,0.5744,0.5697,0.3067,0.2863,0.5570,0.3020,0.8220,0.6137,0.5901,1.3207,1.3581,0.3030,0.2854,0.8779,0.3211,1.1737,10.2618
37000000,612362561,383879,76,84,8,4,218,0.8979,0.2909,0.3209,0.5841,0.8875,0.3026,1.1505,0.9575,0.9278,2.0801,2.1375,0.6212,0.5949,1.2356,0.3311,0.5948,13.9150
37200000,613699838,384111,76,84,7,8,324,0.2867,0.5802,0.3136,0.2801,0.2811,0.3008,0.2810,1.2337,0.3059,2.6967,0.6985,0.9086,0.2918,0.2937,0.3287,1.1700,10.2510
37400000,615024678,384044,76,84,5,7,249,0.2892,0.2980,0.3132,0.2914,0.2889,0.3039,0.2796,1.5773,0.6229,3.4839,1.4481,0.3022,0.3022,0.6081,0.3196,0.5928,11.3213
37600000,616446919,384125,75,84,10,10,196,0.2940,0.2829,0.2978,0.5672,0.2917,0.3027,0.2808,0.2994,0.3065,0.6859,0.7045,0.3039,0.2930,0.2919,0.3275,0.5922,6.1219
37800000,617828590,384434,85,84,19,13,938,0.2918,0.5805,0.6074,0.8517,0.5845,0.5990,0.5600,0.6106,0.3095,0.6639,0.6816,0.3109,0.5896,0.6039,0.6387,0.5955,9.0790
38000000,619346893,384550,85,84,9,8,196,0.2881,0.2849,0.9041,0.2856,0.2832,0.3022,0.2816,0.9052,0.2985,0.6943,1.3858,0.3076,0.8706,0.9028,0.3164,1.1812,9.4920
38200000,620663260,384531,89,84,15,7,572,0.1444,0.1392,0.1483,0.1432,0.1475,0.1519,0.1435,0.1541,0.1509,0.3556,0.3646,0.1498,0.1471,0.1524,0.1606,0.2941,2.9473
38400000,622019264,384732,90,63,15,7,166,0.2962,0.3034,0.3146,0.2822,0.3008,0.3115,0.5646,0.6146,0.5817,1.3636,0.7026,0.5968,0.5820,0.2957,0.6317,0.5944,8.3363
38600000,623298193,384690,92,63,14,8,646,0.2981,0.2913,0.3122,0.2990,0.2958,0.3254,0.3027,0.2967,0.3010,2.0727,1.4314,0.3040,0.2985,0.3165,0.3152,1.1977,8.6582
38800000,624763161,384813,94,63,10,7,183,0.2881,0.2928,0.3097,0.2921,0.2898,0.3082,0.5915,0.3038,0.2957,2.8094,2.1699,0.3076,0.2957,0.3036,0.3329,0.5919,9.7826
39000000,626100839,384755,96,63,7,8,481,0.3006,0.2928,0.3018,0.2907,0.2826,0.3111,0.2838,0.3086,0.3044,0.7015,0.7169,0.2919,0.2961,0.3065,0.3130,1.1650,6.4671
39200000,627402453,384919,87,53,5,12,168,0.2888,0.6062,0.3049,0.5960,0.3019,0.6255,0.2871,0.6264,0.6195,0.6941,1.4546,0.6041,0.2841,0.3067,0.3181,1.7997,9.7177
39400000,628844241,385064,91,53,11,6,329,0.2845,0.8920,0.3214,0.2836,0.5906,0.2957,0.2919,0.3117,0.3162,0.7125,0.7331,0.2890,0.2945,0.3047,0.6356,0.5944,7.1513
39600000,630064634,385254,96,53,14,5,442,0.2965,0.2937,0.3042,0.2928,0.2987,0.3132,0.2855,0.3071,0.2982,0.7058,0.7262,0.3132,0.3075,0.3048,0.3294,0.5969,5.9739
39800000,631213160,385358,109,53,9,5,345,0.2954,0.2973,0.3105,0.5860,0.5960,0.3158,0.5789,0.6206,0.3094,1.4520,1.4905,0.3047,0.2889,0.6242,0.3227,1.2105,9.6036
40000000,632477076,385274,105,53,8,11,130,0.2968,0.2976,0.3002,0.2839,0.8885,0.3115,0.8922,0.3120,0.6068,0.7150,0.7358,0.6084,0.3011,0.9430,0.3233,0.5950,8.4113
40200000,633799068,385466,95,53,13,9,82,0.2898,0.2979,0.3164,0.2805,0.2817,0.3031,0.2780,0.3143,0.3211,1.4113,1.4557,0.3001,0.3089,0.2983,0.3218,1.1853,7.9639
40400000,635097343,385435,97,53,14,6,181,0.1475,0.1490,0.1535,0.1416,0.1438,0.1573,0.1462,0.1513,0.1531,1.0471,1.0798,0.1552,0.1571,0.1530,0.3205,0.2999,4.5557
40600000,636415202,385540,105,57,10,15,443,0.2993,0.2972,0.6206,0.2811,0.5671,0.6259,0.5810,0.3134,0.6059,2.7598,2.8427,0.6028,0.6001,0.6134,0.3261,0.5976,12.5340
40800000,637565506,385673,102,58,10,10,148,0.2934,0.5979,0.3079,0.2900,0.8586,0.3102,0.2915,0.3197,0.3046,3.4424,3.5473,0.9042,0.3070,0.9242,0.6562,0.5997,13.9547
41000000,638904899,385917,103,84,18,12,125,0.2926,0.9135,0.3130,0.5880,0.2920,0.6275,0.2889,0.3146,0.3141,0.7047,0.7219,0.3117,0.3128,0.3112,1.0056,1.2209,8.5331
41200000,639987193,385968,110,84,15,11,295,0.2982,0.3033,0.3166,0.2903,0.2901,0.3159,0.2978,0.6118,0.3130,0.7116,0.7287,0.3146,0.3173,0.3012,1.3235,0.5993,7.3332
41400000,641185821,386075,113,84,18,19,260,0.2993,0.2955,0.3101,0.2897,0.2915,0.3179,0.3009,0.3107,0.6273,0.7052,0.7268,0.3087,0.3081,0.3096,0.3284,0.5993,6.3289
41600000,642260586,386113,114,85,23,22,318,0.3010,0.3076,0.3220,0.3039,0.3046,0.3115,0.2943,0.3177,0.3215,0.7133,0.7326,0.3068,0.2980,0.3112,0.3370,0.6004,6.0835
41800000,643507437,386262,115,85,21,14,1012,0.6096,0.3150,0.3110,0.2926,0.2944,0.3029,0.2905,0.3185,0.3097,1.4231,1.4617,0.3029,0.3038,0.6238,0.3425,0.5984,8.1003
42000000,644596396,386143,112,62,21,20,683,0.3013,0.2905,0.3149,0.3024,0.2983,0.3229,0.2935,0.3211,0.3150,0.7401,0.7586,0.3269,0.3064,0.3204,0.3320,0.6032,6.1476
42200000,645699410,386271,110,62,18,12,411,0.2979,0.6014,0.6448,0.2944,0.2921,0.6408,0.2847,0.6451,0.6269,1.4936,0.7436,0.3202,0.3052,0.3032,0.3304,1.2233,9.0476
42400000,646898906,386204,107,76,16,7,207,0.5802,0.2952,0.9362,0.5696,0.5674,0.9138,0.5623,0.9056,0.3056,2.0964,1.4045,0.6109,0.5906,0.3045,0.6391,1.7627,13.0445
42600000,648158788,386288,99,77,18,9,302,0.2892,0.3090,0.3047,0.2809,0.2979,0.2977,0.2819,0.3122,0.3010,0.7103,0.7274,0.3081,0.2977,0.3037,0.3269,0.6010,5.9495
42800000,649202523,386358,98,77,11,6,171,0.2914,0.2982,0.3100,0.3011,0.2986,0.3244,0.2970,0.3186,0.2984,1.4421,1.4807,0.6351,0.3091,0.6287,0.3366,0.6004,8.1704
43000000,650228671,386328,93,77,21,5,279,0.6028,0.2986,0.3153,0.2897,0.3006,0.3122,0.3015,0.6413,0.3123,0.6968,2.2415,0.9606,0.6280,0.9609,0.6764,0.6018,10.1400
43200000,651278947,386329,90,77,11,9,314,0.1528,0.1526,0.1621,0.1505,0.1566,0.1632,0.1423,0.4797,0.1570,0.3591,0.3686,0.1567,0.1570,0.1584,0.1704,0.3059,3.3927
43400000,652644134,386556,90,77,19,6,274,0.6056,0.3053,0.3186,0.5991,0.2958,0.6382,0.2978,1.2701,0.6185,0.6669,0.6875,0.3053,0.6138,0.6222,0.6549,0.5966,9.0963
43600000,653724530,386658,90,77,14,5,186,0.2936,0.2902,0.6295,0.2922,0.2907,0.9426,0.3040,0.3045,0.3018,1.3713,1.4075,0.6128,0.9164,0.3057,0.9601,0.6000,9.8228
43800000,655115653,386788,91,77,20,8,579,0.5874,0.5758,0.9382,0.2886,0.5791,1.2397,0.2823,0.6052,0.6076,2.0432,2.0977,0.2911,0.2850,0.3172,1.2762,0.5962,12.6106
44000000,656514628,387030,95,77,22,8,291,0.2986,0.2845,0.3189,0.2815,0.2880,1.5814,0.2819,0.3104,0.3049,0.6901,0.7100,0.3066,0.3106,0.3040,0.3231,1.2114,7.8058
44200000,657437765,386994,103,77,20,11,248,0.3004,0.3115,0.3150,0.2957,0.2980,0.3162,0.3007,0.3228,0.3075,0.7422,0.7591,0.3253,0.3007,0.3157,0.3274,0.6041,6.1424
44400000,658391373,387119,107,77,17,13,272,0.3031,0.2901,0.3101,0.2941,0.2923,0.3156,0.2845,0.3141,0.3162,0.7194,0.7391,0.3123,0.2959,0.3143,0.3301,0.5994,6.0306
44600000,659434211,387127,109,77,20,16,410,0.2994,0.5720,0.3206,0.2827,0.2947,0.6154,0.5519,0.3145,0.6087,1.3805,0.7145,0.2987,0.2958,0.3133,0.6356,0.6021,8.1003
44800000,660491245,387170,113,77,27,4,449,0.2896,0.8919,0.6533,0.5859,0.6073,0.3081,0.2946,0.3161,0.9497,2.1559,1.4796,0.6181,0.5979,0.6482,0.3308,1.2287,11.9555
45000000,661838180,387284,121,77,31,16,599,0.2954,0.2942,0.2930,0.2801,0.2879,0.3060,0.2788,0.3151,0.3105,0.6804,0.6964,0.3062,0.2874,0.3013,0.3218,0.5974,5.8518
45200000,662865372,387217,127,77,19,13,367,0.3003,0.2956,0.3097,0.5709,0.2981,0.3117,0.2858,0.3315,0.3180,0.7470,0.7645,0.3177,0.2998,0.3078,0.6594,0.6010,6.7188
45400000,663945455,387198,115,77,18,12,326,0.3064,0.6036,0.6333,0.2969,0.3003,0.6354,0.2987,0.6596,0.6397,0.7027,0.7209,0.3128,0.6191,0.6219,1.0061,0.6020,8.9594
45600000,664993617,387259,120,77,10,8,279,0.2971,0.2914,0.9412,0.2904,0.2900,0.3145,0.2884,0.3045,0.3080,0.7111,0.7279,0.3156,0.3036,0.3139,0.3258,1.2005,7.2239
45800000,666031396,387277,112,77,15,10,287,0.5942,0.3005,0.3160,0.2967,0.2940,0.3094,0.2902,0.3163,0.3149,0.7271,0.7446,0.6186,0.3044,0.6242,0.3395,1.7902,8.1806
46000000,667193895,387323,107,77,17,7,811,0.2956,0.2918,0.3111,0.2966,0.5941,0.3195,0.2951,0.3116,0.6223,1.4777,1.5185,0.3063,0.2981,0.9585,0.6752,2.4523,11.0242
46200000,668295182,387507,105,77,16,6,641,0.2962,0.2887,0.3128,0.2923,0.8712,0.6249,0.2903,0.3172,0.3122,0.7113,0.7287,0.3049,0.3011,0.3066,0.3331,3.0007,9.2921
46400000,669004703,387385,97,77,8,7,133,0.3056,0.3126,0.3216,0.2908,0.3013,0.3379,0.2948,0.3306,0.3061,0.7357,0.7529,0.3128,0.3028,0.3279,0.6650,0.6024,6.5006
46600000,670185683,387379,95,77,8,6,96,0.1510,0.1460,0.3193,0.1432,0.1452,0.1526,0.2913,0.3223,0.3034,0.7192,0.7369,0.3083,0.2933,0.3230,0.1536,0.2996,4.8081
46800000,671238221,387360,89,77,14,10,217,0.2988,0.2996,0.3174,0.2907,0.5698,0.3094,0.2975,0.3055,0.3092,0.7135,0.7287,0.9023,0.8631,0.3089,0.3258,0.6004,7.4407
47000000,672263977,387364,86,77,11,2,131,0.3061,0.3056,0.3226,0.2913,0.2904,0.3166,0.2893,0.3168,0.3169,0.7488,0.7664,0.3128,0.2889,0.2950,0.3401,1.2326,6.7401
47200000,673250819,387304,94,77,8,5,464,0.5950,0.6081,0.3155,0.2889,0.2923,0.6419,0.5877,0.3210,0.6348,0.7229,0.7431,0.3085,0.2968,0.3139,0.3299,0.6009,7.6013
47400000,674458223,387376,92,77,10,8,616,0.2839,0.8870,0.6228,0.2788,0.2877,0.9424,0.8592,0.3159,0.3059,1.4399,1.4849,0.3007,0.2979,0.2924,0.6558,0.5977,9.8527
47600000,675314077,387357,96,77,8,11,605,0.2905,0.3144,0.3153,0.2901,0.2892,0.3148,0.2930,0.3229,0.6253,2.1420,2.2058,0.6010,0.3105,0.5994,0.9800,1.1918,11.0860
47800000,676449328,387507,102,77,18,9,210,0.2946,0.6113,0.3069,0.2941,0.5773,0.6175,0.2865,0.3154,0.3024,0.7191,2.9363,0.8973,0.2931,0.3127,1.3060,0.5983,10.6689
48000000,677500908,387752,114,77,12,16,922,0.2935,0.9319,0.6238,0.5954,0.8936,0.3070,0.5780,0.6340,0.3104,0.6969,3.7717,0.3064,0.3074,0.6271,1.6792,1.2198,13.7759
48200000,678640071,387826,121,77,20,10,487,0.2997,1.1807,0.3046,0.2941,1.1301,0.5958,0.8324,0.9077,0.5899,0.7259,0.7431,0.3094,0.5983,0.3149,0.3169,0.6019,9.7454
48400000,679534122,387898,133,77,20,22,598,0.3008,0.2957,0.6332,0.3032,0.3012,0.3129,0.2808,0.3294,0.9175,1.4850,1.5190,0.3045,0.3115,0.3190,0.3356,0.6024,8.5518
48600000,680567906,387976,138,77,17,15,640,0.2937,0.2934,0.3126,0.2952,0.2949,0.3330,0.2945,0.3195,0.3076,0.7104,0.7245,0.3096,0.3026,0.3250,0.3236,0.6034,6.0437
48800000,681604711,388101,139,77,22,7,568,0.5836,0.5964,0.3159,0.5801,0.2985,0.3104,0.5729,0.6202,0.3176,0.7292,1.4424,0.3018,0.5984,0.6277,0.3309,0.6048,8.8309
49000000,682656894,388135,134,77,21,12,521,0.9174,0.9290,0.6408,0.2971,0.6107,0.6294,0.3006,0.9748,0.6472,1.4738,2.2365,0.6265,0.9315,0.9775,0.3295,0.6003,13.1224
49200000,683832535,388298,128,77,18,13,633,0.1518,0.1498,0.1579,0.1525,0.1502,0.1575,0.1429,0.1599,0.1575,1.0932,1.4841,0.1490,0.1540,0.1558,0.1645,0.3029,4.8835
49400000,684624872,388390,134,62,23,17,441,0.3008,0.5897,0.3112,0.2910,0.3022,0.3232,0.2942,0.3306,0.3146,2.8909,3.6741,0.3138,0.2949,0.3110,0.6520,0.6031,11.7970
49600000,685529089,388369,144,62,20,11,685,0.2973,0.3069,0.3221,0.5845,0.2999,0.3143,0.2888,0.3105,0.3173,0.7225,0.7414,0.3226,0.2999,0.6180,0.9804,1.1945,7.9208
49800000,686441839,388493,141,62,21,9,525,0.2974,0.6169,0.3045,0.8809,0.3050,0.3087,0.2916,0.6288,0.6286,1.4329,0.7281,0.6326,0.2966,0.3056,1.3080,0.5991,9.5653
50000000,687455247,388717,140,62,16,10,435,0.2982,0.9068,0.3139,0.2902,0.3027,0.3224,0.5834,0.3269,0.9350,2.1356,0.7234,0.3196,0.2971,0.3067,0.3453,0.6027,9.0100
50200000,688196751,388675,137,62,19,10,485,0.2983,0.3120,0.3265,0.2898,0.3097,0.3171,0.2922,0.3234,0.3121,0.7482,0.7659,0.3175,0.3107,0.3137,0.3285,0.6057,6.1710
50400000,688984506,388708,148,62,25,13,624,0.3033,0.3121,0.6649,0.2926,0.2970,0.6397,0.5890,0.6525,0.6505,0.7396,1.5391,0.6441,0.3092,0.3124,0.6706,1.2237,9.8404
50600000,689742011,388737,146,62,28,15,569,0.1524,0.1573,0.1649,0.1530,0.1555,0.1608,0.1483,0.1596,0.4876,0.7387,1.1474,0.1581,0.1554,0.1539,0.1729,0.3023,4.5682
50800000,690763500,388839,141,62,31,14,589,0.2972,0.3030,0.3172,0.2855,0.2940,0.3204,0.2904,0.3255,0.3021,2.1786,3.0065,0.3204,0.3115,0.3189,0.3295,0.6026,9.8033
51000000,691995652,388817,145,62,17,11,750,0.5867,0.2939,0.6267,0.5698,0.2996,0.6355,0.5777,0.6450,0.3009,0.6817,0.6964,0.2990,0.6217,0.6298,0.6453,0.6001,8.7095
51200000,692742133,388765,126,62,28,9,640,0.3029,0.6009,0.3138,0.8757,0.3023,0.9556,0.8805,0.3227,0.6151,1.4339,1.4663,0.3142,0.3066,0.3100,0.3238,0.6025,9.9267
51400000,693713297,388906,129,62,13,7,490,0.2995,0.2979,0.3181,0.3083,0.3006,0.3409,0.2964,0.3175,0.3286,0.7096,0.7272,0.3151,0.2973,0.3130,0.6636,1.1936,7.0271
51600000,694485855,388916,131,62,33,7,1054,0.6231,0.6340,0.3345,0.6128,0.2920,0.6843,0.6009,0.3343,0.6549,0.7476,0.7724,0.3229,0.3176,0.3121,0.3676,0.6044,8.2154
51800000,695186061,388984,127,62,23,13,583,0.9422,0.9555,0.3198,0.3038,0.5912,0.3197,0.9192,0.6782,0.9865,0.7445,0.7609,0.6443,0.6326,0.3035,0.7186,0.6048,10.4251
52000000,696364837,389050,129,62,16,8,586,0.2912,0.2943,0.6210,0.2852,0.8480,0.6165,1.1646,0.3012,1.2491,1.4177,1.4519,0.9048,0.8966,0.3068,0.9926,0.6000,12.2415
52200000,697156639,388985,129,62,17,12,880,0.3014,0.3138,0.3327,0.2989,0.2951,0.3182,0.3114,0.3273,0.3243,0.7336,0.7531,0.3103,0.3100,0.3021,0.3477,0.6028,6.1828
52400000,698138329,389120,134,62,25,10,494,0.3012,0.3069,0.3121,0.2933,0.2911,0.3151,0.2825,0.3120,0.3078,1.4364,1.4743,0.3110,0.2962,0.3094,0.6703,0.6029,7.8222
52600000,698797956,389209,141,63,18,6,774,0.3084,0.6166,0.3309,0.3023,0.5841,0.3112,0.3009,0.3311,0.3276,0.7467,2.2196,0.3218,0.6081,0.6184,0.3520,1.2018,9.4813
Report usecs used: 3687730
That is 3 seconds
Setup usecs used: 0
That is 0 seconds
Seeding usecs used: 4476670
That is 4 seconds
Random usecs used: 24094595
That is 24 seconds
Execute usecs used: 119447992
That is 119 seconds
Cell Splitting usecs used: 10535737
That is 10 seconds
Report usecs used: 2818749
That is 2 seconds
Setup usecs used: 0
That is 0 seconds
Seeding usecs used: 5949355
That is 5 seconds
Random usecs used: 30859834
That is 30 seconds
Execute usecs used: 106670112
That is 106 seconds
Cell Splitting usecs used: 11939984
That is 11 seconds
Report usecs used: 2096292
That is 2 seconds
Setup usecs used: 0
That is 0 seconds
Seeding usecs used: 4614347
That is 4 seconds
Random usecs used: 24031691
That is 24 seconds
Execute usecs used: 120304024
That is 120 seconds
Cell Splitting usecs used: 10736816
That is 10 seconds
Report usecs used: 2084880
That is 2 seconds
Setup usecs used: 0
That is 0 seconds
Seeding usecs used: 4573902
That is 4 seconds
Random usecs used: 23877483
That is 23 seconds
Execute usecs used: 120884245
That is 120 seconds
Cell Splitting usecs used: 10639790
That is 10 seconds
Thread 0 executed 484112577 instructions
Thread 1 executed 483589791 instructions
Thread 2 executed 479188461 instructions
Thread 3 executed 907744967 instructions
Total: 2354635796

real	3m1.396s
user	12m0.216s
sys	0m2.437s
